Run [./cuMemory]
Wait returned: stop signal: trace/breakpoint trap
Tracing PID 6946
mmap(0x0, 0x2000, 0x3 PROT_WRITE|PROT_EXEC, 0x22 MAP_ANON|MAP_COPY, ffffffff, 0x0)
openat(AT_FDCWD, /etc/ld.so.cache, 0x80000)
mmap(0x0, 0x7d8f, 0x1 PROT_EXEC, 0x2 MAP_ANON, 3, 0x0)
openat(AT_FDCWD, /lib/x86_64-linux-gnu/libcuda.so.1, 0x80000)
mmap(0x0, 0x1c5c4a0, 0x1 PROT_EXEC, 0x802 MAP_ANON|MAP_INHERIT, 3, 0x0)
mmap(0x7fb7c90e1000, 0x518000, 0x5 PROT_EXEC|PROT_READ, 0x812 MAP_ANON|MAP_SHARED|MAP_INHERIT, 3, 0xe1000)
mmap(0x7fb7c95f9000, 0x14de000, 0x1 PROT_EXEC, 0x812 MAP_ANON|MAP_SHARED|MAP_INHERIT, 3, 0x5f9000)
mmap(0x7fb7caad7000, 0x11f000, 0x3 PROT_EXEC|PROT_WRITE, 0x812 MAP_ANON|MAP_SHARED|MAP_INHERIT, 3, 0x1ad6000)
mmap(0x7fb7cabf6000, 0x664a0, 0x3 PROT_WRITE|PROT_EXEC, 0x32 MAP_ANON|MAP_SHARED|MAP_COPY, ffffffff, 0x0)
openat(AT_FDCWD, /lib/x86_64-linux-gnu/libc.so.6, 0x80000)
mmap(0x0, 0x228e50, 0x1 PROT_EXEC, 0x802 MAP_ANON|MAP_INHERIT, 3, 0x0)
mmap(0x7fb7c8c28000, 0x195000, 0x5 PROT_READ|PROT_EXEC, 0x812 MAP_ANON|MAP_SHARED|MAP_INHERIT, 3, 0x28000)
mmap(0x7fb7c8dbd000, 0x58000, 0x1 PROT_EXEC, 0x812 MAP_ANON|MAP_SHARED|MAP_INHERIT, 3, 0x1bd000)
mmap(0x7fb7c8e16000, 0x6000, 0x3 PROT_WRITE|PROT_EXEC, 0x812 MAP_ANON|MAP_SHARED|MAP_INHERIT, 3, 0x215000)
mmap(0x7fb7c8e1c000, 0xce50, 0x3 PROT_WRITE|PROT_EXEC, 0x32 MAP_ANON|MAP_SHARED|MAP_COPY, ffffffff, 0x0)
openat(AT_FDCWD, /lib/x86_64-linux-gnu/libm.so.6, 0x80000)
mmap(0x0, 0xe6108, 0x1 PROT_EXEC, 0x802 MAP_ANON|MAP_INHERIT, 3, 0x0)
mmap(0x7fb7cad4e000, 0x7c000, 0x5 PROT_EXEC|PROT_READ, 0x812 MAP_ANON|MAP_SHARED|MAP_INHERIT, 3, 0xe000)
mmap(0x7fb7cadca000, 0x5b000, 0x1 PROT_EXEC, 0x812 MAP_ANON|MAP_SHARED|MAP_INHERIT, 3, 0x8a000)
mmap(0x7fb7cae25000, 0x2000, 0x3 PROT_WRITE|PROT_EXEC, 0x812 MAP_ANON|MAP_SHARED|MAP_INHERIT, 3, 0xe4000)
openat(AT_FDCWD, /lib/x86_64-linux-gnu/libdl.so.2, 0x80000)
mmap(0x0, 0x4028, 0x1 PROT_EXEC, 0x802 MAP_ANON|MAP_INHERIT, 3, 0x0)
mmap(0x7fb7cad3c000, 0x1000, 0x5 PROT_READ|PROT_EXEC, 0x812 MAP_ANON|MAP_SHARED|MAP_INHERIT, 3, 0x1000)
mmap(0x7fb7cad3d000, 0x1000, 0x1 PROT_EXEC, 0x812 MAP_ANON|MAP_SHARED|MAP_INHERIT, 3, 0x2000)
mmap(0x7fb7cad3e000, 0x2000, 0x3 PROT_WRITE|PROT_EXEC, 0x812 MAP_ANON|MAP_SHARED|MAP_INHERIT, 3, 0x2000)
openat(AT_FDCWD, /lib/x86_64-linux-gnu/libpthread.so.0, 0x80000)
mmap(0x0, 0x4028, 0x1 PROT_EXEC, 0x802 MAP_ANON|MAP_INHERIT, 3, 0x0)
mmap(0x7fb7cad37000, 0x1000, 0x5 PROT_EXEC|PROT_READ, 0x812 MAP_ANON|MAP_SHARED|MAP_INHERIT, 3, 0x1000)
mmap(0x7fb7cad38000, 0x1000, 0x1 PROT_EXEC, 0x812 MAP_ANON|MAP_SHARED|MAP_INHERIT, 3, 0x2000)
mmap(0x7fb7cad39000, 0x2000, 0x3 PROT_WRITE|PROT_EXEC, 0x812 MAP_ANON|MAP_SHARED|MAP_INHERIT, 3, 0x2000)
openat(AT_FDCWD, /lib/x86_64-linux-gnu/librt.so.1, 0x80000)
mmap(0x0, 0x4038, 0x1 PROT_EXEC, 0x802 MAP_ANON|MAP_INHERIT, 3, 0x0)
mmap(0x7fb7cad32000, 0x1000, 0x5 PROT_READ|PROT_EXEC, 0x812 MAP_ANON|MAP_SHARED|MAP_INHERIT, 3, 0x1000)
mmap(0x7fb7cad33000, 0x1000, 0x1 PROT_EXEC, 0x812 MAP_ANON|MAP_SHARED|MAP_INHERIT, 3, 0x2000)
mmap(0x7fb7cad34000, 0x2000, 0x3 PROT_WRITE|PROT_EXEC, 0x812 MAP_ANON|MAP_SHARED|MAP_INHERIT, 3, 0x2000)
mmap(0x0, 0x2000, 0x3 PROT_WRITE|PROT_EXEC, 0x22 MAP_ANON|MAP_COPY, ffffffff, 0x0)
mmap(0x0, 0x5000, 0x3 PROT_WRITE|PROT_EXEC, 0x22 MAP_ANON|MAP_COPY, ffffffff, 0x0)
openat(AT_FDCWD, /sys/devices/system/cpu/online, 0x80000)
openat(AT_FDCWD, /sys/devices/system/cpu/online, 0x80000)
mmap(0x0, 0x21000, 0x3 PROT_WRITE|PROT_EXEC, 0x22 MAP_ANON|MAP_COPY, ffffffff, 0x0)
openat(AT_FDCWD, /proc/sys/vm/mmap_min_addr, 0x0)
openat(AT_FDCWD, /proc/cpuinfo, 0x0)
openat(AT_FDCWD, /proc/self/maps, 0x0)
openat(AT_FDCWD, /sys/devices/system/cpu/online, 0x80000)
openat(AT_FDCWD, /dev/shm/cuda_injection_path_shm, 0xa0002)
openat(AT_FDCWD, /home/guest/.nv/nvidia-application-profile-globals-rc, 0x0)
openat(AT_FDCWD, /home/guest/.nv/nvidia-application-profiles-rc, 0x0)
openat(AT_FDCWD, /home/guest/.nv/nvidia-application-profiles-rc.d, 0x0)
openat(AT_FDCWD, /etc/nvidia/nvidia-application-profiles-rc, 0x0)
openat(AT_FDCWD, /etc/nvidia/nvidia-application-profiles-rc.d/, 0x0)
openat(AT_FDCWD, /usr/share/nvidia/nvidia-application-profiles-535.104.05-rc, 0x0)
openat(AT_FDCWD, /usr/share/nvidia/nvidia-application-profiles-rc, 0x0)
openat(AT_FDCWD, /proc/self/comm, 0x0)
openat(AT_FDCWD, /proc/modules, 0x0)
openat(AT_FDCWD, /proc/driver/nvidia/params, 0x0)
openat(AT_FDCWD, /dev/nvidiactl, 0x2)
openat(AT_FDCWD, /sys/devices/system/memory/block_size_bytes, 0x0)
ioctl(3 /dev/nvidiactl, 0xd6 NV_ESC_SYS_PARAMS, 0x00000000)
ioctl(3 /dev/nvidiactl, 0xc8 NV_ESC_CARD_INFO, 0x1400000100)
ioctl(3 /dev/nvidiactl, 0x2b NV_ESC_RM_ALLOC, 0x00000000)
ioctl(3 /dev/nvidiactl, 0x2a NV_ESC_RM_CONTROL, 0x00000101 NV0000_CTRL_CMD_SYSTEM_GET_BUILD_VERSION, 0x7fff79431650)
ioctl(3 /dev/nvidiactl, 0x29 NV_ESC_RM_FREE, 0x00050000)
openat(AT_FDCWD, /proc/modules, 0x0)
openat(AT_FDCWD, /proc/driver/nvidia/params, 0x0)
openat(AT_FDCWD, /dev/nvidiactl, 0x2)
openat(AT_FDCWD, /sys/devices/system/memory/block_size_bytes, 0x0)
ioctl(3 /dev/nvidiactl, 0xd6 NV_ESC_SYS_PARAMS, 0x00000000)
ioctl(3 /dev/nvidiactl, 0xc8 NV_ESC_CARD_INFO, 0x1400000100)
ioctl(3 /dev/nvidiactl, 0x2b NV_ESC_RM_ALLOC, 0x00000000)
ioctl(3 /dev/nvidiactl, 0x2a NV_ESC_RM_CONTROL, 0x00000d04 NV0000_CTRL_CMD_CLIENT_SET_INHERITED_SHARE_POLICY, 0x7fff79431bc4)
ioctl(3 /dev/nvidiactl, 0x2a NV_ESC_RM_CONTROL, 0x00000d04 NV0000_CTRL_CMD_CLIENT_SET_INHERITED_SHARE_POLICY, 0x7fff79431bc4)
ioctl(3 /dev/nvidiactl, 0x2b NV_ESC_RM_ALLOC, 0x7fff79431ba8)
openat(AT_FDCWD, /sys/devices/system/cpu/online, 0x80000)
openat(AT_FDCWD, /proc/self/status, 0x0)
openat(AT_FDCWD, /sys/devices/system/node, 0x90800)
openat(AT_FDCWD, /sys/devices/system/node/node0/cpumap, 0x0)
openat(AT_FDCWD, /proc/modules, 0x0)
openat(AT_FDCWD, /proc/devices, 0x0)
openat(AT_FDCWD, /dev/nvidia-uvm, 0x80002)
openat(AT_FDCWD, /dev/nvidia-uvm, 0x80002)
ioctl(4 /dev/nvidia-uvm, 0x01 , 0x00000000)
ioctl(5 /dev/nvidia-uvm, 0x4b UVM_MM_INITIALIZE, 0x00000000)
ioctl(4 /dev/nvidia-uvm, 0x27 UVM_PAGEABLE_MEM_ACCESS, 0x00000000)
ioctl(3 /dev/nvidiactl, 0x2a NV_ESC_RM_CONTROL, 0x00000214 NV0000_CTRL_CMD_GPU_GET_PROBED_IDS, 0x7fff7942fe70)
ioctl(3 /dev/nvidiactl, 0x2a NV_ESC_RM_CONTROL, 0x00000a04 NV0000_CTRL_CMD_SYNC_GPU_BOOST_GROUP_INFO, 0x7fff7942f6a0)
ioctl(3 /dev/nvidiactl, 0x2a NV_ESC_RM_CONTROL, 0x00000215 NV0000_CTRL_CMD_GPU_ATTACH_IDS, 0x7fff7942fed0)
openat(AT_FDCWD, /proc/driver/nvidia/params, 0x0)
openat(AT_FDCWD, /dev/nvidia0, 0x80002)
ioctl(3 /dev/nvidiactl, 0x2a NV_ESC_RM_CONTROL, 0xcb330101 NV_CONF_COMPUTE_CTRL_CMD_SYSTEM_GET_CAPABILITIES, 0x7fff7942ff7b)
ioctl(3 /dev/nvidiactl, 0x2a NV_ESC_RM_CONTROL, 0xcb330104 NV_CONF_COMPUTE_CTRL_CMD_SYSTEM_GET_GPUS_STATE, 0x7fff7942ff7f)
openat(AT_FDCWD, /etc/ld.so.cache, 0x80000)
mmap(0x0, 0x7d8f, 0x1 PROT_EXEC, 0x2 MAP_ANON, 7, 0x0)
openat(AT_FDCWD, /lib/x86_64-linux-gnu/libnvidia-pkcs11-openssl3.so.535.104.05, 0x80000)
mmap(0x0, 0x402350, 0x0 PROT_NONE, 0x22 MAP_ANON|MAP_COPY, ffffffff, 0x0)
mmap(0x7fb7c8800000, 0x202350, 0x5 PROT_READ|PROT_EXEC, 0x812 MAP_ANON|MAP_SHARED|MAP_INHERIT, 7, 0x0)
mmap(0x7fb7c8a01000, 0x2000, 0x3 PROT_EXEC|PROT_WRITE, 0x812 MAP_ANON|MAP_SHARED|MAP_INHERIT, 7, 0x1000)
openat(AT_FDCWD, /lib/x86_64-linux-gnu/libcrypto.so.3, 0x80000)
mmap(0x0, 0x4424c0, 0x1 PROT_EXEC, 0x802 MAP_ANON|MAP_INHERIT, 7, 0x0)
mmap(0x7fb7c82b2000, 0x25e000, 0x5 PROT_READ|PROT_EXEC, 0x812 MAP_ANON|MAP_SHARED|MAP_INHERIT, 7, 0xb2000)
mmap(0x7fb7c8510000, 0xd2000, 0x1 PROT_EXEC, 0x812 MAP_ANON|MAP_SHARED|MAP_INHERIT, 7, 0x310000)
mmap(0x7fb7c85e2000, 0x5e000, 0x3 PROT_WRITE|PROT_EXEC, 0x812 MAP_ANON|MAP_SHARED|MAP_INHERIT, 7, 0x3e1000)
mmap(0x7fb7c8640000, 0x24c0, 0x3 PROT_WRITE|PROT_EXEC, 0x32 MAP_ANON|MAP_SHARED|MAP_COPY, ffffffff, 0x0)
ioctl(3 /dev/nvidiactl, 0x2a NV_ESC_RM_CONTROL, 0x00000205 NV0000_CTRL_CMD_GPU_GET_ID_INFO_V2, 0x7fff7942ff60)
ioctl(3 /dev/nvidiactl, 0x2a NV_ESC_RM_CONTROL, 0x00000201 NV0000_CTRL_CMD_GPU_GET_ATTACHED_IDS, 0x7fff7942fe30)
ioctl(3 /dev/nvidiactl, 0x2a NV_ESC_RM_CONTROL, 0x00000202 NV0000_CTRL_CMD_GPU_GET_ID_INFO, 0x7fff7942fe00)
openat(AT_FDCWD, /proc/driver/nvidia/params, 0x0)
openat(AT_FDCWD, /dev/nvidia0, 0x80002)
ioctl(7 /dev/nvidia0, 0xc9 NV_ESC_REGISTER_FD, 0xffffffffffffffff)
ioctl(7 /dev/nvidia0, 0xd7 NV_ESC_NUMA_INFO, 0x00000000)
ioctl(3 /dev/nvidiactl, 0x2b NV_ESC_RM_ALLOC, 0x7fff7942ff30)
ioctl(3 /dev/nvidiactl, 0x2a NV_ESC_RM_CONTROL, 0x00801402 NV0080_CTRL_CMD_HOST_GET_CAPS_V2, 0x7fff7942ff7d)
ioctl(3 /dev/nvidiactl, 0x2a NV_ESC_RM_CONTROL, 0x00800292 NV0080_CTRL_CMD_GPU_GET_CLASSLIST_V2, 0x7fff7942fce0)
ioctl(3 /dev/nvidiactl, 0x2a NV_ESC_RM_CONTROL, 0x00800280 NV0080_CTRL_CMD_GPU_GET_NUM_SUBDEVICES, 0x7fff7942ff7c)
ioctl(3 /dev/nvidiactl, 0x2a NV_ESC_RM_CONTROL, 0x00000202 NV0000_CTRL_CMD_GPU_GET_ID_INFO, 0x7fff7942ff10)
ioctl(3 /dev/nvidiactl, 0x2a NV_ESC_RM_CONTROL, 0x00000201 NV0000_CTRL_CMD_GPU_GET_ATTACHED_IDS, 0x7fff7942fe30)
ioctl(3 /dev/nvidiactl, 0x2a NV_ESC_RM_CONTROL, 0x00000202 NV0000_CTRL_CMD_GPU_GET_ID_INFO, 0x7fff7942fe00)
openat(AT_FDCWD, /proc/driver/nvidia/params, 0x0)
openat(AT_FDCWD, /dev/nvidia0, 0x80002)
ioctl(8 /dev/nvidia0, 0xc9 NV_ESC_REGISTER_FD, 0xffffffffffffffff)
ioctl(3 /dev/nvidiactl, 0x2b NV_ESC_RM_ALLOC, 0x7fff7942ff0c)
ioctl(3 /dev/nvidiactl, 0x2a NV_ESC_RM_CONTROL, 0x2080018b NV2080_CTRL_CMD_GPU_GET_ACTIVE_PARTITION_IDS, 0x7fff7942ff50)
ioctl(3 /dev/nvidiactl, 0x2a NV_ESC_RM_CONTROL, 0x2080014a NV2080_CTRL_CMD_GPU_GET_GID_INFO, 0x7fff7942fe70)
ioctl(3 /dev/nvidiactl, 0x2a NV_ESC_RM_CONTROL, 0x00800289 NV0080_CTRL_CMD_GPU_GET_VIRTUALIZATION_MODE, 0x7fff7942fd9c)
ioctl(3 /dev/nvidiactl, 0x2a NV_ESC_RM_CONTROL, 0x20808161 , 0x7fff7942f9e0)
ioctl(3 /dev/nvidiactl, 0x2a NV_ESC_RM_CONTROL, 0x20801303 NV2080_CTRL_CMD_FB_GET_INFO_V2, 0x7fff7942fbe0)
ioctl(3 /dev/nvidiactl, 0x2a NV_ESC_RM_CONTROL, 0x20800102 NV2080_CTRL_CMD_GPU_GET_INFO_V2, 0x7fff7942fbb0)
ioctl(3 /dev/nvidiactl, 0x2a NV_ESC_RM_CONTROL, 0x20801701 NV2080_CTRL_CMD_MC_GET_ARCH_INFO, 0x7fff7942fd80)
ioctl(3 /dev/nvidiactl, 0x2a NV_ESC_RM_CONTROL, 0x20801823 NV2080_CTRL_CMD_BUS_GET_INFO_V2, 0x7fff7942fbc0)
ioctl(3 /dev/nvidiactl, 0x2a NV_ESC_RM_CONTROL, 0x20801801 NV2080_CTRL_CMD_BUS_GET_PCI_INFO, 0x7fff7942fa80)
ioctl(3 /dev/nvidiactl, 0x2a NV_ESC_RM_CONTROL, 0x20801823 NV2080_CTRL_CMD_BUS_GET_INFO_V2, 0x7fff7942fbc0)
ioctl(3 /dev/nvidiactl, 0x2a NV_ESC_RM_CONTROL, 0x20801803 NV2080_CTRL_CMD_BUS_GET_PCI_BAR_INFO, 0x7fff7942faf0)
ioctl(3 /dev/nvidiactl, 0x2a NV_ESC_RM_CONTROL, 0x2080182a NV2080_CTRL_CMD_BUS_GET_PCIE_SUPPORTED_GPU_ATOMICS, 0x7fff7942fa80)
ioctl(3 /dev/nvidiactl, 0x2a NV_ESC_RM_CONTROL, 0x2080012f NV2080_CTRL_CMD_GPU_QUERY_ECC_STATUS, 0x7fff7942f9b0)
ioctl(3 /dev/nvidiactl, 0x2a NV_ESC_RM_CONTROL, 0x20801303 NV2080_CTRL_CMD_FB_GET_INFO_V2, 0x7fff7942fbd0)
ioctl(3 /dev/nvidiactl, 0x2a NV_ESC_RM_CONTROL, 0xcb33010b NV_CONF_COMPUTE_CTRL_CMD_GPU_GET_NUM_SECURE_CHANNELS, 0x7fff7942fd84)
ioctl(3 /dev/nvidiactl, 0x2a NV_ESC_RM_CONTROL, 0x20800170 NV2080_CTRL_CMD_GPU_GET_ENGINES_V2, 0x7fff7942fc80)
ioctl(3 /dev/nvidiactl, 0x2a NV_ESC_RM_CONTROL, 0x20800119 NV2080_CTRL_CMD_GPU_GET_SIMULATION_INFO, 0x7fff7942fd8c)
ioctl(3 /dev/nvidiactl, 0x2a NV_ESC_RM_CONTROL, 0x0000027b NV0000_CTRL_CMD_GPU_GET_MEMOP_ENABLE, 0x7fff7942fd8c)
ioctl(3 /dev/nvidiactl, 0x2a NV_ESC_RM_CONTROL, 0x208001a3 NV2080_CTRL_CMD_GET_GPU_FABRIC_PROBE_INFO, 0x7fff7942fd70)
ioctl(3 /dev/nvidiactl, 0x2a NV_ESC_RM_CONTROL, 0x0080028b , 0x7fff7942fccf)
ioctl(3 /dev/nvidiactl, 0x2a NV_ESC_RM_CONTROL, 0x20801201 NV2080_CTRL_CMD_GR_GET_INFO, 0x7fff7942fae0)
ioctl(3 /dev/nvidiactl, 0x2a NV_ESC_RM_CONTROL, 0x2080122a NV2080_CTRL_CMD_GR_GET_GPC_MASK, 0x7fff7942fcb0)
ioctl(3 /dev/nvidiactl, 0x2a NV_ESC_RM_CONTROL, 0x2080122b NV2080_CTRL_CMD_GR_GET_TPC_MASK, 0x7fff7942fcb0)
ioctl(3 /dev/nvidiactl, 0x2a NV_ESC_RM_CONTROL, 0x2080122b NV2080_CTRL_CMD_GR_GET_TPC_MASK, 0x7fff7942fcb0)
ioctl(3 /dev/nvidiactl, 0x2a NV_ESC_RM_CONTROL, 0x2080122b NV2080_CTRL_CMD_GR_GET_TPC_MASK, 0x7fff7942fcb0)
ioctl(3 /dev/nvidiactl, 0x2a NV_ESC_RM_CONTROL, 0x2080122b NV2080_CTRL_CMD_GR_GET_TPC_MASK, 0x7fff7942fcb0)
ioctl(3 /dev/nvidiactl, 0x2a NV_ESC_RM_CONTROL, 0x2080122b NV2080_CTRL_CMD_GR_GET_TPC_MASK, 0x7fff7942fcb0)
ioctl(3 /dev/nvidiactl, 0x2a NV_ESC_RM_CONTROL, 0x2080122b NV2080_CTRL_CMD_GR_GET_TPC_MASK, 0x7fff7942fcb0)
ioctl(3 /dev/nvidiactl, 0x2a NV_ESC_RM_CONTROL, 0x2080122b NV2080_CTRL_CMD_GR_GET_TPC_MASK, 0x7fff7942fcb0)
ioctl(3 /dev/nvidiactl, 0x2a NV_ESC_RM_CONTROL, 0x2080122b NV2080_CTRL_CMD_GR_GET_TPC_MASK, 0x7fff7942fcb0)
ioctl(3 /dev/nvidiactl, 0x2a NV_ESC_RM_CONTROL, 0x20801227 NV2080_CTRL_CMD_GR_GET_CAPS_V2, 0x7fff7942fca0)
ioctl(3 /dev/nvidiactl, 0x2a NV_ESC_RM_CONTROL, 0x20802a0a NV2080_CTRL_CMD_CE_GET_ALL_CAPS, 0x7fff7942fc60)
ioctl(3 /dev/nvidiactl, 0x2a NV_ESC_RM_CONTROL, 0x20801230 NV2080_CTRL_CMD_GR_GET_SM_ISSUE_RATE_MODIFIER, 0x7fff7942fcb0)
ioctl(3 /dev/nvidiactl, 0x2a NV_ESC_RM_CONTROL, 0x20800195 NV2080_CTRL_CMD_GPU_GET_COMPUTE_POLICY_CONFIG, 0x7fff7942fbb0)
ioctl(3 /dev/nvidiactl, 0x2a NV_ESC_RM_CONTROL, 0x2080121b NV2080_CTRL_CMD_GR_GET_GLOBAL_SM_ORDER, 0x7fff7942d820)
ioctl(3 /dev/nvidiactl, 0x2a NV_ESC_RM_CONTROL, 0x00801307 NV0080_CTRL_CMD_FB_GET_CAPS_V2, 0x7fff7942fdbd)
ioctl(3 /dev/nvidiactl, 0x2a NV_ESC_RM_CONTROL, 0x20801303 NV2080_CTRL_CMD_FB_GET_INFO_V2, 0x7fff7942fc00)
ioctl(3 /dev/nvidiactl, 0x2b NV_ESC_RM_ALLOC, 0x00000000)
ioctl(3 /dev/nvidiactl, 0x2a NV_ESC_RM_CONTROL, 0x00000d01 NV0000_CTRL_CMD_CLIENT_GET_ADDR_SPACE_TYPE, 0x7fff7942fc30)
openat(AT_FDCWD, /dev/nvidia0, 0x80002)
ioctl(3 /dev/nvidiactl, 0x4e NV_ESC_RM_MAP_MEMORY, 0x00000000)
mmap(0x0, 0x10000, 0x2 PROT_WRITE, 0x1 MAP_FILE, 9, 0x0)
ioctl(3 /dev/nvidiactl, 0x2b NV_ESC_RM_ALLOC, 0x7fff7942fdde)
ioctl(3 /dev/nvidiactl, 0x2a NV_ESC_RM_CONTROL, 0x00000d01 NV0000_CTRL_CMD_CLIENT_GET_ADDR_SPACE_TYPE, 0x7fff7942fc30)
openat(AT_FDCWD, /dev/nvidia0, 0x80002)
ioctl(3 /dev/nvidiactl, 0x4e NV_ESC_RM_MAP_MEMORY, 0x00000000)
mmap(0x0, 0x10000, 0x2 PROT_WRITE, 0x1 MAP_FILE, 9, 0x0)
ioctl(3 /dev/nvidiactl, 0x5e NV_ESC_RM_UPDATE_DEVICE_MAPPING_INFO, 0xc0000b0000)
ioctl(3 /dev/nvidiactl, 0x2b NV_ESC_RM_ALLOC, 0x00000000)
ioctl(3 /dev/nvidiactl, 0x2a NV_ESC_RM_CONTROL, 0x90e60102 NV90E6_CTRL_CMD_MASTER_GET_VIRTUAL_FUNCTION_ERROR_CONT_INTR_MASK, 0x7fff7942fdb8)
ioctl(3 /dev/nvidiactl, 0x2a NV_ESC_RM_CONTROL, 0x20803601 NV2080_CTRL_CMD_GSP_GET_FEATURES, 0x7fff7942fd50)
ioctl(3 /dev/nvidiactl, 0x2b NV_ESC_RM_ALLOC, 0x7fff7942fd30)
ioctl(3 /dev/nvidiactl, 0x2b NV_ESC_RM_ALLOC, 0x7fff7942fd30)
ioctl(3 /dev/nvidiactl, 0x2a NV_ESC_RM_CONTROL, 0x20800111 NV2080_CTRL_CMD_GPU_GET_SHORT_NAME_STRING, 0x7fff7942fda0)
ioctl(3 /dev/nvidiactl, 0x2a NV_ESC_RM_CONTROL, 0x20800110 NV2080_CTRL_CMD_GPU_GET_NAME_STRING, 0x7fff7942fcd0)
ioctl(3 /dev/nvidiactl, 0x2a NV_ESC_RM_CONTROL, 0x2080014a NV2080_CTRL_CMD_GPU_GET_GID_INFO, 0x7fff7942fce0)
ioctl(3 /dev/nvidiactl, 0x2a NV_ESC_RM_CONTROL, 0x20800131 NV2080_CTRL_CMD_GPU_QUERY_COMPUTE_MODE_RULES, 0x7fff7942fdec)
ioctl(3 /dev/nvidiactl, 0x2a NV_ESC_RM_CONTROL, 0x20808159 , 0x7fff7942fca0)
openat(AT_FDCWD, /sys/bus/pci/devices/0000:01:00.0/numa_node, 0x0)
mmap(0x0, 0x204000000, 0x0 PROT_NONE, 0x22 MAP_ANON|MAP_COPY, ffffffff, 0x0)
ioctl(3 /dev/nvidiactl, 0x2a NV_ESC_RM_CONTROL, 0x2080220c NV2080_CTRL_CMD_RC_RELEASE_WATCHDOG_REQUESTS, 0x00000000)
ioctl(3 /dev/nvidiactl, 0x2a NV_ESC_RM_CONTROL, 0x20802210 NV2080_CTRL_CMD_RC_SOFT_DISABLE_WATCHDOG, 0x00000000)
mmap(0x0, 0x2a000, 0x3 PROT_WRITE|PROT_EXEC, 0x22 MAP_ANON|MAP_COPY, ffffffff, 0x0)
ioctl(3 /dev/nvidiactl, 0x2a NV_ESC_RM_CONTROL, 0x2080182b NV2080_CTRL_CMD_BUS_GET_C2C_INFO, 0x7fff79431130)
ioctl(3 /dev/nvidiactl, 0x2a NV_ESC_RM_CONTROL, 0x20803002 NV2080_CTRL_CMD_NVLINK_GET_NVLINK_STATUS, 0x7fff7942fa40)
mmap(0x0, 0xa1000, 0x3 PROT_WRITE|PROT_EXEC, 0x22 MAP_ANON|MAP_COPY, ffffffff, 0x0)
ioctl(4 /dev/nvidia-uvm, 0x25 UVM_REGISTER_GPU, 0xffffffff00000000)
ioctl(4 /dev/nvidia-uvm, 0x17 UVM_CREATE_RANGE_GROUP, 0x00000001)
ioctl(3 /dev/nvidiactl, 0x4a NV_ESC_RM_VID_HEAP_CONTROL, 0x00000000)
mmap(0x200000000, 0x100200000, 0x0 PROT_NONE, 0x22 MAP_ANON|MAP_COPY, ffffffff, 0x0)
mmap(0x0, 0x1ffff000, 0x0 PROT_NONE, 0x22 MAP_ANON|MAP_COPY, ffffffff, 0x0)
mmap(0x0, 0x2a1000, 0x0 PROT_NONE, 0x22 MAP_ANON|MAP_COPY, ffffffff, 0x0)
mmap(0x0, 0x801000, 0x0 PROT_NONE, 0x20022 MAP_ANON|MAP_COPY, ffffffff, 0x0)
openat(AT_FDCWD, /proc/self/task/6950/comm, 0x2)
ioctl(3 /dev/nvidiactl, 0x2a NV_ESC_RM_CONTROL, 0x20803601 NV2080_CTRL_CMD_GSP_GET_FEATURES, 0x7fff79431520)
ioctl(3 /dev/nvidiactl, 0x2a NV_ESC_RM_CONTROL, 0x2080200a NV2080_CTRL_CMD_PERF_BOOST, 0x7fff79431538)
mmap(0x0, 0x801000, 0x0 PROT_NONE, 0x20022 MAP_ANON|MAP_COPY, ffffffff, 0x0)
openat(AT_FDCWD, /proc/self/task/6951/comm, 0x2)
ioctl(3 /dev/nvidiactl, 0x2a NV_ESC_RM_CONTROL, 0x20800145 NV2080_CTRL_CMD_GPU_ACQUIRE_COMPUTE_MODE_RESERVATION, 0x00000000)
ioctl(4 /dev/nvidia-uvm, 0x19 UVM_REGISTER_GPU_VASPACE, 0xc1d0002400000003)
mmap(0x0, 0x2a1000, 0x0 PROT_NONE, 0x22 MAP_ANON|MAP_COPY, ffffffff, 0x0)
ioctl(3 /dev/nvidiactl, 0x4a NV_ESC_RM_VID_HEAP_CONTROL, 0x00000000)
ioctl(4 /dev/nvidia-uvm, 0x49 UVM_CREATE_EXTERNAL_RANGE, 0x00000000)
ioctl(4 /dev/nvidia-uvm, 0x21 UVM_MAP_EXTERNAL_ALLOCATION, 0x00000000)
mmap(0x10000000000, 0x4000000, 0x0 PROT_NONE, 0x22 MAP_ANON|MAP_COPY, ffffffff, 0x0)
ioctl(3 /dev/nvidiactl, 0x4a NV_ESC_RM_VID_HEAP_CONTROL, 0x00000000)
ioctl(4 /dev/nvidia-uvm, 0x49 UVM_CREATE_EXTERNAL_RANGE, 0x00000000)
ioctl(4 /dev/nvidia-uvm, 0x21 UVM_MAP_EXTERNAL_ALLOCATION, 0x00000000)
ioctl(3 /dev/nvidiactl, 0x4a NV_ESC_RM_VID_HEAP_CONTROL, 0x00000000)
ioctl(4 /dev/nvidia-uvm, 0x49 UVM_CREATE_EXTERNAL_RANGE, 0x00000000)
ioctl(4 /dev/nvidia-uvm, 0x21 UVM_MAP_EXTERNAL_ALLOCATION, 0x00000000)
mmap(0x0, 0x41000, 0x3 PROT_EXEC|PROT_WRITE, 0x22 MAP_ANON|MAP_COPY, ffffffff, 0x0)
mmap(0x0, 0x81000, 0x3 PROT_EXEC|PROT_WRITE, 0x22 MAP_ANON|MAP_COPY, ffffffff, 0x0)
mmap(0x0, 0x81000, 0x3 PROT_WRITE|PROT_EXEC, 0x22 MAP_ANON|MAP_COPY, ffffffff, 0x0)
mmap(0x0, 0x81000, 0x3 PROT_EXEC|PROT_WRITE, 0x22 MAP_ANON|MAP_COPY, ffffffff, 0x0)
mmap(0x0, 0x3fff000, 0x0 PROT_NONE, 0x22 MAP_ANON|MAP_COPY, ffffffff, 0x0)
ioctl(3 /dev/nvidiactl, 0x4a NV_ESC_RM_VID_HEAP_CONTROL, 0x00000000)
ioctl(4 /dev/nvidia-uvm, 0x49 UVM_CREATE_EXTERNAL_RANGE, 0x00000000)
ioctl(4 /dev/nvidia-uvm, 0x21 UVM_MAP_EXTERNAL_ALLOCATION, 0x00000000)
ioctl(4 /dev/nvidia-uvm, 0x49 UVM_CREATE_EXTERNAL_RANGE, 0x00000000)
ioctl(4 /dev/nvidia-uvm, 0x21 UVM_MAP_EXTERNAL_ALLOCATION, 0x00000000)
ioctl(3 /dev/nvidiactl, 0x2b NV_ESC_RM_ALLOC, 0x7fff79431180)
ioctl(3 /dev/nvidiactl, 0x4a NV_ESC_RM_VID_HEAP_CONTROL, 0x00000000)
ioctl(4 /dev/nvidia-uvm, 0x49 UVM_CREATE_EXTERNAL_RANGE, 0x00000000)
ioctl(4 /dev/nvidia-uvm, 0x21 UVM_MAP_EXTERNAL_ALLOCATION, 0x00000000)
ioctl(3 /dev/nvidiactl, 0x4a NV_ESC_RM_VID_HEAP_CONTROL, 0x00000000)
ioctl(4 /dev/nvidia-uvm, 0x49 UVM_CREATE_EXTERNAL_RANGE, 0x00000000)
ioctl(4 /dev/nvidia-uvm, 0x21 UVM_MAP_EXTERNAL_ALLOCATION, 0x00000000)
mmap(0x0, 0x101000, 0x3 PROT_WRITE|PROT_EXEC, 0x22 MAP_ANON|MAP_COPY, ffffffff, 0x0)
mmap(0x0, 0x1000, 0x3 PROT_WRITE|PROT_EXEC, 0x21 MAP_FILE|MAP_COPY, ffffffff, 0x0)
ioctl(7 /dev/nvidia0, 0x27 NV_ESC_RM_ALLOC_MEMORY, 0x40001010)
ioctl(3 /dev/nvidiactl, 0x2b NV_ESC_RM_ALLOC, 0x7fff79430e00)
ioctl(3 /dev/nvidiactl, 0x2a NV_ESC_RM_CONTROL, 0x0080170d NV0080_CTRL_CMD_FIFO_GET_CHANNELLIST, 0x7fff79430f50)
ioctl(3 /dev/nvidiactl, 0x2b NV_ESC_RM_ALLOC, 0x7fff79430f18)
ioctl(3 /dev/nvidiactl, 0x2a NV_ESC_RM_CONTROL, 0xc36f0101 NVC36F_CTRL_GET_CLASS_ENGINEID, 0x7fff79430f00)
openat(AT_FDCWD, /usr/lib/ssl/openssl.cnf, 0x0)
ioctl(3 /dev/nvidiactl, 0x2a NV_ESC_RM_CONTROL, 0xc56f010b NVC56F_CTRL_CMD_GET_KMB, 0x7fff79430eb0)
ioctl(3 /dev/nvidiactl, 0x2a NV_ESC_RM_CONTROL, 0xc36f0108 NVC36F_CTRL_CMD_GPFIFO_GET_WORK_SUBMIT_TOKEN, 0x7fff79430f5c)
mmap(0x0, 0x49000, 0x3 PROT_WRITE|PROT_EXEC, 0x22 MAP_ANON|MAP_COPY, ffffffff, 0x0)
ioctl(3 /dev/nvidiactl, 0x4a NV_ESC_RM_VID_HEAP_CONTROL, 0x00000000)
ioctl(3 /dev/nvidiactl, 0x2a NV_ESC_RM_CONTROL, 0x00000d01 NV0000_CTRL_CMD_CLIENT_GET_ADDR_SPACE_TYPE, 0x7fff79430630)
openat(AT_FDCWD, /dev/nvidiactl, 0x80002)
ioctl(3 /dev/nvidiactl, 0x4e NV_ESC_RM_MAP_MEMORY, 0x00000000)
mmap(0x200800000, 0x200000, 0x3 PROT_WRITE|PROT_EXEC, 0x11 MAP_FILE|MAP_SHARED, c, 0x0)
ioctl(4 /dev/nvidia-uvm, 0x49 UVM_CREATE_EXTERNAL_RANGE, 0x00000000)
ioctl(4 /dev/nvidia-uvm, 0x21 UVM_MAP_EXTERNAL_ALLOCATION, 0x00000000)
ioctl(3 /dev/nvidiactl, 0x4a NV_ESC_RM_VID_HEAP_CONTROL, 0x00000000)
ioctl(4 /dev/nvidia-uvm, 0x49 UVM_CREATE_EXTERNAL_RANGE, 0x00000000)
ioctl(4 /dev/nvidia-uvm, 0x21 UVM_MAP_EXTERNAL_ALLOCATION, 0x00000000)
ioctl(4 /dev/nvidia-uvm, 0x1b UVM_REGISTER_CHANNEL, 0xc1d0002400000003)
ioctl(3 /dev/nvidiactl, 0x2a NV_ESC_RM_CONTROL, 0xa06c0101 NVA06C_CTRL_CMD_GPFIFO_SCHEDULE, 0x7fff7943139e)
openat(AT_FDCWD, /dev/nvidia0, 0x80002)
ioctl(12 /dev/nvidia0, 0xc9 NV_ESC_REGISTER_FD, 0x00000000)
ioctl(12 /dev/nvidia0, 0xce NV_ESC_ALLOC_OS_EVENT, 0x00000003)
ioctl(12 /dev/nvidia0, 0x2b NV_ESC_RM_ALLOC, 0x7fff79431200)
ioctl(3 /dev/nvidiactl, 0x2b NV_ESC_RM_ALLOC, 0x7fff79431180)
ioctl(3 /dev/nvidiactl, 0x4a NV_ESC_RM_VID_HEAP_CONTROL, 0x00000000)
ioctl(4 /dev/nvidia-uvm, 0x49 UVM_CREATE_EXTERNAL_RANGE, 0x00000000)
ioctl(4 /dev/nvidia-uvm, 0x21 UVM_MAP_EXTERNAL_ALLOCATION, 0x00000000)
mmap(0x0, 0x101000, 0x3 PROT_WRITE|PROT_EXEC, 0x22 MAP_ANON|MAP_COPY, ffffffff, 0x0)
mmap(0x0, 0x1000, 0x3 PROT_WRITE|PROT_EXEC, 0x21 MAP_FILE|MAP_COPY, ffffffff, 0x0)
ioctl(7 /dev/nvidia0, 0x27 NV_ESC_RM_ALLOC_MEMORY, 0x40001010)
ioctl(3 /dev/nvidiactl, 0x2b NV_ESC_RM_ALLOC, 0x7fff79430e00)
ioctl(3 /dev/nvidiactl, 0x2a NV_ESC_RM_CONTROL, 0x0080170d NV0080_CTRL_CMD_FIFO_GET_CHANNELLIST, 0x7fff79430f50)
ioctl(3 /dev/nvidiactl, 0x2b NV_ESC_RM_ALLOC, 0x7fff79430f18)
ioctl(3 /dev/nvidiactl, 0x2a NV_ESC_RM_CONTROL, 0xc36f0101 NVC36F_CTRL_GET_CLASS_ENGINEID, 0x7fff79430f00)
ioctl(3 /dev/nvidiactl, 0x2a NV_ESC_RM_CONTROL, 0xc56f010b NVC56F_CTRL_CMD_GET_KMB, 0x7fff79430eb0)
ioctl(3 /dev/nvidiactl, 0x2a NV_ESC_RM_CONTROL, 0xc36f0108 NVC36F_CTRL_CMD_GPFIFO_GET_WORK_SUBMIT_TOKEN, 0x7fff79430f5c)
mmap(0x0, 0x49000, 0x3 PROT_EXEC|PROT_WRITE, 0x22 MAP_ANON|MAP_COPY, ffffffff, 0x0)
ioctl(3 /dev/nvidiactl, 0x4a NV_ESC_RM_VID_HEAP_CONTROL, 0x00000000)
ioctl(4 /dev/nvidia-uvm, 0x49 UVM_CREATE_EXTERNAL_RANGE, 0x00000000)
ioctl(4 /dev/nvidia-uvm, 0x21 UVM_MAP_EXTERNAL_ALLOCATION, 0x00000000)
mmap(0x0, 0x49000, 0x3 PROT_WRITE|PROT_EXEC, 0x22 MAP_ANON|MAP_COPY, ffffffff, 0x0)
ioctl(3 /dev/nvidiactl, 0x4a NV_ESC_RM_VID_HEAP_CONTROL, 0x00000000)
ioctl(4 /dev/nvidia-uvm, 0x49 UVM_CREATE_EXTERNAL_RANGE, 0x00000000)
ioctl(4 /dev/nvidia-uvm, 0x21 UVM_MAP_EXTERNAL_ALLOCATION, 0x00000000)
ioctl(4 /dev/nvidia-uvm, 0x1b UVM_REGISTER_CHANNEL, 0xc1d0002400000003)
ioctl(3 /dev/nvidiactl, 0x2a NV_ESC_RM_CONTROL, 0xa06c0101 NVA06C_CTRL_CMD_GPFIFO_SCHEDULE, 0x7fff7943139e)
openat(AT_FDCWD, /dev/nvidia0, 0x80002)
ioctl(14 /dev/nvidia0, 0xc9 NV_ESC_REGISTER_FD, 0x00000000)
ioctl(14 /dev/nvidia0, 0xce NV_ESC_ALLOC_OS_EVENT, 0x100000003)
ioctl(14 /dev/nvidia0, 0x2b NV_ESC_RM_ALLOC, 0x7fff79431200)
ioctl(3 /dev/nvidiactl, 0x2b NV_ESC_RM_ALLOC, 0x7fff79431180)
ioctl(3 /dev/nvidiactl, 0x4a NV_ESC_RM_VID_HEAP_CONTROL, 0x00000000)
ioctl(4 /dev/nvidia-uvm, 0x49 UVM_CREATE_EXTERNAL_RANGE, 0x00000000)
ioctl(4 /dev/nvidia-uvm, 0x21 UVM_MAP_EXTERNAL_ALLOCATION, 0x00000000)
mmap(0x0, 0x101000, 0x3 PROT_WRITE|PROT_EXEC, 0x22 MAP_ANON|MAP_COPY, ffffffff, 0x0)
mmap(0x0, 0x1000, 0x3 PROT_WRITE|PROT_EXEC, 0x21 MAP_FILE|MAP_COPY, ffffffff, 0x0)
ioctl(7 /dev/nvidia0, 0x27 NV_ESC_RM_ALLOC_MEMORY, 0x40001010)
ioctl(3 /dev/nvidiactl, 0x2b NV_ESC_RM_ALLOC, 0x7fff79430e00)
ioctl(3 /dev/nvidiactl, 0x2a NV_ESC_RM_CONTROL, 0x0080170d NV0080_CTRL_CMD_FIFO_GET_CHANNELLIST, 0x7fff79430f50)
ioctl(3 /dev/nvidiactl, 0x2b NV_ESC_RM_ALLOC, 0x7fff79430f18)
ioctl(3 /dev/nvidiactl, 0x2a NV_ESC_RM_CONTROL, 0xc36f0101 NVC36F_CTRL_GET_CLASS_ENGINEID, 0x7fff79430f00)
ioctl(3 /dev/nvidiactl, 0x2a NV_ESC_RM_CONTROL, 0xc56f010b NVC56F_CTRL_CMD_GET_KMB, 0x7fff79430eb0)
ioctl(3 /dev/nvidiactl, 0x2a NV_ESC_RM_CONTROL, 0xc36f0108 NVC36F_CTRL_CMD_GPFIFO_GET_WORK_SUBMIT_TOKEN, 0x7fff79430f5c)
ioctl(3 /dev/nvidiactl, 0x4a NV_ESC_RM_VID_HEAP_CONTROL, 0x00000000)
ioctl(4 /dev/nvidia-uvm, 0x49 UVM_CREATE_EXTERNAL_RANGE, 0x00000000)
ioctl(4 /dev/nvidia-uvm, 0x21 UVM_MAP_EXTERNAL_ALLOCATION, 0x00000000)
mmap(0x0, 0x101000, 0x3 PROT_WRITE|PROT_EXEC, 0x22 MAP_ANON|MAP_COPY, ffffffff, 0x0)
mmap(0x0, 0x1000, 0x3 PROT_WRITE|PROT_EXEC, 0x21 MAP_FILE|MAP_COPY, ffffffff, 0x0)
ioctl(7 /dev/nvidia0, 0x27 NV_ESC_RM_ALLOC_MEMORY, 0x40001010)
ioctl(3 /dev/nvidiactl, 0x2b NV_ESC_RM_ALLOC, 0x7fff79430e00)
ioctl(3 /dev/nvidiactl, 0x2a NV_ESC_RM_CONTROL, 0x0080170d NV0080_CTRL_CMD_FIFO_GET_CHANNELLIST, 0x7fff79430f50)
ioctl(3 /dev/nvidiactl, 0x2b NV_ESC_RM_ALLOC, 0x7fff79430f18)
ioctl(3 /dev/nvidiactl, 0x2a NV_ESC_RM_CONTROL, 0xc36f0101 NVC36F_CTRL_GET_CLASS_ENGINEID, 0x7fff79430f00)
ioctl(3 /dev/nvidiactl, 0x2a NV_ESC_RM_CONTROL, 0xc56f010b NVC56F_CTRL_CMD_GET_KMB, 0x7fff79430eb0)
ioctl(3 /dev/nvidiactl, 0x2a NV_ESC_RM_CONTROL, 0xc36f0108 NVC36F_CTRL_CMD_GPFIFO_GET_WORK_SUBMIT_TOKEN, 0x7fff79430f5c)
ioctl(3 /dev/nvidiactl, 0x4a NV_ESC_RM_VID_HEAP_CONTROL, 0x00000000)
ioctl(4 /dev/nvidia-uvm, 0x49 UVM_CREATE_EXTERNAL_RANGE, 0x00000000)
ioctl(4 /dev/nvidia-uvm, 0x21 UVM_MAP_EXTERNAL_ALLOCATION, 0x00000000)
mmap(0x0, 0x101000, 0x3 PROT_WRITE|PROT_EXEC, 0x22 MAP_ANON|MAP_COPY, ffffffff, 0x0)
mmap(0x0, 0x1000, 0x3 PROT_WRITE|PROT_EXEC, 0x21 MAP_FILE|MAP_COPY, ffffffff, 0x0)
ioctl(7 /dev/nvidia0, 0x27 NV_ESC_RM_ALLOC_MEMORY, 0x40001010)
ioctl(3 /dev/nvidiactl, 0x2b NV_ESC_RM_ALLOC, 0x7fff79430e00)
ioctl(3 /dev/nvidiactl, 0x2a NV_ESC_RM_CONTROL, 0x0080170d NV0080_CTRL_CMD_FIFO_GET_CHANNELLIST, 0x7fff79430f50)
ioctl(3 /dev/nvidiactl, 0x2b NV_ESC_RM_ALLOC, 0x7fff79430f18)
ioctl(3 /dev/nvidiactl, 0x2a NV_ESC_RM_CONTROL, 0xc36f0101 NVC36F_CTRL_GET_CLASS_ENGINEID, 0x7fff79430f00)
ioctl(3 /dev/nvidiactl, 0x2a NV_ESC_RM_CONTROL, 0xc56f010b NVC56F_CTRL_CMD_GET_KMB, 0x7fff79430eb0)
ioctl(3 /dev/nvidiactl, 0x2a NV_ESC_RM_CONTROL, 0xc36f0108 NVC36F_CTRL_CMD_GPFIFO_GET_WORK_SUBMIT_TOKEN, 0x7fff79430f5c)
ioctl(3 /dev/nvidiactl, 0x4a NV_ESC_RM_VID_HEAP_CONTROL, 0x00000000)
ioctl(4 /dev/nvidia-uvm, 0x49 UVM_CREATE_EXTERNAL_RANGE, 0x00000000)
ioctl(4 /dev/nvidia-uvm, 0x21 UVM_MAP_EXTERNAL_ALLOCATION, 0x00000000)
mmap(0x0, 0x101000, 0x3 PROT_EXEC|PROT_WRITE, 0x22 MAP_ANON|MAP_COPY, ffffffff, 0x0)
mmap(0x0, 0x1000, 0x3 PROT_WRITE|PROT_EXEC, 0x21 MAP_FILE|MAP_COPY, ffffffff, 0x0)
ioctl(7 /dev/nvidia0, 0x27 NV_ESC_RM_ALLOC_MEMORY, 0x40001010)
ioctl(3 /dev/nvidiactl, 0x2b NV_ESC_RM_ALLOC, 0x7fff79430e00)
ioctl(3 /dev/nvidiactl, 0x2a NV_ESC_RM_CONTROL, 0x0080170d NV0080_CTRL_CMD_FIFO_GET_CHANNELLIST, 0x7fff79430f50)
ioctl(3 /dev/nvidiactl, 0x2b NV_ESC_RM_ALLOC, 0x7fff79430f18)
ioctl(3 /dev/nvidiactl, 0x2a NV_ESC_RM_CONTROL, 0xc36f0101 NVC36F_CTRL_GET_CLASS_ENGINEID, 0x7fff79430f00)
ioctl(3 /dev/nvidiactl, 0x2a NV_ESC_RM_CONTROL, 0xc56f010b NVC56F_CTRL_CMD_GET_KMB, 0x7fff79430eb0)
ioctl(3 /dev/nvidiactl, 0x2a NV_ESC_RM_CONTROL, 0xc36f0108 NVC36F_CTRL_CMD_GPFIFO_GET_WORK_SUBMIT_TOKEN, 0x7fff79430f5c)
ioctl(3 /dev/nvidiactl, 0x4a NV_ESC_RM_VID_HEAP_CONTROL, 0x00000000)
ioctl(4 /dev/nvidia-uvm, 0x49 UVM_CREATE_EXTERNAL_RANGE, 0x00000000)
ioctl(4 /dev/nvidia-uvm, 0x21 UVM_MAP_EXTERNAL_ALLOCATION, 0x00000000)
mmap(0x0, 0x101000, 0x3 PROT_WRITE|PROT_EXEC, 0x22 MAP_ANON|MAP_COPY, ffffffff, 0x0)
mmap(0x0, 0x1000, 0x3 PROT_WRITE|PROT_EXEC, 0x21 MAP_FILE|MAP_COPY, ffffffff, 0x0)
ioctl(7 /dev/nvidia0, 0x27 NV_ESC_RM_ALLOC_MEMORY, 0x40001010)
ioctl(3 /dev/nvidiactl, 0x2b NV_ESC_RM_ALLOC, 0x7fff79430e00)
ioctl(3 /dev/nvidiactl, 0x2a NV_ESC_RM_CONTROL, 0x0080170d NV0080_CTRL_CMD_FIFO_GET_CHANNELLIST, 0x7fff79430f50)
ioctl(3 /dev/nvidiactl, 0x2b NV_ESC_RM_ALLOC, 0x7fff79430f18)
ioctl(3 /dev/nvidiactl, 0x2a NV_ESC_RM_CONTROL, 0xc36f0101 NVC36F_CTRL_GET_CLASS_ENGINEID, 0x7fff79430f00)
ioctl(3 /dev/nvidiactl, 0x2a NV_ESC_RM_CONTROL, 0xc56f010b NVC56F_CTRL_CMD_GET_KMB, 0x7fff79430eb0)
ioctl(3 /dev/nvidiactl, 0x2a NV_ESC_RM_CONTROL, 0xc36f0108 NVC36F_CTRL_CMD_GPFIFO_GET_WORK_SUBMIT_TOKEN, 0x7fff79430f5c)
ioctl(3 /dev/nvidiactl, 0x4a NV_ESC_RM_VID_HEAP_CONTROL, 0x00000000)
ioctl(4 /dev/nvidia-uvm, 0x49 UVM_CREATE_EXTERNAL_RANGE, 0x00000000)
ioctl(4 /dev/nvidia-uvm, 0x21 UVM_MAP_EXTERNAL_ALLOCATION, 0x00000000)
mmap(0x0, 0x101000, 0x3 PROT_WRITE|PROT_EXEC, 0x22 MAP_ANON|MAP_COPY, ffffffff, 0x0)
mmap(0x0, 0x1000, 0x3 PROT_WRITE|PROT_EXEC, 0x21 MAP_FILE|MAP_COPY, ffffffff, 0x0)
ioctl(7 /dev/nvidia0, 0x27 NV_ESC_RM_ALLOC_MEMORY, 0x40001010)
ioctl(3 /dev/nvidiactl, 0x2b NV_ESC_RM_ALLOC, 0x7fff79430e00)
ioctl(3 /dev/nvidiactl, 0x2a NV_ESC_RM_CONTROL, 0x0080170d NV0080_CTRL_CMD_FIFO_GET_CHANNELLIST, 0x7fff79430f50)
ioctl(3 /dev/nvidiactl, 0x2b NV_ESC_RM_ALLOC, 0x7fff79430f18)
ioctl(3 /dev/nvidiactl, 0x2a NV_ESC_RM_CONTROL, 0xc36f0101 NVC36F_CTRL_GET_CLASS_ENGINEID, 0x7fff79430f00)
ioctl(3 /dev/nvidiactl, 0x2a NV_ESC_RM_CONTROL, 0xc56f010b NVC56F_CTRL_CMD_GET_KMB, 0x7fff79430eb0)
ioctl(3 /dev/nvidiactl, 0x2a NV_ESC_RM_CONTROL, 0xc36f0108 NVC36F_CTRL_CMD_GPFIFO_GET_WORK_SUBMIT_TOKEN, 0x7fff79430f5c)
ioctl(3 /dev/nvidiactl, 0x4a NV_ESC_RM_VID_HEAP_CONTROL, 0x00000000)
ioctl(4 /dev/nvidia-uvm, 0x49 UVM_CREATE_EXTERNAL_RANGE, 0x00000000)
ioctl(4 /dev/nvidia-uvm, 0x21 UVM_MAP_EXTERNAL_ALLOCATION, 0x00000000)
mmap(0x0, 0x101000, 0x3 PROT_WRITE|PROT_EXEC, 0x22 MAP_ANON|MAP_COPY, ffffffff, 0x0)
mmap(0x0, 0x1000, 0x3 PROT_EXEC|PROT_WRITE, 0x21 MAP_FILE|MAP_COPY, ffffffff, 0x0)
ioctl(7 /dev/nvidia0, 0x27 NV_ESC_RM_ALLOC_MEMORY, 0x40001010)
ioctl(3 /dev/nvidiactl, 0x2b NV_ESC_RM_ALLOC, 0x7fff79430e00)
ioctl(3 /dev/nvidiactl, 0x2a NV_ESC_RM_CONTROL, 0x0080170d NV0080_CTRL_CMD_FIFO_GET_CHANNELLIST, 0x7fff79430f50)
ioctl(3 /dev/nvidiactl, 0x2b NV_ESC_RM_ALLOC, 0x7fff79430f18)
ioctl(3 /dev/nvidiactl, 0x2a NV_ESC_RM_CONTROL, 0xc36f0101 NVC36F_CTRL_GET_CLASS_ENGINEID, 0x7fff79430f00)
ioctl(3 /dev/nvidiactl, 0x2a NV_ESC_RM_CONTROL, 0xc56f010b NVC56F_CTRL_CMD_GET_KMB, 0x7fff79430eb0)
ioctl(3 /dev/nvidiactl, 0x2a NV_ESC_RM_CONTROL, 0xc36f0108 NVC36F_CTRL_CMD_GPFIFO_GET_WORK_SUBMIT_TOKEN, 0x7fff79430f5c)
ioctl(3 /dev/nvidiactl, 0x4a NV_ESC_RM_VID_HEAP_CONTROL, 0x00000000)
ioctl(4 /dev/nvidia-uvm, 0x49 UVM_CREATE_EXTERNAL_RANGE, 0x00000000)
ioctl(4 /dev/nvidia-uvm, 0x21 UVM_MAP_EXTERNAL_ALLOCATION, 0x00000000)
mmap(0x0, 0x101000, 0x3 PROT_EXEC|PROT_WRITE, 0x22 MAP_ANON|MAP_COPY, ffffffff, 0x0)
mmap(0x0, 0x1000, 0x3 PROT_WRITE|PROT_EXEC, 0x21 MAP_FILE|MAP_COPY, ffffffff, 0x0)
ioctl(7 /dev/nvidia0, 0x27 NV_ESC_RM_ALLOC_MEMORY, 0x40001010)
ioctl(3 /dev/nvidiactl, 0x2b NV_ESC_RM_ALLOC, 0x7fff79430e00)
ioctl(3 /dev/nvidiactl, 0x2a NV_ESC_RM_CONTROL, 0x0080170d NV0080_CTRL_CMD_FIFO_GET_CHANNELLIST, 0x7fff79430f50)
ioctl(3 /dev/nvidiactl, 0x2b NV_ESC_RM_ALLOC, 0x7fff79430f18)
ioctl(3 /dev/nvidiactl, 0x2a NV_ESC_RM_CONTROL, 0xc36f0101 NVC36F_CTRL_GET_CLASS_ENGINEID, 0x7fff79430f00)
ioctl(3 /dev/nvidiactl, 0x2a NV_ESC_RM_CONTROL, 0xc56f010b NVC56F_CTRL_CMD_GET_KMB, 0x7fff79430eb0)
ioctl(3 /dev/nvidiactl, 0x2a NV_ESC_RM_CONTROL, 0xc36f0108 NVC36F_CTRL_CMD_GPFIFO_GET_WORK_SUBMIT_TOKEN, 0x7fff79430f5c)
ioctl(4 /dev/nvidia-uvm, 0x1b UVM_REGISTER_CHANNEL, 0xc1d0002400000003)
ioctl(4 /dev/nvidia-uvm, 0x1b UVM_REGISTER_CHANNEL, 0xc1d0002400000003)
ioctl(4 /dev/nvidia-uvm, 0x1b UVM_REGISTER_CHANNEL, 0xc1d0002400000003)
ioctl(4 /dev/nvidia-uvm, 0x1b UVM_REGISTER_CHANNEL, 0xc1d0002400000003)
ioctl(4 /dev/nvidia-uvm, 0x1b UVM_REGISTER_CHANNEL, 0xc1d0002400000003)
ioctl(4 /dev/nvidia-uvm, 0x1b UVM_REGISTER_CHANNEL, 0xc1d0002400000003)
ioctl(4 /dev/nvidia-uvm, 0x1b UVM_REGISTER_CHANNEL, 0xc1d0002400000003)
ioctl(4 /dev/nvidia-uvm, 0x1b UVM_REGISTER_CHANNEL, 0xc1d0002400000003)
ioctl(3 /dev/nvidiactl, 0x2a NV_ESC_RM_CONTROL, 0xa06c0101 NVA06C_CTRL_CMD_GPFIFO_SCHEDULE, 0x7fff7943139e)
openat(AT_FDCWD, /dev/nvidia0, 0x80002)
ioctl(16 /dev/nvidia0, 0xc9 NV_ESC_REGISTER_FD, 0x00000000)
ioctl(16 /dev/nvidia0, 0xce NV_ESC_ALLOC_OS_EVENT, 0x100000003)
ioctl(16 /dev/nvidia0, 0x2b NV_ESC_RM_ALLOC, 0x7fff79431200)
ioctl(3 /dev/nvidiactl, 0x2b NV_ESC_RM_ALLOC, 0x7fff79431180)
ioctl(3 /dev/nvidiactl, 0x4a NV_ESC_RM_VID_HEAP_CONTROL, 0x00000000)
ioctl(4 /dev/nvidia-uvm, 0x49 UVM_CREATE_EXTERNAL_RANGE, 0x00000000)
ioctl(4 /dev/nvidia-uvm, 0x21 UVM_MAP_EXTERNAL_ALLOCATION, 0x00000000)
mmap(0x0, 0x101000, 0x3 PROT_WRITE|PROT_EXEC, 0x22 MAP_ANON|MAP_COPY, ffffffff, 0x0)
mmap(0x0, 0x1000, 0x3 PROT_WRITE|PROT_EXEC, 0x21 MAP_FILE|MAP_COPY, ffffffff, 0x0)
ioctl(7 /dev/nvidia0, 0x27 NV_ESC_RM_ALLOC_MEMORY, 0x40001010)
ioctl(3 /dev/nvidiactl, 0x2b NV_ESC_RM_ALLOC, 0x7fff79430e00)
ioctl(3 /dev/nvidiactl, 0x2a NV_ESC_RM_CONTROL, 0x0080170d NV0080_CTRL_CMD_FIFO_GET_CHANNELLIST, 0x7fff79430f50)
ioctl(3 /dev/nvidiactl, 0x2b NV_ESC_RM_ALLOC, 0x7fff79430f18)
ioctl(3 /dev/nvidiactl, 0x2a NV_ESC_RM_CONTROL, 0xc36f0101 NVC36F_CTRL_GET_CLASS_ENGINEID, 0x7fff79430f00)
ioctl(3 /dev/nvidiactl, 0x2a NV_ESC_RM_CONTROL, 0xc56f010b NVC56F_CTRL_CMD_GET_KMB, 0x7fff79430eb0)
ioctl(3 /dev/nvidiactl, 0x2a NV_ESC_RM_CONTROL, 0xc36f0108 NVC36F_CTRL_CMD_GPFIFO_GET_WORK_SUBMIT_TOKEN, 0x7fff79430f5c)
ioctl(3 /dev/nvidiactl, 0x4a NV_ESC_RM_VID_HEAP_CONTROL, 0x00000000)
ioctl(4 /dev/nvidia-uvm, 0x49 UVM_CREATE_EXTERNAL_RANGE, 0x00000000)
ioctl(4 /dev/nvidia-uvm, 0x21 UVM_MAP_EXTERNAL_ALLOCATION, 0x00000000)
mmap(0x0, 0x101000, 0x3 PROT_WRITE|PROT_EXEC, 0x22 MAP_ANON|MAP_COPY, ffffffff, 0x0)
mmap(0x0, 0x1000, 0x3 PROT_WRITE|PROT_EXEC, 0x21 MAP_FILE|MAP_COPY, ffffffff, 0x0)
ioctl(7 /dev/nvidia0, 0x27 NV_ESC_RM_ALLOC_MEMORY, 0x40001010)
ioctl(3 /dev/nvidiactl, 0x2b NV_ESC_RM_ALLOC, 0x7fff79430e00)
ioctl(3 /dev/nvidiactl, 0x2a NV_ESC_RM_CONTROL, 0x0080170d NV0080_CTRL_CMD_FIFO_GET_CHANNELLIST, 0x7fff79430f50)
ioctl(3 /dev/nvidiactl, 0x2b NV_ESC_RM_ALLOC, 0x7fff79430f18)
ioctl(3 /dev/nvidiactl, 0x2a NV_ESC_RM_CONTROL, 0xc36f0101 NVC36F_CTRL_GET_CLASS_ENGINEID, 0x7fff79430f00)
ioctl(3 /dev/nvidiactl, 0x2a NV_ESC_RM_CONTROL, 0xc56f010b NVC56F_CTRL_CMD_GET_KMB, 0x7fff79430eb0)
ioctl(3 /dev/nvidiactl, 0x2a NV_ESC_RM_CONTROL, 0xc36f0108 NVC36F_CTRL_CMD_GPFIFO_GET_WORK_SUBMIT_TOKEN, 0x7fff79430f5c)
ioctl(3 /dev/nvidiactl, 0x4a NV_ESC_RM_VID_HEAP_CONTROL, 0x00000000)
ioctl(4 /dev/nvidia-uvm, 0x49 UVM_CREATE_EXTERNAL_RANGE, 0x00000000)
ioctl(4 /dev/nvidia-uvm, 0x21 UVM_MAP_EXTERNAL_ALLOCATION, 0x00000000)
mmap(0x0, 0x101000, 0x3 PROT_WRITE|PROT_EXEC, 0x22 MAP_ANON|MAP_COPY, ffffffff, 0x0)
mmap(0x0, 0x1000, 0x3 PROT_EXEC|PROT_WRITE, 0x21 MAP_FILE|MAP_COPY, ffffffff, 0x0)
ioctl(7 /dev/nvidia0, 0x27 NV_ESC_RM_ALLOC_MEMORY, 0x40001010)
ioctl(3 /dev/nvidiactl, 0x2b NV_ESC_RM_ALLOC, 0x7fff79430e00)
ioctl(3 /dev/nvidiactl, 0x2a NV_ESC_RM_CONTROL, 0x0080170d NV0080_CTRL_CMD_FIFO_GET_CHANNELLIST, 0x7fff79430f50)
ioctl(3 /dev/nvidiactl, 0x2b NV_ESC_RM_ALLOC, 0x7fff79430f18)
ioctl(3 /dev/nvidiactl, 0x2a NV_ESC_RM_CONTROL, 0xc36f0101 NVC36F_CTRL_GET_CLASS_ENGINEID, 0x7fff79430f00)
ioctl(3 /dev/nvidiactl, 0x2a NV_ESC_RM_CONTROL, 0xc56f010b NVC56F_CTRL_CMD_GET_KMB, 0x7fff79430eb0)
ioctl(3 /dev/nvidiactl, 0x2a NV_ESC_RM_CONTROL, 0xc36f0108 NVC36F_CTRL_CMD_GPFIFO_GET_WORK_SUBMIT_TOKEN, 0x7fff79430f5c)
ioctl(3 /dev/nvidiactl, 0x4a NV_ESC_RM_VID_HEAP_CONTROL, 0x00000000)
ioctl(4 /dev/nvidia-uvm, 0x49 UVM_CREATE_EXTERNAL_RANGE, 0x00000000)
ioctl(4 /dev/nvidia-uvm, 0x21 UVM_MAP_EXTERNAL_ALLOCATION, 0x00000000)
mmap(0x0, 0x101000, 0x3 PROT_WRITE|PROT_EXEC, 0x22 MAP_ANON|MAP_COPY, ffffffff, 0x0)
mmap(0x0, 0x1000, 0x3 PROT_WRITE|PROT_EXEC, 0x21 MAP_FILE|MAP_COPY, ffffffff, 0x0)
ioctl(7 /dev/nvidia0, 0x27 NV_ESC_RM_ALLOC_MEMORY, 0x40001010)
ioctl(3 /dev/nvidiactl, 0x2b NV_ESC_RM_ALLOC, 0x7fff79430e00)
ioctl(3 /dev/nvidiactl, 0x2a NV_ESC_RM_CONTROL, 0x0080170d NV0080_CTRL_CMD_FIFO_GET_CHANNELLIST, 0x7fff79430f50)
ioctl(3 /dev/nvidiactl, 0x2b NV_ESC_RM_ALLOC, 0x7fff79430f18)
ioctl(3 /dev/nvidiactl, 0x2a NV_ESC_RM_CONTROL, 0xc36f0101 NVC36F_CTRL_GET_CLASS_ENGINEID, 0x7fff79430f00)
ioctl(3 /dev/nvidiactl, 0x2a NV_ESC_RM_CONTROL, 0xc56f010b NVC56F_CTRL_CMD_GET_KMB, 0x7fff79430eb0)
ioctl(3 /dev/nvidiactl, 0x2a NV_ESC_RM_CONTROL, 0xc36f0108 NVC36F_CTRL_CMD_GPFIFO_GET_WORK_SUBMIT_TOKEN, 0x7fff79430f5c)
ioctl(3 /dev/nvidiactl, 0x4a NV_ESC_RM_VID_HEAP_CONTROL, 0x00000000)
ioctl(4 /dev/nvidia-uvm, 0x49 UVM_CREATE_EXTERNAL_RANGE, 0x00000000)
ioctl(4 /dev/nvidia-uvm, 0x21 UVM_MAP_EXTERNAL_ALLOCATION, 0x00000000)
mmap(0x0, 0x101000, 0x3 PROT_EXEC|PROT_WRITE, 0x22 MAP_ANON|MAP_COPY, ffffffff, 0x0)
mmap(0x0, 0x1000, 0x3 PROT_WRITE|PROT_EXEC, 0x21 MAP_FILE|MAP_COPY, ffffffff, 0x0)
ioctl(7 /dev/nvidia0, 0x27 NV_ESC_RM_ALLOC_MEMORY, 0x40001010)
ioctl(3 /dev/nvidiactl, 0x2b NV_ESC_RM_ALLOC, 0x7fff79430e00)
ioctl(3 /dev/nvidiactl, 0x2a NV_ESC_RM_CONTROL, 0x0080170d NV0080_CTRL_CMD_FIFO_GET_CHANNELLIST, 0x7fff79430f50)
ioctl(3 /dev/nvidiactl, 0x2b NV_ESC_RM_ALLOC, 0x7fff79430f18)
ioctl(3 /dev/nvidiactl, 0x2a NV_ESC_RM_CONTROL, 0xc36f0101 NVC36F_CTRL_GET_CLASS_ENGINEID, 0x7fff79430f00)
ioctl(3 /dev/nvidiactl, 0x2a NV_ESC_RM_CONTROL, 0xc56f010b NVC56F_CTRL_CMD_GET_KMB, 0x7fff79430eb0)
ioctl(3 /dev/nvidiactl, 0x2a NV_ESC_RM_CONTROL, 0xc36f0108 NVC36F_CTRL_CMD_GPFIFO_GET_WORK_SUBMIT_TOKEN, 0x7fff79430f5c)
ioctl(3 /dev/nvidiactl, 0x4a NV_ESC_RM_VID_HEAP_CONTROL, 0x00000000)
ioctl(4 /dev/nvidia-uvm, 0x49 UVM_CREATE_EXTERNAL_RANGE, 0x00000000)
ioctl(4 /dev/nvidia-uvm, 0x21 UVM_MAP_EXTERNAL_ALLOCATION, 0x00000000)
mmap(0x0, 0x101000, 0x3 PROT_WRITE|PROT_EXEC, 0x22 MAP_ANON|MAP_COPY, ffffffff, 0x0)
mmap(0x0, 0x1000, 0x3 PROT_WRITE|PROT_EXEC, 0x21 MAP_FILE|MAP_COPY, ffffffff, 0x0)
ioctl(7 /dev/nvidia0, 0x27 NV_ESC_RM_ALLOC_MEMORY, 0x40001010)
ioctl(3 /dev/nvidiactl, 0x2b NV_ESC_RM_ALLOC, 0x7fff79430e00)
ioctl(3 /dev/nvidiactl, 0x2a NV_ESC_RM_CONTROL, 0x0080170d NV0080_CTRL_CMD_FIFO_GET_CHANNELLIST, 0x7fff79430f50)
ioctl(3 /dev/nvidiactl, 0x2b NV_ESC_RM_ALLOC, 0x7fff79430f18)
ioctl(3 /dev/nvidiactl, 0x2a NV_ESC_RM_CONTROL, 0xc36f0101 NVC36F_CTRL_GET_CLASS_ENGINEID, 0x7fff79430f00)
ioctl(3 /dev/nvidiactl, 0x2a NV_ESC_RM_CONTROL, 0xc56f010b NVC56F_CTRL_CMD_GET_KMB, 0x7fff79430eb0)
ioctl(3 /dev/nvidiactl, 0x2a NV_ESC_RM_CONTROL, 0xc36f0108 NVC36F_CTRL_CMD_GPFIFO_GET_WORK_SUBMIT_TOKEN, 0x7fff79430f5c)
ioctl(3 /dev/nvidiactl, 0x4a NV_ESC_RM_VID_HEAP_CONTROL, 0x00000000)
ioctl(4 /dev/nvidia-uvm, 0x49 UVM_CREATE_EXTERNAL_RANGE, 0x00000000)
ioctl(4 /dev/nvidia-uvm, 0x21 UVM_MAP_EXTERNAL_ALLOCATION, 0x00000000)
mmap(0x0, 0x101000, 0x3 PROT_WRITE|PROT_EXEC, 0x22 MAP_ANON|MAP_COPY, ffffffff, 0x0)
mmap(0x0, 0x1000, 0x3 PROT_WRITE|PROT_EXEC, 0x21 MAP_FILE|MAP_COPY, ffffffff, 0x0)
ioctl(7 /dev/nvidia0, 0x27 NV_ESC_RM_ALLOC_MEMORY, 0x40001010)
ioctl(3 /dev/nvidiactl, 0x2b NV_ESC_RM_ALLOC, 0x7fff79430e00)
ioctl(3 /dev/nvidiactl, 0x2a NV_ESC_RM_CONTROL, 0x0080170d NV0080_CTRL_CMD_FIFO_GET_CHANNELLIST, 0x7fff79430f50)
ioctl(3 /dev/nvidiactl, 0x2b NV_ESC_RM_ALLOC, 0x7fff79430f18)
ioctl(3 /dev/nvidiactl, 0x2a NV_ESC_RM_CONTROL, 0xc36f0101 NVC36F_CTRL_GET_CLASS_ENGINEID, 0x7fff79430f00)
ioctl(3 /dev/nvidiactl, 0x2a NV_ESC_RM_CONTROL, 0xc56f010b NVC56F_CTRL_CMD_GET_KMB, 0x7fff79430eb0)
ioctl(3 /dev/nvidiactl, 0x2a NV_ESC_RM_CONTROL, 0xc36f0108 NVC36F_CTRL_CMD_GPFIFO_GET_WORK_SUBMIT_TOKEN, 0x7fff79430f5c)
ioctl(3 /dev/nvidiactl, 0x4a NV_ESC_RM_VID_HEAP_CONTROL, 0x00000000)
ioctl(4 /dev/nvidia-uvm, 0x49 UVM_CREATE_EXTERNAL_RANGE, 0x00000000)
ioctl(4 /dev/nvidia-uvm, 0x21 UVM_MAP_EXTERNAL_ALLOCATION, 0x00000000)
mmap(0x0, 0x101000, 0x3 PROT_WRITE|PROT_EXEC, 0x22 MAP_ANON|MAP_COPY, ffffffff, 0x0)
mmap(0x0, 0x1000, 0x3 PROT_WRITE|PROT_EXEC, 0x21 MAP_FILE|MAP_COPY, ffffffff, 0x0)
ioctl(7 /dev/nvidia0, 0x27 NV_ESC_RM_ALLOC_MEMORY, 0x40001010)
ioctl(3 /dev/nvidiactl, 0x2b NV_ESC_RM_ALLOC, 0x7fff79430e00)
ioctl(3 /dev/nvidiactl, 0x2a NV_ESC_RM_CONTROL, 0x0080170d NV0080_CTRL_CMD_FIFO_GET_CHANNELLIST, 0x7fff79430f50)
ioctl(3 /dev/nvidiactl, 0x2b NV_ESC_RM_ALLOC, 0x7fff79430f18)
ioctl(3 /dev/nvidiactl, 0x2a NV_ESC_RM_CONTROL, 0xc36f0101 NVC36F_CTRL_GET_CLASS_ENGINEID, 0x7fff79430f00)
ioctl(3 /dev/nvidiactl, 0x2a NV_ESC_RM_CONTROL, 0xc56f010b NVC56F_CTRL_CMD_GET_KMB, 0x7fff79430eb0)
ioctl(3 /dev/nvidiactl, 0x2a NV_ESC_RM_CONTROL, 0xc36f0108 NVC36F_CTRL_CMD_GPFIFO_GET_WORK_SUBMIT_TOKEN, 0x7fff79430f5c)
ioctl(4 /dev/nvidia-uvm, 0x1b UVM_REGISTER_CHANNEL, 0xc1d0002400000003)
ioctl(4 /dev/nvidia-uvm, 0x1b UVM_REGISTER_CHANNEL, 0xc1d0002400000003)
ioctl(4 /dev/nvidia-uvm, 0x1b UVM_REGISTER_CHANNEL, 0xc1d0002400000003)
ioctl(4 /dev/nvidia-uvm, 0x1b UVM_REGISTER_CHANNEL, 0xc1d0002400000003)
ioctl(4 /dev/nvidia-uvm, 0x1b UVM_REGISTER_CHANNEL, 0xc1d0002400000003)
ioctl(4 /dev/nvidia-uvm, 0x1b UVM_REGISTER_CHANNEL, 0xc1d0002400000003)
ioctl(4 /dev/nvidia-uvm, 0x1b UVM_REGISTER_CHANNEL, 0xc1d0002400000003)
ioctl(4 /dev/nvidia-uvm, 0x1b UVM_REGISTER_CHANNEL, 0xc1d0002400000003)
ioctl(3 /dev/nvidiactl, 0x2a NV_ESC_RM_CONTROL, 0xa06c0101 NVA06C_CTRL_CMD_GPFIFO_SCHEDULE, 0x7fff7943139e)
openat(AT_FDCWD, /dev/nvidia0, 0x80002)
ioctl(18 /dev/nvidia0, 0xc9 NV_ESC_REGISTER_FD, 0x00000000)
ioctl(18 /dev/nvidia0, 0xce NV_ESC_ALLOC_OS_EVENT, 0x100000003)
ioctl(18 /dev/nvidia0, 0x2b NV_ESC_RM_ALLOC, 0x7fff79431200)
ioctl(3 /dev/nvidiactl, 0x2b NV_ESC_RM_ALLOC, 0x7fff79431180)
ioctl(3 /dev/nvidiactl, 0x2b NV_ESC_RM_ALLOC, 0x7fff79431184)
ioctl(3 /dev/nvidiactl, 0x4a NV_ESC_RM_VID_HEAP_CONTROL, 0x00000000)
ioctl(4 /dev/nvidia-uvm, 0x49 UVM_CREATE_EXTERNAL_RANGE, 0x00000000)
ioctl(4 /dev/nvidia-uvm, 0x21 UVM_MAP_EXTERNAL_ALLOCATION, 0x00000000)
mmap(0x0, 0x401000, 0x3 PROT_WRITE|PROT_EXEC, 0x22 MAP_ANON|MAP_COPY, ffffffff, 0x0)
mmap(0x0, 0x1000, 0x3 PROT_EXEC|PROT_WRITE, 0x21 MAP_FILE|MAP_COPY, ffffffff, 0x0)
ioctl(7 /dev/nvidia0, 0x27 NV_ESC_RM_ALLOC_MEMORY, 0x40001010)
ioctl(3 /dev/nvidiactl, 0x2b NV_ESC_RM_ALLOC, 0x7fff79430e00)
ioctl(3 /dev/nvidiactl, 0x2a NV_ESC_RM_CONTROL, 0x0080170d NV0080_CTRL_CMD_FIFO_GET_CHANNELLIST, 0x7fff79430f50)
ioctl(3 /dev/nvidiactl, 0x2b NV_ESC_RM_ALLOC, 0x00000000)
ioctl(3 /dev/nvidiactl, 0x2a NV_ESC_RM_CONTROL, 0xc36f0101 NVC36F_CTRL_GET_CLASS_ENGINEID, 0x7fff79430f00)
ioctl(3 /dev/nvidiactl, 0x2b NV_ESC_RM_ALLOC, 0x7fff79430f18)
ioctl(3 /dev/nvidiactl, 0x2a NV_ESC_RM_CONTROL, 0xc36f0101 NVC36F_CTRL_GET_CLASS_ENGINEID, 0x7fff79430f00)
ioctl(3 /dev/nvidiactl, 0x2a NV_ESC_RM_CONTROL, 0xc36f0108 NVC36F_CTRL_CMD_GPFIFO_GET_WORK_SUBMIT_TOKEN, 0x7fff79430f5c)
ioctl(3 /dev/nvidiactl, 0x2a NV_ESC_RM_CONTROL, 0x20801218 NV2080_CTRL_CMD_GR_GET_CTX_BUFFER_SIZE, 0x7fff79430f50)
ioctl(3 /dev/nvidiactl, 0x4a NV_ESC_RM_VID_HEAP_CONTROL, 0x00000000)
ioctl(4 /dev/nvidia-uvm, 0x49 UVM_CREATE_EXTERNAL_RANGE, 0x00000000)
ioctl(4 /dev/nvidia-uvm, 0x21 UVM_MAP_EXTERNAL_ALLOCATION, 0x00000000)
mmap(0x0, 0x401000, 0x3 PROT_WRITE|PROT_EXEC, 0x22 MAP_ANON|MAP_COPY, ffffffff, 0x0)
mmap(0x0, 0x1000, 0x3 PROT_WRITE|PROT_EXEC, 0x21 MAP_FILE|MAP_COPY, ffffffff, 0x0)
ioctl(7 /dev/nvidia0, 0x27 NV_ESC_RM_ALLOC_MEMORY, 0x40001010)
ioctl(3 /dev/nvidiactl, 0x2b NV_ESC_RM_ALLOC, 0x7fff79430e00)
ioctl(3 /dev/nvidiactl, 0x2a NV_ESC_RM_CONTROL, 0x0080170d NV0080_CTRL_CMD_FIFO_GET_CHANNELLIST, 0x7fff79430f50)
ioctl(3 /dev/nvidiactl, 0x2b NV_ESC_RM_ALLOC, 0x00000000)
ioctl(3 /dev/nvidiactl, 0x2a NV_ESC_RM_CONTROL, 0xc36f0101 NVC36F_CTRL_GET_CLASS_ENGINEID, 0x7fff79430f00)
ioctl(3 /dev/nvidiactl, 0x2b NV_ESC_RM_ALLOC, 0x7fff79430f18)
ioctl(3 /dev/nvidiactl, 0x2a NV_ESC_RM_CONTROL, 0xc36f0101 NVC36F_CTRL_GET_CLASS_ENGINEID, 0x7fff79430f00)
ioctl(3 /dev/nvidiactl, 0x2a NV_ESC_RM_CONTROL, 0xc36f0108 NVC36F_CTRL_CMD_GPFIFO_GET_WORK_SUBMIT_TOKEN, 0x7fff79430f5c)
ioctl(3 /dev/nvidiactl, 0x2a NV_ESC_RM_CONTROL, 0x20801218 NV2080_CTRL_CMD_GR_GET_CTX_BUFFER_SIZE, 0x7fff79430f50)
ioctl(3 /dev/nvidiactl, 0x4a NV_ESC_RM_VID_HEAP_CONTROL, 0x00000000)
ioctl(4 /dev/nvidia-uvm, 0x49 UVM_CREATE_EXTERNAL_RANGE, 0x00000000)
ioctl(4 /dev/nvidia-uvm, 0x21 UVM_MAP_EXTERNAL_ALLOCATION, 0x00000000)
mmap(0x0, 0x401000, 0x3 PROT_WRITE|PROT_EXEC, 0x22 MAP_ANON|MAP_COPY, ffffffff, 0x0)
mmap(0x0, 0x1000, 0x3 PROT_WRITE|PROT_EXEC, 0x21 MAP_FILE|MAP_COPY, ffffffff, 0x0)
ioctl(7 /dev/nvidia0, 0x27 NV_ESC_RM_ALLOC_MEMORY, 0x40001010)
ioctl(3 /dev/nvidiactl, 0x2b NV_ESC_RM_ALLOC, 0x7fff79430e00)
ioctl(3 /dev/nvidiactl, 0x2a NV_ESC_RM_CONTROL, 0x0080170d NV0080_CTRL_CMD_FIFO_GET_CHANNELLIST, 0x7fff79430f50)
ioctl(3 /dev/nvidiactl, 0x2b NV_ESC_RM_ALLOC, 0x00000000)
ioctl(3 /dev/nvidiactl, 0x2a NV_ESC_RM_CONTROL, 0xc36f0101 NVC36F_CTRL_GET_CLASS_ENGINEID, 0x7fff79430f00)
ioctl(3 /dev/nvidiactl, 0x2b NV_ESC_RM_ALLOC, 0x7fff79430f18)
ioctl(3 /dev/nvidiactl, 0x2a NV_ESC_RM_CONTROL, 0xc36f0101 NVC36F_CTRL_GET_CLASS_ENGINEID, 0x7fff79430f00)
ioctl(3 /dev/nvidiactl, 0x2a NV_ESC_RM_CONTROL, 0xc36f0108 NVC36F_CTRL_CMD_GPFIFO_GET_WORK_SUBMIT_TOKEN, 0x7fff79430f5c)
ioctl(3 /dev/nvidiactl, 0x2a NV_ESC_RM_CONTROL, 0x20801218 NV2080_CTRL_CMD_GR_GET_CTX_BUFFER_SIZE, 0x7fff79430f50)
ioctl(3 /dev/nvidiactl, 0x4a NV_ESC_RM_VID_HEAP_CONTROL, 0x00000000)
ioctl(4 /dev/nvidia-uvm, 0x49 UVM_CREATE_EXTERNAL_RANGE, 0x00000000)
ioctl(4 /dev/nvidia-uvm, 0x21 UVM_MAP_EXTERNAL_ALLOCATION, 0x00000000)
mmap(0x0, 0x401000, 0x3 PROT_WRITE|PROT_EXEC, 0x22 MAP_ANON|MAP_COPY, ffffffff, 0x0)
mmap(0x0, 0x1000, 0x3 PROT_WRITE|PROT_EXEC, 0x21 MAP_FILE|MAP_COPY, ffffffff, 0x0)
ioctl(7 /dev/nvidia0, 0x27 NV_ESC_RM_ALLOC_MEMORY, 0x40001010)
ioctl(3 /dev/nvidiactl, 0x2b NV_ESC_RM_ALLOC, 0x7fff79430e00)
ioctl(3 /dev/nvidiactl, 0x2a NV_ESC_RM_CONTROL, 0x0080170d NV0080_CTRL_CMD_FIFO_GET_CHANNELLIST, 0x7fff79430f50)
ioctl(3 /dev/nvidiactl, 0x2b NV_ESC_RM_ALLOC, 0x00000000)
ioctl(3 /dev/nvidiactl, 0x2a NV_ESC_RM_CONTROL, 0xc36f0101 NVC36F_CTRL_GET_CLASS_ENGINEID, 0x7fff79430f00)
ioctl(3 /dev/nvidiactl, 0x2b NV_ESC_RM_ALLOC, 0x7fff79430f18)
ioctl(3 /dev/nvidiactl, 0x2a NV_ESC_RM_CONTROL, 0xc36f0101 NVC36F_CTRL_GET_CLASS_ENGINEID, 0x7fff79430f00)
ioctl(3 /dev/nvidiactl, 0x2a NV_ESC_RM_CONTROL, 0xc36f0108 NVC36F_CTRL_CMD_GPFIFO_GET_WORK_SUBMIT_TOKEN, 0x7fff79430f5c)
ioctl(3 /dev/nvidiactl, 0x2a NV_ESC_RM_CONTROL, 0x20801218 NV2080_CTRL_CMD_GR_GET_CTX_BUFFER_SIZE, 0x7fff79430f50)
ioctl(3 /dev/nvidiactl, 0x4a NV_ESC_RM_VID_HEAP_CONTROL, 0x00000000)
ioctl(4 /dev/nvidia-uvm, 0x49 UVM_CREATE_EXTERNAL_RANGE, 0x00000000)
ioctl(4 /dev/nvidia-uvm, 0x21 UVM_MAP_EXTERNAL_ALLOCATION, 0x00000000)
mmap(0x0, 0x401000, 0x3 PROT_WRITE|PROT_EXEC, 0x22 MAP_ANON|MAP_COPY, ffffffff, 0x0)
mmap(0x0, 0x1000, 0x3 PROT_EXEC|PROT_WRITE, 0x21 MAP_FILE|MAP_COPY, ffffffff, 0x0)
ioctl(7 /dev/nvidia0, 0x27 NV_ESC_RM_ALLOC_MEMORY, 0x40001010)
ioctl(3 /dev/nvidiactl, 0x2b NV_ESC_RM_ALLOC, 0x7fff79430e00)
ioctl(3 /dev/nvidiactl, 0x2a NV_ESC_RM_CONTROL, 0x0080170d NV0080_CTRL_CMD_FIFO_GET_CHANNELLIST, 0x7fff79430f50)
ioctl(3 /dev/nvidiactl, 0x2b NV_ESC_RM_ALLOC, 0x00000000)
ioctl(3 /dev/nvidiactl, 0x2a NV_ESC_RM_CONTROL, 0xc36f0101 NVC36F_CTRL_GET_CLASS_ENGINEID, 0x7fff79430f00)
ioctl(3 /dev/nvidiactl, 0x2b NV_ESC_RM_ALLOC, 0x7fff79430f18)
ioctl(3 /dev/nvidiactl, 0x2a NV_ESC_RM_CONTROL, 0xc36f0101 NVC36F_CTRL_GET_CLASS_ENGINEID, 0x7fff79430f00)
ioctl(3 /dev/nvidiactl, 0x2a NV_ESC_RM_CONTROL, 0xc36f0108 NVC36F_CTRL_CMD_GPFIFO_GET_WORK_SUBMIT_TOKEN, 0x7fff79430f5c)
ioctl(3 /dev/nvidiactl, 0x2a NV_ESC_RM_CONTROL, 0x20801218 NV2080_CTRL_CMD_GR_GET_CTX_BUFFER_SIZE, 0x7fff79430f50)
ioctl(3 /dev/nvidiactl, 0x4a NV_ESC_RM_VID_HEAP_CONTROL, 0x00000000)
ioctl(4 /dev/nvidia-uvm, 0x49 UVM_CREATE_EXTERNAL_RANGE, 0x00000000)
ioctl(4 /dev/nvidia-uvm, 0x21 UVM_MAP_EXTERNAL_ALLOCATION, 0x00000000)
mmap(0x0, 0x401000, 0x3 PROT_EXEC|PROT_WRITE, 0x22 MAP_ANON|MAP_COPY, ffffffff, 0x0)
mmap(0x0, 0x1000, 0x3 PROT_WRITE|PROT_EXEC, 0x21 MAP_FILE|MAP_COPY, ffffffff, 0x0)
ioctl(7 /dev/nvidia0, 0x27 NV_ESC_RM_ALLOC_MEMORY, 0x40001010)
ioctl(3 /dev/nvidiactl, 0x2b NV_ESC_RM_ALLOC, 0x7fff79430e00)
ioctl(3 /dev/nvidiactl, 0x2a NV_ESC_RM_CONTROL, 0x0080170d NV0080_CTRL_CMD_FIFO_GET_CHANNELLIST, 0x7fff79430f50)
ioctl(3 /dev/nvidiactl, 0x2b NV_ESC_RM_ALLOC, 0x00000000)
ioctl(3 /dev/nvidiactl, 0x2a NV_ESC_RM_CONTROL, 0xc36f0101 NVC36F_CTRL_GET_CLASS_ENGINEID, 0x7fff79430f00)
ioctl(3 /dev/nvidiactl, 0x2b NV_ESC_RM_ALLOC, 0x7fff79430f18)
ioctl(3 /dev/nvidiactl, 0x2a NV_ESC_RM_CONTROL, 0xc36f0101 NVC36F_CTRL_GET_CLASS_ENGINEID, 0x7fff79430f00)
ioctl(3 /dev/nvidiactl, 0x2a NV_ESC_RM_CONTROL, 0xc36f0108 NVC36F_CTRL_CMD_GPFIFO_GET_WORK_SUBMIT_TOKEN, 0x7fff79430f5c)
ioctl(3 /dev/nvidiactl, 0x2a NV_ESC_RM_CONTROL, 0x20801218 NV2080_CTRL_CMD_GR_GET_CTX_BUFFER_SIZE, 0x7fff79430f50)
ioctl(3 /dev/nvidiactl, 0x4a NV_ESC_RM_VID_HEAP_CONTROL, 0x00000000)
ioctl(4 /dev/nvidia-uvm, 0x49 UVM_CREATE_EXTERNAL_RANGE, 0x00000000)
ioctl(4 /dev/nvidia-uvm, 0x21 UVM_MAP_EXTERNAL_ALLOCATION, 0x00000000)
mmap(0x0, 0x401000, 0x3 PROT_WRITE|PROT_EXEC, 0x22 MAP_ANON|MAP_COPY, ffffffff, 0x0)
mmap(0x0, 0x1000, 0x3 PROT_WRITE|PROT_EXEC, 0x21 MAP_FILE|MAP_COPY, ffffffff, 0x0)
ioctl(7 /dev/nvidia0, 0x27 NV_ESC_RM_ALLOC_MEMORY, 0x40001010)
ioctl(3 /dev/nvidiactl, 0x2b NV_ESC_RM_ALLOC, 0x7fff79430e00)
ioctl(3 /dev/nvidiactl, 0x2a NV_ESC_RM_CONTROL, 0x0080170d NV0080_CTRL_CMD_FIFO_GET_CHANNELLIST, 0x7fff79430f50)
ioctl(3 /dev/nvidiactl, 0x2b NV_ESC_RM_ALLOC, 0x00000000)
ioctl(3 /dev/nvidiactl, 0x2a NV_ESC_RM_CONTROL, 0xc36f0101 NVC36F_CTRL_GET_CLASS_ENGINEID, 0x7fff79430f00)
ioctl(3 /dev/nvidiactl, 0x2b NV_ESC_RM_ALLOC, 0x7fff79430f18)
ioctl(3 /dev/nvidiactl, 0x2a NV_ESC_RM_CONTROL, 0xc36f0101 NVC36F_CTRL_GET_CLASS_ENGINEID, 0x7fff79430f00)
ioctl(3 /dev/nvidiactl, 0x2a NV_ESC_RM_CONTROL, 0xc36f0108 NVC36F_CTRL_CMD_GPFIFO_GET_WORK_SUBMIT_TOKEN, 0x7fff79430f5c)
ioctl(3 /dev/nvidiactl, 0x2a NV_ESC_RM_CONTROL, 0x20801218 NV2080_CTRL_CMD_GR_GET_CTX_BUFFER_SIZE, 0x7fff79430f50)
ioctl(3 /dev/nvidiactl, 0x4a NV_ESC_RM_VID_HEAP_CONTROL, 0x00000000)
ioctl(4 /dev/nvidia-uvm, 0x49 UVM_CREATE_EXTERNAL_RANGE, 0x00000000)
ioctl(4 /dev/nvidia-uvm, 0x21 UVM_MAP_EXTERNAL_ALLOCATION, 0x00000000)
mmap(0x0, 0x401000, 0x3 PROT_WRITE|PROT_EXEC, 0x22 MAP_ANON|MAP_COPY, ffffffff, 0x0)
mmap(0x0, 0x1000, 0x3 PROT_WRITE|PROT_EXEC, 0x21 MAP_FILE|MAP_COPY, ffffffff, 0x0)
ioctl(7 /dev/nvidia0, 0x27 NV_ESC_RM_ALLOC_MEMORY, 0x40001010)
ioctl(3 /dev/nvidiactl, 0x2b NV_ESC_RM_ALLOC, 0x7fff79430e00)
ioctl(3 /dev/nvidiactl, 0x2a NV_ESC_RM_CONTROL, 0x0080170d NV0080_CTRL_CMD_FIFO_GET_CHANNELLIST, 0x7fff79430f50)
ioctl(3 /dev/nvidiactl, 0x2b NV_ESC_RM_ALLOC, 0x00000000)
ioctl(3 /dev/nvidiactl, 0x2a NV_ESC_RM_CONTROL, 0xc36f0101 NVC36F_CTRL_GET_CLASS_ENGINEID, 0x7fff79430f00)
ioctl(3 /dev/nvidiactl, 0x2b NV_ESC_RM_ALLOC, 0x7fff79430f18)
ioctl(3 /dev/nvidiactl, 0x2a NV_ESC_RM_CONTROL, 0xc36f0101 NVC36F_CTRL_GET_CLASS_ENGINEID, 0x7fff79430f00)
ioctl(3 /dev/nvidiactl, 0x2a NV_ESC_RM_CONTROL, 0xc36f0108 NVC36F_CTRL_CMD_GPFIFO_GET_WORK_SUBMIT_TOKEN, 0x7fff79430f5c)
ioctl(3 /dev/nvidiactl, 0x2a NV_ESC_RM_CONTROL, 0x20801218 NV2080_CTRL_CMD_GR_GET_CTX_BUFFER_SIZE, 0x7fff79430f50)
ioctl(4 /dev/nvidia-uvm, 0x1b UVM_REGISTER_CHANNEL, 0xc1d0002400000003)
ioctl(4 /dev/nvidia-uvm, 0x1b UVM_REGISTER_CHANNEL, 0xc1d0002400000003)
ioctl(4 /dev/nvidia-uvm, 0x1b UVM_REGISTER_CHANNEL, 0xc1d0002400000003)
ioctl(4 /dev/nvidia-uvm, 0x1b UVM_REGISTER_CHANNEL, 0xc1d0002400000003)
ioctl(4 /dev/nvidia-uvm, 0x1b UVM_REGISTER_CHANNEL, 0xc1d0002400000003)
ioctl(4 /dev/nvidia-uvm, 0x1b UVM_REGISTER_CHANNEL, 0xc1d0002400000003)
ioctl(4 /dev/nvidia-uvm, 0x1b UVM_REGISTER_CHANNEL, 0xc1d0002400000003)
ioctl(4 /dev/nvidia-uvm, 0x1b UVM_REGISTER_CHANNEL, 0xc1d0002400000003)
ioctl(3 /dev/nvidiactl, 0x2a NV_ESC_RM_CONTROL, 0xa06c0101 NVA06C_CTRL_CMD_GPFIFO_SCHEDULE, 0x7fff7943139e)
openat(AT_FDCWD, /dev/nvidia0, 0x80002)
ioctl(20 /dev/nvidia0, 0xc9 NV_ESC_REGISTER_FD, 0x00000000)
ioctl(20 /dev/nvidia0, 0xce NV_ESC_ALLOC_OS_EVENT, 0x00000003)
ioctl(20 /dev/nvidia0, 0x2b NV_ESC_RM_ALLOC, 0x7fff79431200)
ioctl(3 /dev/nvidiactl, 0x2b NV_ESC_RM_ALLOC, 0x7fff79431180)
ioctl(3 /dev/nvidiactl, 0x4a NV_ESC_RM_VID_HEAP_CONTROL, 0x00000000)
ioctl(4 /dev/nvidia-uvm, 0x49 UVM_CREATE_EXTERNAL_RANGE, 0x00000000)
ioctl(4 /dev/nvidia-uvm, 0x21 UVM_MAP_EXTERNAL_ALLOCATION, 0x00000000)
mmap(0x0, 0x101000, 0x3 PROT_WRITE|PROT_EXEC, 0x22 MAP_ANON|MAP_COPY, ffffffff, 0x0)
mmap(0x0, 0x1000, 0x3 PROT_WRITE|PROT_EXEC, 0x21 MAP_FILE|MAP_COPY, ffffffff, 0x0)
ioctl(7 /dev/nvidia0, 0x27 NV_ESC_RM_ALLOC_MEMORY, 0x40001010)
ioctl(3 /dev/nvidiactl, 0x2b NV_ESC_RM_ALLOC, 0x7fff79430e00)
ioctl(3 /dev/nvidiactl, 0x2a NV_ESC_RM_CONTROL, 0x0080170d NV0080_CTRL_CMD_FIFO_GET_CHANNELLIST, 0x7fff79430f50)
ioctl(3 /dev/nvidiactl, 0x2b NV_ESC_RM_ALLOC, 0x7fff79430f18)
ioctl(3 /dev/nvidiactl, 0x2a NV_ESC_RM_CONTROL, 0xc36f0101 NVC36F_CTRL_GET_CLASS_ENGINEID, 0x7fff79430f00)
ioctl(3 /dev/nvidiactl, 0x2a NV_ESC_RM_CONTROL, 0xc56f010b NVC56F_CTRL_CMD_GET_KMB, 0x7fff79430eb0)
ioctl(3 /dev/nvidiactl, 0x2a NV_ESC_RM_CONTROL, 0xc36f0108 NVC36F_CTRL_CMD_GPFIFO_GET_WORK_SUBMIT_TOKEN, 0x7fff79430f5c)
ioctl(3 /dev/nvidiactl, 0x4a NV_ESC_RM_VID_HEAP_CONTROL, 0x00000000)
ioctl(4 /dev/nvidia-uvm, 0x49 UVM_CREATE_EXTERNAL_RANGE, 0x00000000)
ioctl(4 /dev/nvidia-uvm, 0x21 UVM_MAP_EXTERNAL_ALLOCATION, 0x00000000)
mmap(0x0, 0x101000, 0x3 PROT_WRITE|PROT_EXEC, 0x22 MAP_ANON|MAP_COPY, ffffffff, 0x0)
mmap(0x0, 0x1000, 0x3 PROT_WRITE|PROT_EXEC, 0x21 MAP_FILE|MAP_COPY, ffffffff, 0x0)
ioctl(7 /dev/nvidia0, 0x27 NV_ESC_RM_ALLOC_MEMORY, 0x40001010)
ioctl(3 /dev/nvidiactl, 0x2b NV_ESC_RM_ALLOC, 0x7fff79430e00)
ioctl(3 /dev/nvidiactl, 0x2a NV_ESC_RM_CONTROL, 0x0080170d NV0080_CTRL_CMD_FIFO_GET_CHANNELLIST, 0x7fff79430f50)
ioctl(3 /dev/nvidiactl, 0x2b NV_ESC_RM_ALLOC, 0x7fff79430f18)
ioctl(3 /dev/nvidiactl, 0x2a NV_ESC_RM_CONTROL, 0xc36f0101 NVC36F_CTRL_GET_CLASS_ENGINEID, 0x7fff79430f00)
ioctl(3 /dev/nvidiactl, 0x2a NV_ESC_RM_CONTROL, 0xc56f010b NVC56F_CTRL_CMD_GET_KMB, 0x7fff79430eb0)
ioctl(3 /dev/nvidiactl, 0x2a NV_ESC_RM_CONTROL, 0xc36f0108 NVC36F_CTRL_CMD_GPFIFO_GET_WORK_SUBMIT_TOKEN, 0x7fff79430f5c)
ioctl(3 /dev/nvidiactl, 0x4a NV_ESC_RM_VID_HEAP_CONTROL, 0x00000000)
ioctl(4 /dev/nvidia-uvm, 0x49 UVM_CREATE_EXTERNAL_RANGE, 0x00000000)
ioctl(4 /dev/nvidia-uvm, 0x21 UVM_MAP_EXTERNAL_ALLOCATION, 0x00000000)
mmap(0x0, 0x101000, 0x3 PROT_WRITE|PROT_EXEC, 0x22 MAP_ANON|MAP_COPY, ffffffff, 0x0)
mmap(0x0, 0x1000, 0x3 PROT_WRITE|PROT_EXEC, 0x21 MAP_FILE|MAP_COPY, ffffffff, 0x0)
ioctl(7 /dev/nvidia0, 0x27 NV_ESC_RM_ALLOC_MEMORY, 0x40001010)
ioctl(3 /dev/nvidiactl, 0x2b NV_ESC_RM_ALLOC, 0x7fff79430e00)
ioctl(3 /dev/nvidiactl, 0x2a NV_ESC_RM_CONTROL, 0x0080170d NV0080_CTRL_CMD_FIFO_GET_CHANNELLIST, 0x7fff79430f50)
ioctl(3 /dev/nvidiactl, 0x2b NV_ESC_RM_ALLOC, 0x7fff79430f18)
ioctl(3 /dev/nvidiactl, 0x2a NV_ESC_RM_CONTROL, 0xc36f0101 NVC36F_CTRL_GET_CLASS_ENGINEID, 0x7fff79430f00)
ioctl(3 /dev/nvidiactl, 0x2a NV_ESC_RM_CONTROL, 0xc56f010b NVC56F_CTRL_CMD_GET_KMB, 0x7fff79430eb0)
ioctl(3 /dev/nvidiactl, 0x2a NV_ESC_RM_CONTROL, 0xc36f0108 NVC36F_CTRL_CMD_GPFIFO_GET_WORK_SUBMIT_TOKEN, 0x7fff79430f5c)
ioctl(3 /dev/nvidiactl, 0x4a NV_ESC_RM_VID_HEAP_CONTROL, 0x00000000)
ioctl(4 /dev/nvidia-uvm, 0x49 UVM_CREATE_EXTERNAL_RANGE, 0x00000000)
ioctl(4 /dev/nvidia-uvm, 0x21 UVM_MAP_EXTERNAL_ALLOCATION, 0x00000000)
mmap(0x0, 0x101000, 0x3 PROT_WRITE|PROT_EXEC, 0x22 MAP_ANON|MAP_COPY, ffffffff, 0x0)
mmap(0x0, 0x1000, 0x3 PROT_WRITE|PROT_EXEC, 0x21 MAP_FILE|MAP_COPY, ffffffff, 0x0)
ioctl(7 /dev/nvidia0, 0x27 NV_ESC_RM_ALLOC_MEMORY, 0x40001010)
ioctl(3 /dev/nvidiactl, 0x2b NV_ESC_RM_ALLOC, 0x7fff79430e00)
ioctl(3 /dev/nvidiactl, 0x2a NV_ESC_RM_CONTROL, 0x0080170d NV0080_CTRL_CMD_FIFO_GET_CHANNELLIST, 0x7fff79430f50)
ioctl(3 /dev/nvidiactl, 0x2b NV_ESC_RM_ALLOC, 0x7fff79430f18)
ioctl(3 /dev/nvidiactl, 0x2a NV_ESC_RM_CONTROL, 0xc36f0101 NVC36F_CTRL_GET_CLASS_ENGINEID, 0x7fff79430f00)
ioctl(3 /dev/nvidiactl, 0x2a NV_ESC_RM_CONTROL, 0xc56f010b NVC56F_CTRL_CMD_GET_KMB, 0x7fff79430eb0)
ioctl(3 /dev/nvidiactl, 0x2a NV_ESC_RM_CONTROL, 0xc36f0108 NVC36F_CTRL_CMD_GPFIFO_GET_WORK_SUBMIT_TOKEN, 0x7fff79430f5c)
ioctl(4 /dev/nvidia-uvm, 0x1b UVM_REGISTER_CHANNEL, 0xc1d0002400000003)
ioctl(4 /dev/nvidia-uvm, 0x1b UVM_REGISTER_CHANNEL, 0xc1d0002400000003)
ioctl(4 /dev/nvidia-uvm, 0x1b UVM_REGISTER_CHANNEL, 0xc1d0002400000003)
ioctl(4 /dev/nvidia-uvm, 0x1b UVM_REGISTER_CHANNEL, 0xc1d0002400000003)
ioctl(3 /dev/nvidiactl, 0x2a NV_ESC_RM_CONTROL, 0xa06c0101 NVA06C_CTRL_CMD_GPFIFO_SCHEDULE, 0x7fff7943139e)
openat(AT_FDCWD, /dev/nvidia0, 0x80002)
ioctl(22 /dev/nvidia0, 0xc9 NV_ESC_REGISTER_FD, 0x00000000)
ioctl(22 /dev/nvidia0, 0xce NV_ESC_ALLOC_OS_EVENT, 0x100000003)
ioctl(22 /dev/nvidia0, 0x2b NV_ESC_RM_ALLOC, 0x7fff79431200)
ioctl(3 /dev/nvidiactl, 0x2b NV_ESC_RM_ALLOC, 0x7fff79431180)
ioctl(3 /dev/nvidiactl, 0x4a NV_ESC_RM_VID_HEAP_CONTROL, 0x00000000)
ioctl(4 /dev/nvidia-uvm, 0x49 UVM_CREATE_EXTERNAL_RANGE, 0x00000000)
ioctl(4 /dev/nvidia-uvm, 0x21 UVM_MAP_EXTERNAL_ALLOCATION, 0x00000000)
mmap(0x0, 0x101000, 0x3 PROT_WRITE|PROT_EXEC, 0x22 MAP_ANON|MAP_COPY, ffffffff, 0x0)
mmap(0x0, 0x1000, 0x3 PROT_WRITE|PROT_EXEC, 0x21 MAP_FILE|MAP_COPY, ffffffff, 0x0)
ioctl(7 /dev/nvidia0, 0x27 NV_ESC_RM_ALLOC_MEMORY, 0x40001010)
ioctl(3 /dev/nvidiactl, 0x2b NV_ESC_RM_ALLOC, 0x7fff79430e00)
ioctl(3 /dev/nvidiactl, 0x2a NV_ESC_RM_CONTROL, 0x0080170d NV0080_CTRL_CMD_FIFO_GET_CHANNELLIST, 0x7fff79430f50)
ioctl(3 /dev/nvidiactl, 0x2b NV_ESC_RM_ALLOC, 0x7fff79430f18)
ioctl(3 /dev/nvidiactl, 0x2a NV_ESC_RM_CONTROL, 0xc36f0101 NVC36F_CTRL_GET_CLASS_ENGINEID, 0x7fff79430f00)
ioctl(3 /dev/nvidiactl, 0x2a NV_ESC_RM_CONTROL, 0xc56f010b NVC56F_CTRL_CMD_GET_KMB, 0x7fff79430eb0)
ioctl(3 /dev/nvidiactl, 0x2a NV_ESC_RM_CONTROL, 0xc36f0108 NVC36F_CTRL_CMD_GPFIFO_GET_WORK_SUBMIT_TOKEN, 0x7fff79430f5c)
ioctl(3 /dev/nvidiactl, 0x4a NV_ESC_RM_VID_HEAP_CONTROL, 0x00000000)
ioctl(4 /dev/nvidia-uvm, 0x49 UVM_CREATE_EXTERNAL_RANGE, 0x00000000)
ioctl(4 /dev/nvidia-uvm, 0x21 UVM_MAP_EXTERNAL_ALLOCATION, 0x00000000)
mmap(0x0, 0x101000, 0x3 PROT_WRITE|PROT_EXEC, 0x22 MAP_ANON|MAP_COPY, ffffffff, 0x0)
mmap(0x0, 0x1000, 0x3 PROT_WRITE|PROT_EXEC, 0x21 MAP_FILE|MAP_COPY, ffffffff, 0x0)
ioctl(7 /dev/nvidia0, 0x27 NV_ESC_RM_ALLOC_MEMORY, 0x40001010)
ioctl(3 /dev/nvidiactl, 0x2b NV_ESC_RM_ALLOC, 0x7fff79430e00)
ioctl(3 /dev/nvidiactl, 0x2a NV_ESC_RM_CONTROL, 0x0080170d NV0080_CTRL_CMD_FIFO_GET_CHANNELLIST, 0x7fff79430f50)
ioctl(3 /dev/nvidiactl, 0x2b NV_ESC_RM_ALLOC, 0x7fff79430f18)
ioctl(3 /dev/nvidiactl, 0x2a NV_ESC_RM_CONTROL, 0xc36f0101 NVC36F_CTRL_GET_CLASS_ENGINEID, 0x7fff79430f00)
ioctl(3 /dev/nvidiactl, 0x2a NV_ESC_RM_CONTROL, 0xc56f010b NVC56F_CTRL_CMD_GET_KMB, 0x7fff79430eb0)
ioctl(3 /dev/nvidiactl, 0x2a NV_ESC_RM_CONTROL, 0xc36f0108 NVC36F_CTRL_CMD_GPFIFO_GET_WORK_SUBMIT_TOKEN, 0x7fff79430f5c)
ioctl(3 /dev/nvidiactl, 0x4a NV_ESC_RM_VID_HEAP_CONTROL, 0x00000000)
ioctl(4 /dev/nvidia-uvm, 0x49 UVM_CREATE_EXTERNAL_RANGE, 0x00000000)
ioctl(4 /dev/nvidia-uvm, 0x21 UVM_MAP_EXTERNAL_ALLOCATION, 0x00000000)
mmap(0x0, 0x101000, 0x3 PROT_WRITE|PROT_EXEC, 0x22 MAP_ANON|MAP_COPY, ffffffff, 0x0)
mmap(0x0, 0x1000, 0x3 PROT_EXEC|PROT_WRITE, 0x21 MAP_FILE|MAP_COPY, ffffffff, 0x0)
ioctl(7 /dev/nvidia0, 0x27 NV_ESC_RM_ALLOC_MEMORY, 0x40001010)
ioctl(3 /dev/nvidiactl, 0x2b NV_ESC_RM_ALLOC, 0x7fff79430e00)
ioctl(3 /dev/nvidiactl, 0x2a NV_ESC_RM_CONTROL, 0x0080170d NV0080_CTRL_CMD_FIFO_GET_CHANNELLIST, 0x7fff79430f50)
ioctl(3 /dev/nvidiactl, 0x2b NV_ESC_RM_ALLOC, 0x7fff79430f18)
ioctl(3 /dev/nvidiactl, 0x2a NV_ESC_RM_CONTROL, 0xc36f0101 NVC36F_CTRL_GET_CLASS_ENGINEID, 0x7fff79430f00)
ioctl(3 /dev/nvidiactl, 0x2a NV_ESC_RM_CONTROL, 0xc56f010b NVC56F_CTRL_CMD_GET_KMB, 0x7fff79430eb0)
ioctl(3 /dev/nvidiactl, 0x2a NV_ESC_RM_CONTROL, 0xc36f0108 NVC36F_CTRL_CMD_GPFIFO_GET_WORK_SUBMIT_TOKEN, 0x7fff79430f5c)
ioctl(3 /dev/nvidiactl, 0x4a NV_ESC_RM_VID_HEAP_CONTROL, 0x00000000)
ioctl(4 /dev/nvidia-uvm, 0x49 UVM_CREATE_EXTERNAL_RANGE, 0x00000000)
ioctl(4 /dev/nvidia-uvm, 0x21 UVM_MAP_EXTERNAL_ALLOCATION, 0x00000000)
mmap(0x0, 0x101000, 0x3 PROT_WRITE|PROT_EXEC, 0x22 MAP_ANON|MAP_COPY, ffffffff, 0x0)
mmap(0x0, 0x1000, 0x3 PROT_WRITE|PROT_EXEC, 0x21 MAP_FILE|MAP_COPY, ffffffff, 0x0)
ioctl(7 /dev/nvidia0, 0x27 NV_ESC_RM_ALLOC_MEMORY, 0x40001010)
ioctl(3 /dev/nvidiactl, 0x2b NV_ESC_RM_ALLOC, 0x7fff79430e00)
ioctl(3 /dev/nvidiactl, 0x2a NV_ESC_RM_CONTROL, 0x0080170d NV0080_CTRL_CMD_FIFO_GET_CHANNELLIST, 0x7fff79430f50)
ioctl(3 /dev/nvidiactl, 0x2b NV_ESC_RM_ALLOC, 0x7fff79430f18)
ioctl(3 /dev/nvidiactl, 0x2a NV_ESC_RM_CONTROL, 0xc36f0101 NVC36F_CTRL_GET_CLASS_ENGINEID, 0x7fff79430f00)
ioctl(3 /dev/nvidiactl, 0x2a NV_ESC_RM_CONTROL, 0xc56f010b NVC56F_CTRL_CMD_GET_KMB, 0x7fff79430eb0)
ioctl(3 /dev/nvidiactl, 0x2a NV_ESC_RM_CONTROL, 0xc36f0108 NVC36F_CTRL_CMD_GPFIFO_GET_WORK_SUBMIT_TOKEN, 0x7fff79430f5c)
ioctl(4 /dev/nvidia-uvm, 0x1b UVM_REGISTER_CHANNEL, 0xc1d0002400000003)
ioctl(4 /dev/nvidia-uvm, 0x1b UVM_REGISTER_CHANNEL, 0xc1d0002400000003)
ioctl(4 /dev/nvidia-uvm, 0x1b UVM_REGISTER_CHANNEL, 0xc1d0002400000003)
ioctl(4 /dev/nvidia-uvm, 0x1b UVM_REGISTER_CHANNEL, 0xc1d0002400000003)
ioctl(3 /dev/nvidiactl, 0x2a NV_ESC_RM_CONTROL, 0xa06c0101 NVA06C_CTRL_CMD_GPFIFO_SCHEDULE, 0x7fff7943139e)
openat(AT_FDCWD, /dev/nvidia0, 0x80002)
ioctl(24 /dev/nvidia0, 0xc9 NV_ESC_REGISTER_FD, 0x00000000)
ioctl(24 /dev/nvidia0, 0xce NV_ESC_ALLOC_OS_EVENT, 0x100000003)
ioctl(24 /dev/nvidia0, 0x2b NV_ESC_RM_ALLOC, 0x7fff79431200)
ioctl(3 /dev/nvidiactl, 0x2b NV_ESC_RM_ALLOC, 0x7fff79431180)
ioctl(3 /dev/nvidiactl, 0x4a NV_ESC_RM_VID_HEAP_CONTROL, 0x00000000)
ioctl(3 /dev/nvidiactl, 0x2a NV_ESC_RM_CONTROL, 0x00000d01 NV0000_CTRL_CMD_CLIENT_GET_ADDR_SPACE_TYPE, 0x7fff79430320)
openat(AT_FDCWD, /dev/nvidiactl, 0x80002)
ioctl(3 /dev/nvidiactl, 0x4e NV_ESC_RM_MAP_MEMORY, 0x00000000)
mmap(0x206800000, 0x200000, 0x3 PROT_WRITE|PROT_EXEC, 0x11 MAP_FILE|MAP_SHARED, 1a, 0x0)
ioctl(4 /dev/nvidia-uvm, 0x49 UVM_CREATE_EXTERNAL_RANGE, 0x00000000)
ioctl(4 /dev/nvidia-uvm, 0x21 UVM_MAP_EXTERNAL_ALLOCATION, 0x00000000)
ioctl(3 /dev/nvidiactl, 0x4a NV_ESC_RM_VID_HEAP_CONTROL, 0x00000000)
ioctl(3 /dev/nvidiactl, 0x2a NV_ESC_RM_CONTROL, 0x00000d01 NV0000_CTRL_CMD_CLIENT_GET_ADDR_SPACE_TYPE, 0x7fff79430160)
openat(AT_FDCWD, /dev/nvidiactl, 0x80002)
ioctl(3 /dev/nvidiactl, 0x4e NV_ESC_RM_MAP_MEMORY, 0x00000000)
mmap(0x206a00000, 0x200000, 0x3 PROT_WRITE|PROT_EXEC, 0x11 MAP_FILE|MAP_SHARED, 1a, 0x0)
ioctl(4 /dev/nvidia-uvm, 0x49 UVM_CREATE_EXTERNAL_RANGE, 0x00000000)
ioctl(4 /dev/nvidia-uvm, 0x21 UVM_MAP_EXTERNAL_ALLOCATION, 0x00000000)
mmap(0x0, 0x101000, 0x3 PROT_EXEC|PROT_WRITE, 0x22 MAP_ANON|MAP_COPY, ffffffff, 0x0)
mmap(0x0, 0x1000, 0x3 PROT_WRITE|PROT_EXEC, 0x21 MAP_FILE|MAP_COPY, ffffffff, 0x0)
ioctl(7 /dev/nvidia0, 0x27 NV_ESC_RM_ALLOC_MEMORY, 0x40001010)
ioctl(3 /dev/nvidiactl, 0x2b NV_ESC_RM_ALLOC, 0x7fff79430e00)
ioctl(3 /dev/nvidiactl, 0x2a NV_ESC_RM_CONTROL, 0x0080170d NV0080_CTRL_CMD_FIFO_GET_CHANNELLIST, 0x7fff79430f50)
ioctl(3 /dev/nvidiactl, 0x2b NV_ESC_RM_ALLOC, 0x00000000)
ioctl(3 /dev/nvidiactl, 0x2a NV_ESC_RM_CONTROL, 0xc36f0101 NVC36F_CTRL_GET_CLASS_ENGINEID, 0x7fff79430f00)
ioctl(3 /dev/nvidiactl, 0x2a NV_ESC_RM_CONTROL, 0xc56f010b NVC56F_CTRL_CMD_GET_KMB, 0x7fff79430eb0)
ioctl(3 /dev/nvidiactl, 0x2a NV_ESC_RM_CONTROL, 0xc36f0108 NVC36F_CTRL_CMD_GPFIFO_GET_WORK_SUBMIT_TOKEN, 0x7fff79430f5c)
ioctl(3 /dev/nvidiactl, 0x2a NV_ESC_RM_CONTROL, 0x20803125 NV2080_CTRL_CMD_FLCN_GET_CTX_BUFFER_SIZE, 0x7fff79430f50)
ioctl(4 /dev/nvidia-uvm, 0x1b UVM_REGISTER_CHANNEL, 0xc1d0002400000003)
ioctl(3 /dev/nvidiactl, 0x2a NV_ESC_RM_CONTROL, 0xa06c0101 NVA06C_CTRL_CMD_GPFIFO_SCHEDULE, 0x7fff7943139e)
openat(AT_FDCWD, /dev/nvidia0, 0x80002)
ioctl(26 /dev/nvidia0, 0xc9 NV_ESC_REGISTER_FD, 0x00000000)
ioctl(26 /dev/nvidia0, 0xce NV_ESC_ALLOC_OS_EVENT, 0x200000003)
ioctl(26 /dev/nvidia0, 0x2b NV_ESC_RM_ALLOC, 0x7fff79431200)
ioctl(3 /dev/nvidiactl, 0x2b NV_ESC_RM_ALLOC, 0x7fff79431180)
ioctl(3 /dev/nvidiactl, 0x4a NV_ESC_RM_VID_HEAP_CONTROL, 0x00000000)
ioctl(4 /dev/nvidia-uvm, 0x49 UVM_CREATE_EXTERNAL_RANGE, 0x00000000)
ioctl(4 /dev/nvidia-uvm, 0x21 UVM_MAP_EXTERNAL_ALLOCATION, 0x00000000)
mmap(0x0, 0x101000, 0x3 PROT_WRITE|PROT_EXEC, 0x22 MAP_ANON|MAP_COPY, ffffffff, 0x0)
mmap(0x0, 0x1000, 0x3 PROT_WRITE|PROT_EXEC, 0x21 MAP_FILE|MAP_COPY, ffffffff, 0x0)
ioctl(7 /dev/nvidia0, 0x27 NV_ESC_RM_ALLOC_MEMORY, 0x40001010)
ioctl(3 /dev/nvidiactl, 0x2b NV_ESC_RM_ALLOC, 0x7fff79430e00)
ioctl(3 /dev/nvidiactl, 0x2a NV_ESC_RM_CONTROL, 0x0080170d NV0080_CTRL_CMD_FIFO_GET_CHANNELLIST, 0x7fff79430f50)
ioctl(3 /dev/nvidiactl, 0x2b NV_ESC_RM_ALLOC, 0x7fff79430f18)
ioctl(3 /dev/nvidiactl, 0x2a NV_ESC_RM_CONTROL, 0xc36f0101 NVC36F_CTRL_GET_CLASS_ENGINEID, 0x7fff79430f00)
ioctl(3 /dev/nvidiactl, 0x2a NV_ESC_RM_CONTROL, 0xc56f010b NVC56F_CTRL_CMD_GET_KMB, 0x7fff79430eb0)
ioctl(3 /dev/nvidiactl, 0x2a NV_ESC_RM_CONTROL, 0xc36f0108 NVC36F_CTRL_CMD_GPFIFO_GET_WORK_SUBMIT_TOKEN, 0x7fff79430f5c)
ioctl(3 /dev/nvidiactl, 0x4a NV_ESC_RM_VID_HEAP_CONTROL, 0x00000000)
ioctl(4 /dev/nvidia-uvm, 0x49 UVM_CREATE_EXTERNAL_RANGE, 0x00000000)
ioctl(4 /dev/nvidia-uvm, 0x21 UVM_MAP_EXTERNAL_ALLOCATION, 0x00000000)
mmap(0x0, 0x101000, 0x3 PROT_WRITE|PROT_EXEC, 0x22 MAP_ANON|MAP_COPY, ffffffff, 0x0)
mmap(0x0, 0x1000, 0x3 PROT_WRITE|PROT_EXEC, 0x21 MAP_FILE|MAP_COPY, ffffffff, 0x0)
ioctl(7 /dev/nvidia0, 0x27 NV_ESC_RM_ALLOC_MEMORY, 0x40001010)
ioctl(3 /dev/nvidiactl, 0x2b NV_ESC_RM_ALLOC, 0x7fff79430e00)
ioctl(3 /dev/nvidiactl, 0x2a NV_ESC_RM_CONTROL, 0x0080170d NV0080_CTRL_CMD_FIFO_GET_CHANNELLIST, 0x7fff79430f50)
ioctl(3 /dev/nvidiactl, 0x2b NV_ESC_RM_ALLOC, 0x7fff79430f18)
ioctl(3 /dev/nvidiactl, 0x2a NV_ESC_RM_CONTROL, 0xc36f0101 NVC36F_CTRL_GET_CLASS_ENGINEID, 0x7fff79430f00)
ioctl(3 /dev/nvidiactl, 0x2a NV_ESC_RM_CONTROL, 0xc56f010b NVC56F_CTRL_CMD_GET_KMB, 0x7fff79430eb0)
ioctl(3 /dev/nvidiactl, 0x2a NV_ESC_RM_CONTROL, 0xc36f0108 NVC36F_CTRL_CMD_GPFIFO_GET_WORK_SUBMIT_TOKEN, 0x7fff79430f5c)
ioctl(4 /dev/nvidia-uvm, 0x1b UVM_REGISTER_CHANNEL, 0xc1d0002400000003)
ioctl(4 /dev/nvidia-uvm, 0x1b UVM_REGISTER_CHANNEL, 0xc1d0002400000003)
ioctl(3 /dev/nvidiactl, 0x2a NV_ESC_RM_CONTROL, 0xa06c0101 NVA06C_CTRL_CMD_GPFIFO_SCHEDULE, 0x7fff7943139e)
openat(AT_FDCWD, /dev/nvidia0, 0x80002)
ioctl(28 /dev/nvidia0, 0xc9 NV_ESC_REGISTER_FD, 0x00000000)
ioctl(28 /dev/nvidia0, 0xce NV_ESC_ALLOC_OS_EVENT, 0x5b00000003)
ioctl(28 /dev/nvidia0, 0x2b NV_ESC_RM_ALLOC, 0x7fff79431200)
ioctl(3 /dev/nvidiactl, 0x4a NV_ESC_RM_VID_HEAP_CONTROL, 0x00000000)
ioctl(3 /dev/nvidiactl, 0x2a NV_ESC_RM_CONTROL, 0x00000d01 NV0000_CTRL_CMD_CLIENT_GET_ADDR_SPACE_TYPE, 0x7fff79430800)
openat(AT_FDCWD, /dev/nvidiactl, 0x80002)
ioctl(3 /dev/nvidiactl, 0x4e NV_ESC_RM_MAP_MEMORY, 0x00000000)
mmap(0x7fb5a6400000, 0x200000, 0x3 PROT_WRITE|PROT_EXEC, 0x11 MAP_FILE|MAP_SHARED, 1e, 0x0)
ioctl(4 /dev/nvidia-uvm, 0x49 UVM_CREATE_EXTERNAL_RANGE, 0x00000000)
ioctl(4 /dev/nvidia-uvm, 0x21 UVM_MAP_EXTERNAL_ALLOCATION, 0x00000000)
ioctl(3 /dev/nvidiactl, 0x4a NV_ESC_RM_VID_HEAP_CONTROL, 0x00000000)
ioctl(3 /dev/nvidiactl, 0x2a NV_ESC_RM_CONTROL, 0x00000d01 NV0000_CTRL_CMD_CLIENT_GET_ADDR_SPACE_TYPE, 0x7fff79430800)
openat(AT_FDCWD, /dev/nvidiactl, 0x80002)
ioctl(3 /dev/nvidiactl, 0x4e NV_ESC_RM_MAP_MEMORY, 0x00000000)
mmap(0x7fb5a6600000, 0x800000, 0x3 PROT_WRITE|PROT_EXEC, 0x11 MAP_FILE|MAP_SHARED, 1e, 0x0)
ioctl(4 /dev/nvidia-uvm, 0x49 UVM_CREATE_EXTERNAL_RANGE, 0x00000000)
ioctl(4 /dev/nvidia-uvm, 0x21 UVM_MAP_EXTERNAL_ALLOCATION, 0x00000000)
mmap(0x0, 0x49000, 0x3 PROT_EXEC|PROT_WRITE, 0x22 MAP_ANON|MAP_COPY, ffffffff, 0x0)
ioctl(3 /dev/nvidiactl, 0x4a NV_ESC_RM_VID_HEAP_CONTROL, 0x00000000)
ioctl(4 /dev/nvidia-uvm, 0x49 UVM_CREATE_EXTERNAL_RANGE, 0x00000000)
ioctl(4 /dev/nvidia-uvm, 0x21 UVM_MAP_EXTERNAL_ALLOCATION, 0x00000000)
ioctl(3 /dev/nvidiactl, 0x2a NV_ESC_RM_CONTROL, 0x2080012f NV2080_CTRL_CMD_GPU_QUERY_ECC_STATUS, 0x7fff79431030)
ioctl(3 /dev/nvidiactl, 0x2a NV_ESC_RM_CONTROL, 0x2080012f NV2080_CTRL_CMD_GPU_QUERY_ECC_STATUS, 0x7fff79430d30)
ioctl(3 /dev/nvidiactl, 0x2a NV_ESC_RM_CONTROL, 0x2080012f NV2080_CTRL_CMD_GPU_QUERY_ECC_STATUS, 0x7fff79430d30)
ioctl(3 /dev/nvidiactl, 0x2a NV_ESC_RM_CONTROL, 0x2080012f NV2080_CTRL_CMD_GPU_QUERY_ECC_STATUS, 0x7fff79430d90)
ioctl(3 /dev/nvidiactl, 0x4a NV_ESC_RM_VID_HEAP_CONTROL, 0x00000000)
ioctl(4 /dev/nvidia-uvm, 0x49 UVM_CREATE_EXTERNAL_RANGE, 0x00000000)
ioctl(4 /dev/nvidia-uvm, 0x21 UVM_MAP_EXTERNAL_ALLOCATION, 0x00000000)
mmap(0x0, 0x49000, 0x3 PROT_WRITE|PROT_EXEC, 0x22 MAP_ANON|MAP_COPY, ffffffff, 0x0)
ioctl(3 /dev/nvidiactl, 0x4a NV_ESC_RM_VID_HEAP_CONTROL, 0x00000000)
ioctl(4 /dev/nvidia-uvm, 0x49 UVM_CREATE_EXTERNAL_RANGE, 0x00000000)
ioctl(4 /dev/nvidia-uvm, 0x21 UVM_MAP_EXTERNAL_ALLOCATION, 0x00000000)
ioctl(4 /dev/nvidia-uvm, 0x17 UVM_CREATE_RANGE_GROUP, 0x00000000)
ioctl(4 /dev/nvidia-uvm, 0x17 UVM_CREATE_RANGE_GROUP, 0x00000000)
ioctl(4 /dev/nvidia-uvm, 0x17 UVM_CREATE_RANGE_GROUP, 0x00000000)
ioctl(4 /dev/nvidia-uvm, 0x17 UVM_CREATE_RANGE_GROUP, 0x00000000)
ioctl(3 /dev/nvidiactl, 0x4a NV_ESC_RM_VID_HEAP_CONTROL, 0x00000000)
ioctl(4 /dev/nvidia-uvm, 0x49 UVM_CREATE_EXTERNAL_RANGE, 0x00000000)
ioctl(4 /dev/nvidia-uvm, 0x21 UVM_MAP_EXTERNAL_ALLOCATION, 0x00000000)
ioctl(4 /dev/nvidia-uvm, 0x17 UVM_CREATE_RANGE_GROUP, 0x00000000)
ioctl(4 /dev/nvidia-uvm, 0x17 UVM_CREATE_RANGE_GROUP, 0x00000000)
ioctl(4 /dev/nvidia-uvm, 0x17 UVM_CREATE_RANGE_GROUP, 0x00000000)
ioctl(3 /dev/nvidiactl, 0x4a NV_ESC_RM_VID_HEAP_CONTROL, 0x00000000)
ioctl(4 /dev/nvidia-uvm, 0x49 UVM_CREATE_EXTERNAL_RANGE, 0x00000000)
ioctl(4 /dev/nvidia-uvm, 0x21 UVM_MAP_EXTERNAL_ALLOCATION, 0x00000000)
mmap(0x0, 0x101000, 0x3 PROT_WRITE|PROT_EXEC, 0x22 MAP_ANON|MAP_COPY, ffffffff, 0x0)
ioctl(3 /dev/nvidiactl, 0x4a NV_ESC_RM_VID_HEAP_CONTROL, 0x00000000)
ioctl(3 /dev/nvidiactl, 0x2a NV_ESC_RM_CONTROL, 0x00000d01 NV0000_CTRL_CMD_CLIENT_GET_ADDR_SPACE_TYPE, 0x7fff794305c0)
openat(AT_FDCWD, /dev/nvidiactl, 0x80002)
ioctl(3 /dev/nvidiactl, 0x4e NV_ESC_RM_MAP_MEMORY, 0x00000000)
mmap(0x7fb5a7400000, 0x200000, 0x3 PROT_WRITE|PROT_EXEC, 0x11 MAP_FILE|MAP_SHARED, 1f, 0x0)
ioctl(4 /dev/nvidia-uvm, 0x49 UVM_CREATE_EXTERNAL_RANGE, 0x00000000)
ioctl(4 /dev/nvidia-uvm, 0x21 UVM_MAP_EXTERNAL_ALLOCATION, 0x00000000)
mmap(0x0, 0x101000, 0x3 PROT_WRITE|PROT_EXEC, 0x22 MAP_ANON|MAP_COPY, ffffffff, 0x0)
ioctl(3 /dev/nvidiactl, 0x4a NV_ESC_RM_VID_HEAP_CONTROL, 0x00000000)
ioctl(4 /dev/nvidia-uvm, 0x49 UVM_CREATE_EXTERNAL_RANGE, 0x00000000)
ioctl(4 /dev/nvidia-uvm, 0x21 UVM_MAP_EXTERNAL_ALLOCATION, 0x00000000)
mmap(0x0, 0x101000, 0x3 PROT_WRITE|PROT_EXEC, 0x22 MAP_ANON|MAP_COPY, ffffffff, 0x0)
ioctl(3 /dev/nvidiactl, 0x4a NV_ESC_RM_VID_HEAP_CONTROL, 0x00000000)
ioctl(3 /dev/nvidiactl, 0x2a NV_ESC_RM_CONTROL, 0x00000d01 NV0000_CTRL_CMD_CLIENT_GET_ADDR_SPACE_TYPE, 0x7fff794305c0)
openat(AT_FDCWD, /dev/nvidiactl, 0x80002)
ioctl(3 /dev/nvidiactl, 0x4e NV_ESC_RM_MAP_MEMORY, 0x00000000)
mmap(0x7fb5a7800000, 0x200000, 0x3 PROT_WRITE|PROT_EXEC, 0x11 MAP_FILE|MAP_SHARED, 1f, 0x0)
ioctl(4 /dev/nvidia-uvm, 0x49 UVM_CREATE_EXTERNAL_RANGE, 0x00000000)
ioctl(4 /dev/nvidia-uvm, 0x21 UVM_MAP_EXTERNAL_ALLOCATION, 0x00000000)
mmap(0x0, 0x101000, 0x3 PROT_WRITE|PROT_EXEC, 0x22 MAP_ANON|MAP_COPY, ffffffff, 0x0)
mmap(0x0, 0x33000, 0x3 PROT_WRITE|PROT_EXEC, 0x22 MAP_ANON|MAP_COPY, ffffffff, 0x0)
ioctl(3 /dev/nvidiactl, 0x4a NV_ESC_RM_VID_HEAP_CONTROL, 0x00000000)
ioctl(4 /dev/nvidia-uvm, 0x49 UVM_CREATE_EXTERNAL_RANGE, 0x00000000)
ioctl(4 /dev/nvidia-uvm, 0x21 UVM_MAP_EXTERNAL_ALLOCATION, 0x00000000)
mmap(0x0, 0x49000, 0x3 PROT_WRITE|PROT_EXEC, 0x22 MAP_ANON|MAP_COPY, ffffffff, 0x0)
ioctl(3 /dev/nvidiactl, 0x4a NV_ESC_RM_VID_HEAP_CONTROL, 0x00000000)
ioctl(4 /dev/nvidia-uvm, 0x49 UVM_CREATE_EXTERNAL_RANGE, 0x00000000)
ioctl(4 /dev/nvidia-uvm, 0x21 UVM_MAP_EXTERNAL_ALLOCATION, 0x00000000)
mmap(0x0, 0x3fff000, 0x0 PROT_NONE, 0x22 MAP_ANON|MAP_COPY, ffffffff, 0x0)
mmap(0x7fb5a2000000, 0x200000, 0x3 PROT_WRITE|PROT_EXEC, 0x11 MAP_FILE|MAP_SHARED, 4, 0x7fb5a2000000)
ioctl(4 /dev/nvidia-uvm, 0x48 UVM_VALIDATE_VA_RANGE, 0x7fb5a2000000, 0x200000, 0x0)
ioctl(4 /dev/nvidia-uvm, 0x2d UVM_DISABLE_READ_DUPLICATION, 0x00000000)
ioctl(3 /dev/nvidiactl, 0x4a NV_ESC_RM_VID_HEAP_CONTROL, 0x00000000)
ioctl(4 /dev/nvidia-uvm, 0x49 UVM_CREATE_EXTERNAL_RANGE, 0x00000000)
ioctl(4 /dev/nvidia-uvm, 0x21 UVM_MAP_EXTERNAL_ALLOCATION, 0x00000000)
ioctl(4 /dev/nvidia-uvm, 0x41 UVM_MAP_DYNAMIC_PARALLELISM_REGION, 0x1b8ff9727d98a76b)
ioctl(3 /dev/nvidiactl, 0x4a NV_ESC_RM_VID_HEAP_CONTROL, 0x00000000)
ioctl(4 /dev/nvidia-uvm, 0x49 UVM_CREATE_EXTERNAL_RANGE, 0x00000000)
ioctl(4 /dev/nvidia-uvm, 0x21 UVM_MAP_EXTERNAL_ALLOCATION, 0x00000000)
ioctl(3 /dev/nvidiactl, 0x4a NV_ESC_RM_VID_HEAP_CONTROL, 0x00000000)
ioctl(4 /dev/nvidia-uvm, 0x49 UVM_CREATE_EXTERNAL_RANGE, 0x00000000)
ioctl(4 /dev/nvidia-uvm, 0x21 UVM_MAP_EXTERNAL_ALLOCATION, 0x00000000)
mmap(0x0, 0x3fff000, 0x0 PROT_NONE, 0x22 MAP_ANON|MAP_COPY, ffffffff, 0x0)
ioctl(3 /dev/nvidiactl, 0x4a NV_ESC_RM_VID_HEAP_CONTROL, 0x00000000)
ioctl(4 /dev/nvidia-uvm, 0x49 UVM_CREATE_EXTERNAL_RANGE, 0x00000000)
ioctl(4 /dev/nvidia-uvm, 0x21 UVM_MAP_EXTERNAL_ALLOCATION, 0x00000000)
ioctl(3 /dev/nvidiactl, 0x4a NV_ESC_RM_VID_HEAP_CONTROL, 0x00000000)
ioctl(4 /dev/nvidia-uvm, 0x49 UVM_CREATE_EXTERNAL_RANGE, 0x00000000)
ioctl(4 /dev/nvidia-uvm, 0x21 UVM_MAP_EXTERNAL_ALLOCATION, 0x00000000)
mmap(0x0, 0x83000, 0x3 PROT_WRITE|PROT_EXEC, 0x22 MAP_ANON|MAP_COPY, ffffffff, 0x0)
mmap(0x0, 0x201000, 0x3 PROT_WRITE|PROT_EXEC, 0x22 MAP_ANON|MAP_COPY, ffffffff, 0x0)
ioctl(3 /dev/nvidiactl, 0x4a NV_ESC_RM_VID_HEAP_CONTROL, 0x00000000)
ioctl(4 /dev/nvidia-uvm, 0x49 UVM_CREATE_EXTERNAL_RANGE, 0x00000000)
ioctl(4 /dev/nvidia-uvm, 0x21 UVM_MAP_EXTERNAL_ALLOCATION, 0x00000000)
ioctl(3 /dev/nvidiactl, 0x2b NV_ESC_RM_ALLOC, 0x7fff794314e0)
mmap(0x7fb5a2200000, 0x3ab000, 0x3 PROT_WRITE|PROT_EXEC, 0x11 MAP_FILE|MAP_SHARED, 4, 0x7fb5a2200000)
200000000-200800000 ---p 00000000 00:00 0 
200800000-200a00000 rw-s 00000000 00:05 669                              /dev/nvidiactl
200a00000-206800000 ---p 00000000 00:00 0 
206800000-206a00000 rw-s 00000000 00:05 669                              /dev/nvidiactl
206a00000-206c00000 rw-s 00000000 00:05 669                              /dev/nvidiactl
206c00000-300200000 ---p 00000000 00:00 0 
10000000000-10004000000 ---p 00000000 00:00 0 
56291f447000-56291f451000 r--p 00000000 fd:00 1199413                    /home/guest/libcuda-debug/cuMemory/cuMemory
56291f451000-56291f4c8000 r-xp 0000a000 fd:00 1199413                    /home/guest/libcuda-debug/cuMemory/cuMemory
56291f4c8000-56291f4eb000 r--p 00081000 fd:00 1199413                    /home/guest/libcuda-debug/cuMemory/cuMemory
56291f4ec000-56291f4f1000 r--p 000a4000 fd:00 1199413                    /home/guest/libcuda-debug/cuMemory/cuMemory
56291f4f1000-56291f4f2000 rw-p 000a9000 fd:00 1199413                    /home/guest/libcuda-debug/cuMemory/cuMemory
56291f4f2000-56291f4f3000 rw-p 00000000 00:00 0 
56291fa41000-562920668000 rw-p 00000000 00:00 0                          [heap]
7fb5a0000000-7fb5a2000000 ---p 00000000 00:00 0 
7fb5a2000000-7fb5a2200000 rw-s 7fb5a2000000 00:05 684                    /dev/nvidia-uvm
7fb5a2200000-7fb5a25ab000 rw-s 7fb5a2200000 00:05 684                    /dev/nvidia-uvm
7fb5a25ab000-7fb5a4000000 ---p 00000000 00:00 0 
7fb5a4c24000-7fb5a6000000 rw-p 00000000 00:00 0 
7fb5a6000000-7fb5a6400000 ---p 00000000 00:00 0 
7fb5a6400000-7fb5a6600000 rw-s 00000000 00:05 669                        /dev/nvidiactl
7fb5a6600000-7fb5a6e00000 rw-s 00000000 00:05 669                        /dev/nvidiactl
7fb5a6e00000-7fb5a7400000 ---p 00000000 00:00 0 
7fb5a7400000-7fb5a7600000 rw-s 00000000 00:05 669                        /dev/nvidiactl
7fb5a7600000-7fb5a7800000 ---p 00000000 00:00 0 
7fb5a7800000-7fb5a7a00000 rw-s 00000000 00:05 669                        /dev/nvidiactl
7fb5a7a00000-7fb5a8000000 ---p 00000000 00:00 0 
7fb5a8000000-7fb5a8021000 rw-p 00000000 00:00 0 
7fb5a8021000-7fb5ac000000 ---p 00000000 00:00 0 
7fb5ac000000-7fb5ac021000 rw-p 00000000 00:00 0 
7fb5ac021000-7fb5b0000000 ---p 00000000 00:00 0 
7fb5b0000000-7fb5c0000000 ---p 00000000 00:00 0 
7fb5c0013000-7fb5c2cbc000 rw-p 00000000 00:00 0 
7fb5c2cbc000-7fb5c2f5e000 ---p 00000000 00:00 0 
7fb5c2f5e000-7fb5c375e000 rw-p 00000000 00:00 0 
7fb5c375e000-7fb5c375f000 ---p 00000000 00:00 0 
7fb5c375f000-7fb5c3f5f000 rw-p 00000000 00:00 0 
7fb5c3f5f000-7fb7c8200000 ---p 00000000 00:00 0 
7fb7c8200000-7fb7c82b2000 r--p 00000000 fd:00 1325601                    /usr/lib/x86_64-linux-gnu/libcrypto.so.3
7fb7c82b2000-7fb7c8510000 r-xp 000b2000 fd:00 1325601                    /usr/lib/x86_64-linux-gnu/libcrypto.so.3
7fb7c8510000-7fb7c85e2000 r--p 00310000 fd:00 1325601                    /usr/lib/x86_64-linux-gnu/libcrypto.so.3
7fb7c85e2000-7fb7c863d000 r--p 003e1000 fd:00 1325601                    /usr/lib/x86_64-linux-gnu/libcrypto.so.3
7fb7c863d000-7fb7c8640000 rw-p 0043c000 fd:00 1325601                    /usr/lib/x86_64-linux-gnu/libcrypto.so.3
7fb7c8640000-7fb7c8643000 rw-p 00000000 00:00 0 
7fb7c866d000-7fb7c8800000 rw-p 00000000 00:00 0 
7fb7c8800000-7fb7c8802000 r-xp 00000000 fd:00 1348611                    /usr/lib/x86_64-linux-gnu/libnvidia-pkcs11-openssl3.so.535.104.05
7fb7c8802000-7fb7c8a01000 ---p 00002000 fd:00 1348611                    /usr/lib/x86_64-linux-gnu/libnvidia-pkcs11-openssl3.so.535.104.05
7fb7c8a01000-7fb7c8a02000 r--p 00001000 fd:00 1348611                    /usr/lib/x86_64-linux-gnu/libnvidia-pkcs11-openssl3.so.535.104.05
7fb7c8a02000-7fb7c8a03000 rw-p 00002000 fd:00 1348611                    /usr/lib/x86_64-linux-gnu/libnvidia-pkcs11-openssl3.so.535.104.05
7fb7c8a35000-7fb7c8c00000 rw-p 00000000 00:00 0 
7fb7c8c00000-7fb7c8c28000 r--p 00000000 fd:00 1322748                    /usr/lib/x86_64-linux-gnu/libc.so.6
7fb7c8c28000-7fb7c8dbd000 r-xp 00028000 fd:00 1322748                    /usr/lib/x86_64-linux-gnu/libc.so.6
7fb7c8dbd000-7fb7c8e15000 r--p 001bd000 fd:00 1322748                    /usr/lib/x86_64-linux-gnu/libc.so.6
7fb7c8e15000-7fb7c8e16000 ---p 00215000 fd:00 1322748                    /usr/lib/x86_64-linux-gnu/libc.so.6
7fb7c8e16000-7fb7c8e1a000 r--p 00215000 fd:00 1322748                    /usr/lib/x86_64-linux-gnu/libc.so.6
7fb7c8e1a000-7fb7c8e1c000 rw-p 00219000 fd:00 1322748                    /usr/lib/x86_64-linux-gnu/libc.so.6
7fb7c8e1c000-7fb7c8e29000 rw-p 00000000 00:00 0 
7fb7c8e2a000-7fb7c9000000 rw-p 00000000 00:00 0 
7fb7c9000000-7fb7c90e1000 r--p 00000000 fd:00 1348560                    /usr/lib/x86_64-linux-gnu/libcuda.so.535.104.05
7fb7c90e1000-7fb7c95f9000 r-xp 000e1000 fd:00 1348560                    /usr/lib/x86_64-linux-gnu/libcuda.so.535.104.05
7fb7c95f9000-7fb7caad7000 r--p 005f9000 fd:00 1348560                    /usr/lib/x86_64-linux-gnu/libcuda.so.535.104.05
7fb7caad7000-7fb7caaf0000 r--p 01ad6000 fd:00 1348560                    /usr/lib/x86_64-linux-gnu/libcuda.so.535.104.05
7fb7caaf0000-7fb7cabf6000 rw-p 01aef000 fd:00 1348560                    /usr/lib/x86_64-linux-gnu/libcuda.so.535.104.05
7fb7cabf6000-7fb7cac5d000 rw-p 00000000 00:00 0 
7fb7cac83000-7fb7cac84000 rw-s 00000000 00:01 3085                       /dev/zero (deleted)
7fb7cac84000-7fb7cac85000 rw-s 00000000 00:01 3084                       /dev/zero (deleted)
7fb7cac85000-7fb7cac86000 rw-s 00000000 00:01 2067                       /dev/zero (deleted)
7fb7cac86000-7fb7cac87000 rw-s 00000000 00:01 2066                       /dev/zero (deleted)
7fb7cac87000-7fb7cac88000 rw-s 00000000 00:01 2065                       /dev/zero (deleted)
7fb7cac88000-7fb7cac89000 rw-s 00000000 00:01 4120                       /dev/zero (deleted)
7fb7cac89000-7fb7cac8a000 rw-s 00000000 00:01 4119                       /dev/zero (deleted)
7fb7cac8a000-7fb7cac8b000 rw-s 00000000 00:01 4118                       /dev/zero (deleted)
7fb7cac8b000-7fb7cac8c000 rw-s 00000000 00:01 4117                       /dev/zero (deleted)
7fb7cac8c000-7fb7cac8d000 rw-s 00000000 00:01 5133                       /dev/zero (deleted)
7fb7cac8d000-7fb7cac8e000 rw-s 00000000 00:01 4116                       /dev/zero (deleted)
7fb7cac8e000-7fb7cac8f000 rw-s 00000000 00:01 4115                       /dev/zero (deleted)
7fb7cac8f000-7fb7cac90000 rw-s 00000000 00:01 4114                       /dev/zero (deleted)
7fb7cac90000-7fb7cac91000 rw-s 00000000 00:01 4113                       /dev/zero (deleted)
7fb7cac91000-7fb7cac92000 rw-s 00000000 00:01 4112                       /dev/zero (deleted)
7fb7cac92000-7fb7cac93000 rw-s 00000000 00:01 5132                       /dev/zero (deleted)
7fb7cac93000-7fb7cac94000 rw-s 00000000 00:01 5131                       /dev/zero (deleted)
7fb7cac94000-7fb7cac95000 rw-s 00000000 00:01 5130                       /dev/zero (deleted)
7fb7cac95000-7fb7cac96000 rw-s 00000000 00:01 6159                       /dev/zero (deleted)
7fb7cac96000-7fb7cac97000 rw-s 00000000 00:01 3083                       /dev/zero (deleted)
7fb7cac97000-7fb7cac98000 rw-s 00000000 00:01 3082                       /dev/zero (deleted)
7fb7cac98000-7fb7cac99000 rw-s 00000000 00:01 3081                       /dev/zero (deleted)
7fb7cac99000-7fb7cac9a000 rw-s 00000000 00:01 3080                       /dev/zero (deleted)
7fb7cac9a000-7fb7cac9b000 rw-s 00000000 00:01 2064                       /dev/zero (deleted)
7fb7cac9b000-7fb7cac9c000 rw-s 00000000 00:01 2063                       /dev/zero (deleted)
7fb7cac9c000-7fb7cac9d000 rw-s 00000000 00:01 2062                       /dev/zero (deleted)
7fb7cac9d000-7fb7cac9e000 rw-s 00000000 00:01 2061                       /dev/zero (deleted)
7fb7cac9e000-7fb7cac9f000 rw-s 00000000 00:01 2060                       /dev/zero (deleted)
7fb7cac9f000-7fb7cad0a000 rw-p 00000000 00:00 0 
7fb7cad0a000-7fb7cad1a000 -w-s 00000000 00:05 673                        /dev/nvidia0
7fb7cad1a000-7fb7cad2a000 -w-s 00000000 00:05 673                        /dev/nvidia0
7fb7cad2a000-7fb7cad31000 rw-p 00000000 00:00 0 
7fb7cad31000-7fb7cad32000 r--p 00000000 fd:00 1325626                    /usr/lib/x86_64-linux-gnu/librt.so.1
7fb7cad32000-7fb7cad33000 r-xp 00001000 fd:00 1325626                    /usr/lib/x86_64-linux-gnu/librt.so.1
7fb7cad33000-7fb7cad34000 r--p 00002000 fd:00 1325626                    /usr/lib/x86_64-linux-gnu/librt.so.1
7fb7cad34000-7fb7cad35000 r--p 00002000 fd:00 1325626                    /usr/lib/x86_64-linux-gnu/librt.so.1
7fb7cad35000-7fb7cad36000 rw-p 00003000 fd:00 1325626                    /usr/lib/x86_64-linux-gnu/librt.so.1
7fb7cad36000-7fb7cad37000 r--p 00000000 fd:00 1325624                    /usr/lib/x86_64-linux-gnu/libpthread.so.0
7fb7cad37000-7fb7cad38000 r-xp 00001000 fd:00 1325624                    /usr/lib/x86_64-linux-gnu/libpthread.so.0
7fb7cad38000-7fb7cad39000 r--p 00002000 fd:00 1325624                    /usr/lib/x86_64-linux-gnu/libpthread.so.0
7fb7cad39000-7fb7cad3a000 r--p 00002000 fd:00 1325624                    /usr/lib/x86_64-linux-gnu/libpthread.so.0
7fb7cad3a000-7fb7cad3b000 rw-p 00003000 fd:00 1325624                    /usr/lib/x86_64-linux-gnu/libpthread.so.0
7fb7cad3b000-7fb7cad3c000 r--p 00000000 fd:00 1325607                    /usr/lib/x86_64-linux-gnu/libdl.so.2
7fb7cad3c000-7fb7cad3d000 r-xp 00001000 fd:00 1325607                    /usr/lib/x86_64-linux-gnu/libdl.so.2
7fb7cad3d000-7fb7cad3e000 r--p 00002000 fd:00 1325607                    /usr/lib/x86_64-linux-gnu/libdl.so.2
7fb7cad3e000-7fb7cad3f000 r--p 00002000 fd:00 1325607                    /usr/lib/x86_64-linux-gnu/libdl.so.2
7fb7cad3f000-7fb7cad40000 rw-p 00003000 fd:00 1325607                    /usr/lib/x86_64-linux-gnu/libdl.so.2
7fb7cad40000-7fb7cad4e000 r--p 00000000 fd:00 1325615                    /usr/lib/x86_64-linux-gnu/libm.so.6
7fb7cad4e000-7fb7cadca000 r-xp 0000e000 fd:00 1325615                    /usr/lib/x86_64-linux-gnu/libm.so.6
7fb7cadca000-7fb7cae25000 r--p 0008a000 fd:00 1325615                    /usr/lib/x86_64-linux-gnu/libm.so.6
7fb7cae25000-7fb7cae26000 r--p 000e4000 fd:00 1325615                    /usr/lib/x86_64-linux-gnu/libm.so.6
7fb7cae26000-7fb7cae27000 rw-p 000e5000 fd:00 1325615                    /usr/lib/x86_64-linux-gnu/libm.so.6
7fb7cae27000-7fb7cae28000 rw-s 00000000 00:01 2059                       /dev/zero (deleted)
7fb7cae28000-7fb7cae29000 rw-s 00000000 00:01 2058                       /dev/zero (deleted)
7fb7cae29000-7fb7cae2a000 rw-s 00000000 00:01 2057                       /dev/zero (deleted)
7fb7cae2a000-7fb7cae2b000 rw-s 00000000 00:01 2056                       /dev/zero (deleted)
7fb7cae2b000-7fb7cae2c000 rw-s 00000000 00:01 2055                       /dev/zero (deleted)
7fb7cae2c000-7fb7cae2d000 rw-s 00000000 00:01 2054                       /dev/zero (deleted)
7fb7cae2d000-7fb7cae2e000 rw-s 00000000 00:01 1031                       /dev/zero (deleted)
7fb7cae2e000-7fb7cae2f000 rw-s 00000000 00:01 1030                       /dev/zero (deleted)
7fb7cae2f000-7fb7cae31000 rw-p 00000000 00:00 0 
7fb7cae31000-7fb7cae33000 r--p 00000000 fd:00 1322141                    /usr/lib/x86_64-linux-gnu/ld-linux-x86-64.so.2
7fb7cae33000-7fb7cae5d000 r-xp 00002000 fd:00 1322141                    /usr/lib/x86_64-linux-gnu/ld-linux-x86-64.so.2
7fb7cae5d000-7fb7cae68000 r--p 0002c000 fd:00 1322141                    /usr/lib/x86_64-linux-gnu/ld-linux-x86-64.so.2
7fb7cae68000-7fb7cae69000 rw-s 00000000 00:01 7178                       /dev/zero (deleted)
7fb7cae69000-7fb7cae6b000 r--p 00037000 fd:00 1322141                    /usr/lib/x86_64-linux-gnu/ld-linux-x86-64.so.2
7fb7cae6b000-7fb7cae6d000 rw-p 00039000 fd:00 1322141                    /usr/lib/x86_64-linux-gnu/ld-linux-x86-64.so.2
7fff79413000-7fff79434000 rw-p 00000000 00:00 0                          [stack]
7fff79484000-7fff79488000 r--p 00000000 00:00 0                          [vvar]
7fff79488000-7fff7948a000 r-xp 00000000 00:00 0                          [vdso]
ffffffffff600000-ffffffffff601000 --xp 00000000 00:00 0                  [vsyscall]

ioctl(4 /dev/nvidia-uvm, 0x48 UVM_VALIDATE_VA_RANGE, 0x7fb5a2200000, 0x3ab000, 0x0)
ioctl(4 /dev/nvidia-uvm, 0x2d UVM_DISABLE_READ_DUPLICATION, 0x00000000)
ioctl(4 /dev/nvidia-uvm, 0x33 , 0x1b8ff9727d98a76b)
mmap(0x0, 0x5fff000, 0x0 PROT_NONE, 0x22 MAP_ANON|MAP_COPY, ffffffff, 0x0)
ioctl(3 /dev/nvidiactl, 0x4a NV_ESC_RM_VID_HEAP_CONTROL, 0x00000000)
ioctl(4 /dev/nvidia-uvm, 0x49 UVM_CREATE_EXTERNAL_RANGE, 0x00000000)
ioctl(4 /dev/nvidia-uvm, 0x21 UVM_MAP_EXTERNAL_ALLOCATION, 0x00000000)
ioctl(3 /dev/nvidiactl, 0x4a NV_ESC_RM_VID_HEAP_CONTROL, 0x00000000)
ioctl(4 /dev/nvidia-uvm, 0x49 UVM_CREATE_EXTERNAL_RANGE, 0x00000000)
ioctl(4 /dev/nvidia-uvm, 0x21 UVM_MAP_EXTERNAL_ALLOCATION, 0x00000000)
openat(AT_FDCWD, /dev/nvidia0, 0x80002)
ioctl(31 /dev/nvidia0, 0xc9 NV_ESC_REGISTER_FD, 0x00000000)
ioctl(31 /dev/nvidia0, 0xce NV_ESC_ALLOC_OS_EVENT, 0x00000003)
ioctl(31 /dev/nvidia0, 0x2b NV_ESC_RM_ALLOC, 0x7fff79431360)
openat(AT_FDCWD, /dev/nvidia0, 0x80002)
ioctl(33 /dev/nvidia0, 0xc9 NV_ESC_REGISTER_FD, 0x00000000)
ioctl(33 /dev/nvidia0, 0xce NV_ESC_ALLOC_OS_EVENT, 0x00000003)
ioctl(33 /dev/nvidia0, 0x2b NV_ESC_RM_ALLOC, 0x7fff79431360)
openat(AT_FDCWD, /dev/nvidia0, 0x80002)
ioctl(35 /dev/nvidia0, 0xc9 NV_ESC_REGISTER_FD, 0x00000000)
ioctl(35 /dev/nvidia0, 0xce NV_ESC_ALLOC_OS_EVENT, 0x00000003)
ioctl(35 /dev/nvidia0, 0x2b NV_ESC_RM_ALLOC, 0x7fff79431360)
openat(AT_FDCWD, /dev/nvidia0, 0x80002)
ioctl(37 /dev/nvidia0, 0xc9 NV_ESC_REGISTER_FD, 0x00000000)
ioctl(37 /dev/nvidia0, 0xce NV_ESC_ALLOC_OS_EVENT, 0x00000003)
ioctl(37 /dev/nvidia0, 0x2b NV_ESC_RM_ALLOC, 0x7fff79431360)
ioctl(3 /dev/nvidiactl, 0x2a NV_ESC_RM_CONTROL, 0x83de0309 NV83DE_CTRL_CMD_DEBUG_SET_EXCEPTION_MASK, 0x7fff7943148c)
ioctl(3 /dev/nvidiactl, 0x2a NV_ESC_RM_CONTROL, 0x20801210 NV2080_CTRL_CMD_GR_SET_CTXSW_PREEMPTION_MODE, 0x7fff794314e0)
ioctl(3 /dev/nvidiactl, 0x2a NV_ESC_RM_CONTROL, 0xa06c0103 NVA06C_CTRL_CMD_SET_TIMESLICE, 0x7fff79431578)
mmap(0x0, 0x19fff000, 0x0 PROT_NONE, 0x22 MAP_ANON|MAP_COPY, ffffffff, 0x0)
ioctl(3 /dev/nvidiactl, 0x4a NV_ESC_RM_VID_HEAP_CONTROL, 0x00000000)
ioctl(4 /dev/nvidia-uvm, 0x49 UVM_CREATE_EXTERNAL_RANGE, 0x00000000)
ioctl(4 /dev/nvidia-uvm, 0x21 UVM_MAP_EXTERNAL_ALLOCATION, 0x00000000)
ioctl(3 /dev/nvidiactl, 0x2a NV_ESC_RM_CONTROL, 0x00809909 , 0x7fff7943157f)
cuInit
cuDeviceGet
cuCtxCreate
Done
