Run [./cuMemory]
Wait returned: stop signal: trace/breakpoint trap
Tracing PID 4083
mmap(0x0, 0x2000, 0x3 PROT_WRITE|PROT_EXEC, 0x22 MAP_ANON|MAP_COPY, ffffffff, 0x0)
openat(AT_FDCWD, /etc/ld.so.cache, 0x80000)
mmap(0x0, 0x7d8f, 0x1 PROT_EXEC, 0x2 MAP_ANON|MAP_PRIVATE, 3, 0x0)
openat(AT_FDCWD, /lib/x86_64-linux-gnu/libcuda.so.1, 0x80000)
mmap(0x0, 0x1c5c4a0, 0x1 PROT_EXEC, 0x802 MAP_ANON|MAP_PRIVATE|MAP_INHERIT, 3, 0x0)
mmap(0x7fbaa44e1000, 0x518000, 0x5 PROT_READ|PROT_EXEC, 0x812 MAP_ANON|MAP_SHARED|MAP_INHERIT, 3, 0xe1000)
mmap(0x7fbaa49f9000, 0x14de000, 0x1 PROT_EXEC, 0x812 MAP_ANON|MAP_PRIVATE|MAP_INHERIT, 3, 0x5f9000)
mmap(0x7fbaa5ed7000, 0x11f000, 0x3 PROT_WRITE|PROT_EXEC, 0x812 MAP_ANON|MAP_PRIVATE|MAP_INHERIT, 3, 0x1ad6000)
mmap(0x7fbaa5ff6000, 0x664a0, 0x3 PROT_WRITE|PROT_EXEC, 0x32 MAP_ANON|MAP_COPY, ffffffff, 0x0)
openat(AT_FDCWD, /lib/x86_64-linux-gnu/libc.so.6, 0x80000)
mmap(0x0, 0x228e50, 0x1 PROT_EXEC, 0x802 MAP_ANON|MAP_PRIVATE|MAP_INHERIT, 3, 0x0)
mmap(0x7fbaa4028000, 0x195000, 0x5 PROT_READ|PROT_EXEC, 0x812 MAP_ANON|MAP_SHARED|MAP_INHERIT, 3, 0x28000)
mmap(0x7fbaa41bd000, 0x58000, 0x1 PROT_EXEC, 0x812 MAP_ANON|MAP_SHARED|MAP_INHERIT, 3, 0x1bd000)
mmap(0x7fbaa4216000, 0x6000, 0x3 PROT_WRITE|PROT_EXEC, 0x812 MAP_ANON|MAP_PRIVATE|MAP_INHERIT, 3, 0x215000)
mmap(0x7fbaa421c000, 0xce50, 0x3 PROT_WRITE|PROT_EXEC, 0x32 MAP_ANON|MAP_SHARED, ffffffff, 0x0)
openat(AT_FDCWD, /lib/x86_64-linux-gnu/libm.so.6, 0x80000)
mmap(0x0, 0xe6108, 0x1 PROT_EXEC, 0x802 MAP_ANON|MAP_PRIVATE|MAP_INHERIT, 3, 0x0)
mmap(0x7fbaa617b000, 0x7c000, 0x5 PROT_READ|PROT_EXEC, 0x812 MAP_ANON|MAP_SHARED|MAP_INHERIT, 3, 0xe000)
mmap(0x7fbaa61f7000, 0x5b000, 0x1 PROT_EXEC, 0x812 MAP_ANON|MAP_SHARED|MAP_INHERIT, 3, 0x8a000)
mmap(0x7fbaa6252000, 0x2000, 0x3 PROT_WRITE|PROT_EXEC, 0x812 MAP_ANON|MAP_SHARED|MAP_INHERIT, 3, 0xe4000)
openat(AT_FDCWD, /lib/x86_64-linux-gnu/libdl.so.2, 0x80000)
mmap(0x0, 0x4028, 0x1 PROT_EXEC, 0x802 MAP_ANON|MAP_PRIVATE|MAP_INHERIT, 3, 0x0)
mmap(0x7fbaa6169000, 0x1000, 0x5 PROT_READ|PROT_EXEC, 0x812 MAP_ANON|MAP_SHARED|MAP_INHERIT, 3, 0x1000)
mmap(0x7fbaa616a000, 0x1000, 0x1 PROT_EXEC, 0x812 MAP_ANON|MAP_PRIVATE|MAP_INHERIT, 3, 0x2000)
mmap(0x7fbaa616b000, 0x2000, 0x3 PROT_WRITE|PROT_EXEC, 0x812 MAP_ANON|MAP_SHARED|MAP_INHERIT, 3, 0x2000)
openat(AT_FDCWD, /lib/x86_64-linux-gnu/libpthread.so.0, 0x80000)
mmap(0x0, 0x4028, 0x1 PROT_EXEC, 0x802 MAP_ANON|MAP_PRIVATE|MAP_INHERIT, 3, 0x0)
mmap(0x7fbaa6164000, 0x1000, 0x5 PROT_EXEC|PROT_READ, 0x812 MAP_ANON|MAP_SHARED|MAP_INHERIT, 3, 0x1000)
mmap(0x7fbaa6165000, 0x1000, 0x1 PROT_EXEC, 0x812 MAP_ANON|MAP_PRIVATE|MAP_INHERIT, 3, 0x2000)
mmap(0x7fbaa6166000, 0x2000, 0x3 PROT_WRITE|PROT_EXEC, 0x812 MAP_ANON|MAP_PRIVATE|MAP_INHERIT, 3, 0x2000)
openat(AT_FDCWD, /lib/x86_64-linux-gnu/librt.so.1, 0x80000)
mmap(0x0, 0x4038, 0x1 PROT_EXEC, 0x802 MAP_ANON|MAP_PRIVATE|MAP_INHERIT, 3, 0x0)
mmap(0x7fbaa615f000, 0x1000, 0x5 PROT_READ|PROT_EXEC, 0x812 MAP_ANON|MAP_SHARED|MAP_INHERIT, 3, 0x1000)
mmap(0x7fbaa6160000, 0x1000, 0x1 PROT_EXEC, 0x812 MAP_ANON|MAP_SHARED|MAP_INHERIT, 3, 0x2000)
mmap(0x7fbaa6161000, 0x2000, 0x3 PROT_WRITE|PROT_EXEC, 0x812 MAP_ANON|MAP_SHARED|MAP_INHERIT, 3, 0x2000)
mmap(0x0, 0x2000, 0x3 PROT_WRITE|PROT_EXEC, 0x22 MAP_ANON|MAP_COPY, ffffffff, 0x0)
mmap(0x0, 0x5000, 0x3 PROT_WRITE|PROT_EXEC, 0x22 MAP_ANON|MAP_COPY, ffffffff, 0x0)
openat(AT_FDCWD, /sys/devices/system/cpu/online, 0x80000)
openat(AT_FDCWD, /sys/devices/system/cpu/online, 0x80000)
mmap(0x0, 0x21000, 0x3 PROT_WRITE|PROT_EXEC, 0x22 MAP_ANON|MAP_COPY, ffffffff, 0x0)
openat(AT_FDCWD, /proc/sys/vm/mmap_min_addr, 0x0)
openat(AT_FDCWD, /proc/cpuinfo, 0x0)
openat(AT_FDCWD, /proc/self/maps, 0x0)
openat(AT_FDCWD, /sys/devices/system/cpu/online, 0x80000)
openat(AT_FDCWD, /dev/shm/cuda_injection_path_shm, 0xa0002)
openat(AT_FDCWD, /home/guest/.nv/nvidia-application-profile-globals-rc, 0x0)
openat(AT_FDCWD, /home/guest/.nv/nvidia-application-profiles-rc, 0x0)
openat(AT_FDCWD, /home/guest/.nv/nvidia-application-profiles-rc.d, 0x0)
openat(AT_FDCWD, /etc/nvidia/nvidia-application-profiles-rc, 0x0)
openat(AT_FDCWD, /etc/nvidia/nvidia-application-profiles-rc.d/, 0x0)
openat(AT_FDCWD, /usr/share/nvidia/nvidia-application-profiles-535.104.05-rc, 0x0)
openat(AT_FDCWD, /usr/share/nvidia/nvidia-application-profiles-rc, 0x0)
openat(AT_FDCWD, /proc/self/comm, 0x0)
openat(AT_FDCWD, /proc/modules, 0x0)
openat(AT_FDCWD, /proc/driver/nvidia/params, 0x0)
openat(AT_FDCWD, /dev/nvidiactl, 0x2)
openat(AT_FDCWD, /sys/devices/system/memory/block_size_bytes, 0x0)
ioctl(3 /dev/nvidiactl, 0xd6 NV_ESC_SYS_PARAMS, 0x00000000)
ioctl(3 /dev/nvidiactl, 0xc8 NV_ESC_CARD_INFO, 0x1400000100)
ioctl(3 /dev/nvidiactl, 0x2b NV_ESC_RM_ALLOC, 0x00000000)
ioctl(3 /dev/nvidiactl, 0x2a NV_ESC_RM_CONTROL, 0x00000101 NV0000_CTRL_CMD_SYSTEM_GET_BUILD_VERSION, 0x7ffd861a6bb0)
ioctl(3 /dev/nvidiactl, 0x29 NV_ESC_RM_FREE, 0x00050000)
openat(AT_FDCWD, /proc/modules, 0x0)
openat(AT_FDCWD, /proc/driver/nvidia/params, 0x0)
openat(AT_FDCWD, /dev/nvidiactl, 0x2)
openat(AT_FDCWD, /sys/devices/system/memory/block_size_bytes, 0x0)
ioctl(3 /dev/nvidiactl, 0xd6 NV_ESC_SYS_PARAMS, 0x00000000)
ioctl(3 /dev/nvidiactl, 0xc8 NV_ESC_CARD_INFO, 0x1400000100)
ioctl(3 /dev/nvidiactl, 0x2b NV_ESC_RM_ALLOC, 0x00000000)
ioctl(3 /dev/nvidiactl, 0x2a NV_ESC_RM_CONTROL, 0x00000d04 NV0000_CTRL_CMD_CLIENT_SET_INHERITED_SHARE_POLICY, 0x7ffd861a7124)
ioctl(3 /dev/nvidiactl, 0x2a NV_ESC_RM_CONTROL, 0x00000d04 NV0000_CTRL_CMD_CLIENT_SET_INHERITED_SHARE_POLICY, 0x7ffd861a7124)
ioctl(3 /dev/nvidiactl, 0x2b NV_ESC_RM_ALLOC, 0x7ffd861a7108)
openat(AT_FDCWD, /sys/devices/system/cpu/online, 0x80000)
openat(AT_FDCWD, /proc/self/status, 0x0)
openat(AT_FDCWD, /sys/devices/system/node, 0x90800)
openat(AT_FDCWD, /sys/devices/system/node/node0/cpumap, 0x0)
openat(AT_FDCWD, /proc/modules, 0x0)
openat(AT_FDCWD, /proc/devices, 0x0)
openat(AT_FDCWD, /dev/nvidia-uvm, 0x80002)
openat(AT_FDCWD, /dev/nvidia-uvm, 0x80002)
ioctl(4 /dev/nvidia-uvm, 0x01 , 0x00000000)
ioctl(5 /dev/nvidia-uvm, 0x4b UVM_MM_INITIALIZE, 0x00000000)
ioctl(4 /dev/nvidia-uvm, 0x27 UVM_PAGEABLE_MEM_ACCESS, 0x00000000)
ioctl(3 /dev/nvidiactl, 0x2a NV_ESC_RM_CONTROL, 0x00000214 NV0000_CTRL_CMD_GPU_GET_PROBED_IDS, 0x7ffd861a53d0)
ioctl(3 /dev/nvidiactl, 0x2a NV_ESC_RM_CONTROL, 0x00000a04 NV0000_CTRL_CMD_SYNC_GPU_BOOST_GROUP_INFO, 0x7ffd861a4c00)
ioctl(3 /dev/nvidiactl, 0x2a NV_ESC_RM_CONTROL, 0x00000215 NV0000_CTRL_CMD_GPU_ATTACH_IDS, 0x7ffd861a5430)
openat(AT_FDCWD, /proc/driver/nvidia/params, 0x0)
openat(AT_FDCWD, /dev/nvidia0, 0x80002)
ioctl(3 /dev/nvidiactl, 0x2a NV_ESC_RM_CONTROL, 0xcb330101 NV_CONF_COMPUTE_CTRL_CMD_SYSTEM_GET_CAPABILITIES, 0x7ffd861a54db)
ioctl(3 /dev/nvidiactl, 0x2a NV_ESC_RM_CONTROL, 0xcb330104 NV_CONF_COMPUTE_CTRL_CMD_SYSTEM_GET_GPUS_STATE, 0x7ffd861a54df)
openat(AT_FDCWD, /etc/ld.so.cache, 0x80000)
mmap(0x0, 0x7d8f, 0x1 PROT_EXEC, 0x2 MAP_ANON|MAP_PRIVATE, 7, 0x0)
openat(AT_FDCWD, /lib/x86_64-linux-gnu/libnvidia-pkcs11-openssl3.so.535.104.05, 0x80000)
mmap(0x0, 0x402350, 0x0 PROT_NONE, 0x22 MAP_ANON|MAP_PRIVATE, ffffffff, 0x0)
mmap(0x7fbaa3c00000, 0x202350, 0x5 PROT_READ|PROT_EXEC, 0x812 MAP_ANON|MAP_PRIVATE|MAP_INHERIT, 7, 0x0)
mmap(0x7fbaa3e01000, 0x2000, 0x3 PROT_WRITE|PROT_EXEC, 0x812 MAP_ANON|MAP_SHARED|MAP_INHERIT, 7, 0x1000)
openat(AT_FDCWD, /lib/x86_64-linux-gnu/libcrypto.so.3, 0x80000)
mmap(0x0, 0x4424c0, 0x1 PROT_EXEC, 0x802 MAP_ANON|MAP_PRIVATE|MAP_INHERIT, 7, 0x0)
mmap(0x7fbaa36b2000, 0x25e000, 0x5 PROT_READ|PROT_EXEC, 0x812 MAP_ANON|MAP_SHARED|MAP_INHERIT, 7, 0xb2000)
mmap(0x7fbaa3910000, 0xd2000, 0x1 PROT_EXEC, 0x812 MAP_ANON|MAP_SHARED|MAP_INHERIT, 7, 0x310000)
mmap(0x7fbaa39e2000, 0x5e000, 0x3 PROT_WRITE|PROT_EXEC, 0x812 MAP_ANON|MAP_PRIVATE|MAP_INHERIT, 7, 0x3e1000)
mmap(0x7fbaa3a40000, 0x24c0, 0x3 PROT_WRITE|PROT_EXEC, 0x32 MAP_ANON|MAP_COPY, ffffffff, 0x0)
ioctl(3 /dev/nvidiactl, 0x2a NV_ESC_RM_CONTROL, 0x00000205 NV0000_CTRL_CMD_GPU_GET_ID_INFO_V2, 0x7ffd861a54c0)
ioctl(3 /dev/nvidiactl, 0x2a NV_ESC_RM_CONTROL, 0x00000201 NV0000_CTRL_CMD_GPU_GET_ATTACHED_IDS, 0x7ffd861a5390)
ioctl(3 /dev/nvidiactl, 0x2a NV_ESC_RM_CONTROL, 0x00000202 NV0000_CTRL_CMD_GPU_GET_ID_INFO, 0x7ffd861a5360)
openat(AT_FDCWD, /proc/driver/nvidia/params, 0x0)
openat(AT_FDCWD, /dev/nvidia0, 0x80002)
ioctl(7 /dev/nvidia0, 0xc9 NV_ESC_REGISTER_FD, 0xffffffffffffffff)
ioctl(7 /dev/nvidia0, 0xd7 NV_ESC_NUMA_INFO, 0x00000000)
ioctl(3 /dev/nvidiactl, 0x2b NV_ESC_RM_ALLOC, 0x7ffd861a5490)
ioctl(3 /dev/nvidiactl, 0x2a NV_ESC_RM_CONTROL, 0x00801402 NV0080_CTRL_CMD_HOST_GET_CAPS_V2, 0x7ffd861a54dd)
ioctl(3 /dev/nvidiactl, 0x2a NV_ESC_RM_CONTROL, 0x00800292 NV0080_CTRL_CMD_GPU_GET_CLASSLIST_V2, 0x7ffd861a5240)
ioctl(3 /dev/nvidiactl, 0x2a NV_ESC_RM_CONTROL, 0x00800280 NV0080_CTRL_CMD_GPU_GET_NUM_SUBDEVICES, 0x7ffd861a54dc)
ioctl(3 /dev/nvidiactl, 0x2a NV_ESC_RM_CONTROL, 0x00000202 NV0000_CTRL_CMD_GPU_GET_ID_INFO, 0x7ffd861a5470)
ioctl(3 /dev/nvidiactl, 0x2a NV_ESC_RM_CONTROL, 0x00000201 NV0000_CTRL_CMD_GPU_GET_ATTACHED_IDS, 0x7ffd861a5390)
ioctl(3 /dev/nvidiactl, 0x2a NV_ESC_RM_CONTROL, 0x00000202 NV0000_CTRL_CMD_GPU_GET_ID_INFO, 0x7ffd861a5360)
openat(AT_FDCWD, /proc/driver/nvidia/params, 0x0)
openat(AT_FDCWD, /dev/nvidia0, 0x80002)
ioctl(8 /dev/nvidia0, 0xc9 NV_ESC_REGISTER_FD, 0xffffffffffffffff)
ioctl(3 /dev/nvidiactl, 0x2b NV_ESC_RM_ALLOC, 0x7ffd861a546c)
ioctl(3 /dev/nvidiactl, 0x2a NV_ESC_RM_CONTROL, 0x2080018b NV2080_CTRL_CMD_GPU_GET_ACTIVE_PARTITION_IDS, 0x7ffd861a54b0)
ioctl(3 /dev/nvidiactl, 0x2a NV_ESC_RM_CONTROL, 0x2080014a NV2080_CTRL_CMD_GPU_GET_GID_INFO, 0x7ffd861a53d0)
ioctl(3 /dev/nvidiactl, 0x2a NV_ESC_RM_CONTROL, 0x00800289 NV0080_CTRL_CMD_GPU_GET_VIRTUALIZATION_MODE, 0x7ffd861a52fc)
ioctl(3 /dev/nvidiactl, 0x2a NV_ESC_RM_CONTROL, 0x20808161 , 0x7ffd861a4f40)
ioctl(3 /dev/nvidiactl, 0x2a NV_ESC_RM_CONTROL, 0x20801303 NV2080_CTRL_CMD_FB_GET_INFO_V2, 0x7ffd861a5140)
ioctl(3 /dev/nvidiactl, 0x2a NV_ESC_RM_CONTROL, 0x20800102 NV2080_CTRL_CMD_GPU_GET_INFO_V2, 0x7ffd861a5110)
ioctl(3 /dev/nvidiactl, 0x2a NV_ESC_RM_CONTROL, 0x20801701 NV2080_CTRL_CMD_MC_GET_ARCH_INFO, 0x7ffd861a52e0)
ioctl(3 /dev/nvidiactl, 0x2a NV_ESC_RM_CONTROL, 0x20801823 NV2080_CTRL_CMD_BUS_GET_INFO_V2, 0x7ffd861a5120)
ioctl(3 /dev/nvidiactl, 0x2a NV_ESC_RM_CONTROL, 0x20801801 NV2080_CTRL_CMD_BUS_GET_PCI_INFO, 0x7ffd861a4fe0)
ioctl(3 /dev/nvidiactl, 0x2a NV_ESC_RM_CONTROL, 0x20801823 NV2080_CTRL_CMD_BUS_GET_INFO_V2, 0x7ffd861a5120)
ioctl(3 /dev/nvidiactl, 0x2a NV_ESC_RM_CONTROL, 0x20801803 NV2080_CTRL_CMD_BUS_GET_PCI_BAR_INFO, 0x7ffd861a5050)
ioctl(3 /dev/nvidiactl, 0x2a NV_ESC_RM_CONTROL, 0x2080182a NV2080_CTRL_CMD_BUS_GET_PCIE_SUPPORTED_GPU_ATOMICS, 0x7ffd861a4fe0)
ioctl(3 /dev/nvidiactl, 0x2a NV_ESC_RM_CONTROL, 0x2080012f NV2080_CTRL_CMD_GPU_QUERY_ECC_STATUS, 0x7ffd861a4f10)
ioctl(3 /dev/nvidiactl, 0x2a NV_ESC_RM_CONTROL, 0x20801303 NV2080_CTRL_CMD_FB_GET_INFO_V2, 0x7ffd861a5130)
ioctl(3 /dev/nvidiactl, 0x2a NV_ESC_RM_CONTROL, 0xcb33010b NV_CONF_COMPUTE_CTRL_CMD_GPU_GET_NUM_SECURE_CHANNELS, 0x7ffd861a52e4)
ioctl(3 /dev/nvidiactl, 0x2a NV_ESC_RM_CONTROL, 0x20800170 NV2080_CTRL_CMD_GPU_GET_ENGINES_V2, 0x7ffd861a51e0)
ioctl(3 /dev/nvidiactl, 0x2a NV_ESC_RM_CONTROL, 0x20800119 NV2080_CTRL_CMD_GPU_GET_SIMULATION_INFO, 0x7ffd861a52ec)
ioctl(3 /dev/nvidiactl, 0x2a NV_ESC_RM_CONTROL, 0x0000027b NV0000_CTRL_CMD_GPU_GET_MEMOP_ENABLE, 0x7ffd861a52ec)
ioctl(3 /dev/nvidiactl, 0x2a NV_ESC_RM_CONTROL, 0x208001a3 NV2080_CTRL_CMD_GET_GPU_FABRIC_PROBE_INFO, 0x7ffd861a52d0)
ioctl(3 /dev/nvidiactl, 0x2a NV_ESC_RM_CONTROL, 0x0080028b , 0x7ffd861a522f)
ioctl(3 /dev/nvidiactl, 0x2a NV_ESC_RM_CONTROL, 0x20801201 NV2080_CTRL_CMD_GR_GET_INFO, 0x7ffd861a5040)
ioctl(3 /dev/nvidiactl, 0x2a NV_ESC_RM_CONTROL, 0x2080122a NV2080_CTRL_CMD_GR_GET_GPC_MASK, 0x7ffd861a5210)
ioctl(3 /dev/nvidiactl, 0x2a NV_ESC_RM_CONTROL, 0x2080122b NV2080_CTRL_CMD_GR_GET_TPC_MASK, 0x7ffd861a5210)
ioctl(3 /dev/nvidiactl, 0x2a NV_ESC_RM_CONTROL, 0x2080122b NV2080_CTRL_CMD_GR_GET_TPC_MASK, 0x7ffd861a5210)
ioctl(3 /dev/nvidiactl, 0x2a NV_ESC_RM_CONTROL, 0x2080122b NV2080_CTRL_CMD_GR_GET_TPC_MASK, 0x7ffd861a5210)
ioctl(3 /dev/nvidiactl, 0x2a NV_ESC_RM_CONTROL, 0x2080122b NV2080_CTRL_CMD_GR_GET_TPC_MASK, 0x7ffd861a5210)
ioctl(3 /dev/nvidiactl, 0x2a NV_ESC_RM_CONTROL, 0x2080122b NV2080_CTRL_CMD_GR_GET_TPC_MASK, 0x7ffd861a5210)
ioctl(3 /dev/nvidiactl, 0x2a NV_ESC_RM_CONTROL, 0x2080122b NV2080_CTRL_CMD_GR_GET_TPC_MASK, 0x7ffd861a5210)
ioctl(3 /dev/nvidiactl, 0x2a NV_ESC_RM_CONTROL, 0x2080122b NV2080_CTRL_CMD_GR_GET_TPC_MASK, 0x7ffd861a5210)
ioctl(3 /dev/nvidiactl, 0x2a NV_ESC_RM_CONTROL, 0x2080122b NV2080_CTRL_CMD_GR_GET_TPC_MASK, 0x7ffd861a5210)
ioctl(3 /dev/nvidiactl, 0x2a NV_ESC_RM_CONTROL, 0x20801227 NV2080_CTRL_CMD_GR_GET_CAPS_V2, 0x7ffd861a5200)
ioctl(3 /dev/nvidiactl, 0x2a NV_ESC_RM_CONTROL, 0x20802a0a NV2080_CTRL_CMD_CE_GET_ALL_CAPS, 0x7ffd861a51c0)
ioctl(3 /dev/nvidiactl, 0x2a NV_ESC_RM_CONTROL, 0x20801230 NV2080_CTRL_CMD_GR_GET_SM_ISSUE_RATE_MODIFIER, 0x7ffd861a5210)
ioctl(3 /dev/nvidiactl, 0x2a NV_ESC_RM_CONTROL, 0x20800195 NV2080_CTRL_CMD_GPU_GET_COMPUTE_POLICY_CONFIG, 0x7ffd861a5110)
ioctl(3 /dev/nvidiactl, 0x2a NV_ESC_RM_CONTROL, 0x2080121b NV2080_CTRL_CMD_GR_GET_GLOBAL_SM_ORDER, 0x7ffd861a2d80)
ioctl(3 /dev/nvidiactl, 0x2a NV_ESC_RM_CONTROL, 0x00801307 NV0080_CTRL_CMD_FB_GET_CAPS_V2, 0x7ffd861a531d)
ioctl(3 /dev/nvidiactl, 0x2a NV_ESC_RM_CONTROL, 0x20801303 NV2080_CTRL_CMD_FB_GET_INFO_V2, 0x7ffd861a5160)
ioctl(3 /dev/nvidiactl, 0x2b NV_ESC_RM_ALLOC, 0x00000000)
ioctl(3 /dev/nvidiactl, 0x2a NV_ESC_RM_CONTROL, 0x00000d01 NV0000_CTRL_CMD_CLIENT_GET_ADDR_SPACE_TYPE, 0x7ffd861a5190)
openat(AT_FDCWD, /dev/nvidia0, 0x80002)
ioctl(3 /dev/nvidiactl, 0x4e NV_ESC_RM_MAP_MEMORY, 0x00000000)
mmap(0x0, 0x10000, 0x2 PROT_WRITE, 0x1 MAP_FILE|MAP_PRIVATE, 9, 0x0)
ioctl(3 /dev/nvidiactl, 0x2b NV_ESC_RM_ALLOC, 0x7ffd861a533e)
ioctl(3 /dev/nvidiactl, 0x2a NV_ESC_RM_CONTROL, 0x00000d01 NV0000_CTRL_CMD_CLIENT_GET_ADDR_SPACE_TYPE, 0x7ffd861a5190)
openat(AT_FDCWD, /dev/nvidia0, 0x80002)
ioctl(3 /dev/nvidiactl, 0x4e NV_ESC_RM_MAP_MEMORY, 0x00000000)
mmap(0x0, 0x10000, 0x2 PROT_WRITE, 0x1 MAP_FILE|MAP_PRIVATE, 9, 0x0)
ioctl(3 /dev/nvidiactl, 0x5e NV_ESC_RM_UPDATE_DEVICE_MAPPING_INFO, 0xc0000b0000)
ioctl(3 /dev/nvidiactl, 0x2b NV_ESC_RM_ALLOC, 0x00000000)
ioctl(3 /dev/nvidiactl, 0x2a NV_ESC_RM_CONTROL, 0x90e60102 NV90E6_CTRL_CMD_MASTER_GET_VIRTUAL_FUNCTION_ERROR_CONT_INTR_MASK, 0x7ffd861a5318)
ioctl(3 /dev/nvidiactl, 0x2a NV_ESC_RM_CONTROL, 0x20803601 NV2080_CTRL_CMD_GSP_GET_FEATURES, 0x7ffd861a52b0)
ioctl(3 /dev/nvidiactl, 0x2b NV_ESC_RM_ALLOC, 0x7ffd861a5290)
ioctl(3 /dev/nvidiactl, 0x2b NV_ESC_RM_ALLOC, 0x7ffd861a5290)
ioctl(3 /dev/nvidiactl, 0x2a NV_ESC_RM_CONTROL, 0x20800111 NV2080_CTRL_CMD_GPU_GET_SHORT_NAME_STRING, 0x7ffd861a5300)
ioctl(3 /dev/nvidiactl, 0x2a NV_ESC_RM_CONTROL, 0x20800110 NV2080_CTRL_CMD_GPU_GET_NAME_STRING, 0x7ffd861a5230)
ioctl(3 /dev/nvidiactl, 0x2a NV_ESC_RM_CONTROL, 0x2080014a NV2080_CTRL_CMD_GPU_GET_GID_INFO, 0x7ffd861a5240)
ioctl(3 /dev/nvidiactl, 0x2a NV_ESC_RM_CONTROL, 0x20800131 NV2080_CTRL_CMD_GPU_QUERY_COMPUTE_MODE_RULES, 0x7ffd861a534c)
ioctl(3 /dev/nvidiactl, 0x2a NV_ESC_RM_CONTROL, 0x20808159 , 0x7ffd861a5200)
openat(AT_FDCWD, /sys/bus/pci/devices/0000:01:00.0/numa_node, 0x0)
mmap(0x0, 0x204000000, 0x0 PROT_NONE, 0x22 MAP_ANON|MAP_COPY, ffffffff, 0x0)
ioctl(3 /dev/nvidiactl, 0x2a NV_ESC_RM_CONTROL, 0x2080220c NV2080_CTRL_CMD_RC_RELEASE_WATCHDOG_REQUESTS, 0x00000000)
ioctl(3 /dev/nvidiactl, 0x2a NV_ESC_RM_CONTROL, 0x20802210 NV2080_CTRL_CMD_RC_SOFT_DISABLE_WATCHDOG, 0x00000000)
mmap(0x0, 0x2a000, 0x3 PROT_WRITE|PROT_EXEC, 0x22 MAP_ANON|MAP_COPY, ffffffff, 0x0)
ioctl(3 /dev/nvidiactl, 0x2a NV_ESC_RM_CONTROL, 0x2080182b NV2080_CTRL_CMD_BUS_GET_C2C_INFO, 0x7ffd861a6690)
ioctl(3 /dev/nvidiactl, 0x2a NV_ESC_RM_CONTROL, 0x20803002 NV2080_CTRL_CMD_NVLINK_GET_NVLINK_STATUS, 0x7ffd861a4fa0)
mmap(0x0, 0xa1000, 0x3 PROT_WRITE|PROT_EXEC, 0x22 MAP_ANON|MAP_COPY, ffffffff, 0x0)
ioctl(4 /dev/nvidia-uvm, 0x25 UVM_REGISTER_GPU, 0xffffffff00000000)
ioctl(4 /dev/nvidia-uvm, 0x17 UVM_CREATE_RANGE_GROUP, 0x00000001)
ioctl(3 /dev/nvidiactl, 0x4a NV_ESC_RM_VID_HEAP_CONTROL, 0x00000000)
mmap(0x200000000, 0x100200000, 0x0 PROT_NONE, 0x22 MAP_ANON|MAP_COPY, ffffffff, 0x0)
mmap(0x0, 0x1ffff000, 0x0 PROT_NONE, 0x22 MAP_ANON|MAP_COPY, ffffffff, 0x0)
mmap(0x0, 0x2a1000, 0x0 PROT_NONE, 0x22 MAP_ANON|MAP_COPY, ffffffff, 0x0)
mmap(0x0, 0x801000, 0x0 PROT_NONE, 0x20022 MAP_ANON|MAP_COPY, ffffffff, 0x0)
openat(AT_FDCWD, /proc/self/task/4087/comm, 0x2)
ioctl(3 /dev/nvidiactl, 0x2a NV_ESC_RM_CONTROL, 0x20803601 NV2080_CTRL_CMD_GSP_GET_FEATURES, 0x7ffd861a6a80)
ioctl(3 /dev/nvidiactl, 0x2a NV_ESC_RM_CONTROL, 0x2080200a NV2080_CTRL_CMD_PERF_BOOST, 0x7ffd861a6a98)
mmap(0x0, 0x801000, 0x0 PROT_NONE, 0x20022 MAP_ANON|MAP_COPY, ffffffff, 0x0)
openat(AT_FDCWD, /proc/self/task/4088/comm, 0x2)
ioctl(3 /dev/nvidiactl, 0x2a NV_ESC_RM_CONTROL, 0x20800145 NV2080_CTRL_CMD_GPU_ACQUIRE_COMPUTE_MODE_RESERVATION, 0x00000000)
ioctl(4 /dev/nvidia-uvm, 0x19 UVM_REGISTER_GPU_VASPACE, 0xc1d0003300000003)
mmap(0x0, 0x2a1000, 0x0 PROT_NONE, 0x22 MAP_ANON|MAP_COPY, ffffffff, 0x0)
ioctl(3 /dev/nvidiactl, 0x4a NV_ESC_RM_VID_HEAP_CONTROL, 0x00000000)
ioctl(4 /dev/nvidia-uvm, 0x49 UVM_CREATE_EXTERNAL_RANGE, 0x00000000)
ioctl(4 /dev/nvidia-uvm, 0x21 UVM_MAP_EXTERNAL_ALLOCATION, 0x00000000)
mmap(0x10000000000, 0x4000000, 0x0 PROT_NONE, 0x22 MAP_ANON|MAP_COPY, ffffffff, 0x0)
ioctl(3 /dev/nvidiactl, 0x4a NV_ESC_RM_VID_HEAP_CONTROL, 0x00000000)
ioctl(4 /dev/nvidia-uvm, 0x49 UVM_CREATE_EXTERNAL_RANGE, 0x00000000)
ioctl(4 /dev/nvidia-uvm, 0x21 UVM_MAP_EXTERNAL_ALLOCATION, 0x00000000)
ioctl(3 /dev/nvidiactl, 0x4a NV_ESC_RM_VID_HEAP_CONTROL, 0x00000000)
ioctl(4 /dev/nvidia-uvm, 0x49 UVM_CREATE_EXTERNAL_RANGE, 0x00000000)
ioctl(4 /dev/nvidia-uvm, 0x21 UVM_MAP_EXTERNAL_ALLOCATION, 0x00000000)
mmap(0x0, 0x41000, 0x3 PROT_WRITE|PROT_EXEC, 0x22 MAP_ANON|MAP_COPY, ffffffff, 0x0)
mmap(0x0, 0x81000, 0x3 PROT_WRITE|PROT_EXEC, 0x22 MAP_ANON|MAP_PRIVATE, ffffffff, 0x0)
mmap(0x0, 0x81000, 0x3 PROT_WRITE|PROT_EXEC, 0x22 MAP_ANON|MAP_COPY, ffffffff, 0x0)
mmap(0x0, 0x81000, 0x3 PROT_WRITE|PROT_EXEC, 0x22 MAP_ANON|MAP_COPY, ffffffff, 0x0)
mmap(0x0, 0x3fff000, 0x0 PROT_NONE, 0x22 MAP_ANON|MAP_PRIVATE, ffffffff, 0x0)
ioctl(3 /dev/nvidiactl, 0x4a NV_ESC_RM_VID_HEAP_CONTROL, 0x00000000)
ioctl(4 /dev/nvidia-uvm, 0x49 UVM_CREATE_EXTERNAL_RANGE, 0x00000000)
ioctl(4 /dev/nvidia-uvm, 0x21 UVM_MAP_EXTERNAL_ALLOCATION, 0x00000000)
ioctl(4 /dev/nvidia-uvm, 0x49 UVM_CREATE_EXTERNAL_RANGE, 0x00000000)
ioctl(4 /dev/nvidia-uvm, 0x21 UVM_MAP_EXTERNAL_ALLOCATION, 0x00000000)
ioctl(3 /dev/nvidiactl, 0x2b NV_ESC_RM_ALLOC, 0x7ffd861a66e0)
ioctl(3 /dev/nvidiactl, 0x4a NV_ESC_RM_VID_HEAP_CONTROL, 0x00000000)
ioctl(4 /dev/nvidia-uvm, 0x49 UVM_CREATE_EXTERNAL_RANGE, 0x00000000)
ioctl(4 /dev/nvidia-uvm, 0x21 UVM_MAP_EXTERNAL_ALLOCATION, 0x00000000)
ioctl(3 /dev/nvidiactl, 0x4a NV_ESC_RM_VID_HEAP_CONTROL, 0x00000000)
ioctl(4 /dev/nvidia-uvm, 0x49 UVM_CREATE_EXTERNAL_RANGE, 0x00000000)
ioctl(4 /dev/nvidia-uvm, 0x21 UVM_MAP_EXTERNAL_ALLOCATION, 0x00000000)
mmap(0x0, 0x101000, 0x3 PROT_WRITE|PROT_EXEC, 0x22 MAP_ANON|MAP_COPY, ffffffff, 0x0)
mmap(0x0, 0x1000, 0x3 PROT_WRITE|PROT_EXEC, 0x21 MAP_FILE|MAP_COPY, ffffffff, 0x0)
ioctl(7 /dev/nvidia0, 0x27 NV_ESC_RM_ALLOC_MEMORY, 0x40001010)
ioctl(3 /dev/nvidiactl, 0x2b NV_ESC_RM_ALLOC, 0x7ffd861a6360)
ioctl(3 /dev/nvidiactl, 0x2a NV_ESC_RM_CONTROL, 0x0080170d NV0080_CTRL_CMD_FIFO_GET_CHANNELLIST, 0x7ffd861a64b0)
ioctl(3 /dev/nvidiactl, 0x2b NV_ESC_RM_ALLOC, 0x7ffd861a6478)
ioctl(3 /dev/nvidiactl, 0x2a NV_ESC_RM_CONTROL, 0xc36f0101 NVC36F_CTRL_GET_CLASS_ENGINEID, 0x7ffd861a6460)
openat(AT_FDCWD, /usr/lib/ssl/openssl.cnf, 0x0)
ioctl(3 /dev/nvidiactl, 0x2a NV_ESC_RM_CONTROL, 0xc56f010b NVC56F_CTRL_CMD_GET_KMB, 0x7ffd861a6410)
ioctl(3 /dev/nvidiactl, 0x2a NV_ESC_RM_CONTROL, 0xc36f0108 NVC36F_CTRL_CMD_GPFIFO_GET_WORK_SUBMIT_TOKEN, 0x7ffd861a64bc)
mmap(0x0, 0x49000, 0x3 PROT_WRITE|PROT_EXEC, 0x22 MAP_ANON|MAP_COPY, ffffffff, 0x0)
ioctl(3 /dev/nvidiactl, 0x4a NV_ESC_RM_VID_HEAP_CONTROL, 0x00000000)
ioctl(3 /dev/nvidiactl, 0x2a NV_ESC_RM_CONTROL, 0x00000d01 NV0000_CTRL_CMD_CLIENT_GET_ADDR_SPACE_TYPE, 0x7ffd861a5b90)
openat(AT_FDCWD, /dev/nvidiactl, 0x80002)
ioctl(3 /dev/nvidiactl, 0x4e NV_ESC_RM_MAP_MEMORY, 0x00000000)
mmap(0x200800000, 0x200000, 0x3 PROT_WRITE|PROT_EXEC, 0x11 MAP_FILE|MAP_SHARED, c, 0x0)
ioctl(4 /dev/nvidia-uvm, 0x49 UVM_CREATE_EXTERNAL_RANGE, 0x00000000)
ioctl(4 /dev/nvidia-uvm, 0x21 UVM_MAP_EXTERNAL_ALLOCATION, 0x00000000)
ioctl(3 /dev/nvidiactl, 0x4a NV_ESC_RM_VID_HEAP_CONTROL, 0x00000000)
ioctl(4 /dev/nvidia-uvm, 0x49 UVM_CREATE_EXTERNAL_RANGE, 0x00000000)
ioctl(4 /dev/nvidia-uvm, 0x21 UVM_MAP_EXTERNAL_ALLOCATION, 0x00000000)
ioctl(4 /dev/nvidia-uvm, 0x1b UVM_REGISTER_CHANNEL, 0xc1d0003300000003)
ioctl(3 /dev/nvidiactl, 0x2a NV_ESC_RM_CONTROL, 0xa06c0101 NVA06C_CTRL_CMD_GPFIFO_SCHEDULE, 0x7ffd861a68fe)
openat(AT_FDCWD, /dev/nvidia0, 0x80002)
ioctl(12 /dev/nvidia0, 0xc9 NV_ESC_REGISTER_FD, 0x00000000)
ioctl(12 /dev/nvidia0, 0xce NV_ESC_ALLOC_OS_EVENT, 0x00000003)
ioctl(12 /dev/nvidia0, 0x2b NV_ESC_RM_ALLOC, 0x7ffd861a6760)
ioctl(3 /dev/nvidiactl, 0x2b NV_ESC_RM_ALLOC, 0x7ffd861a66e0)
ioctl(3 /dev/nvidiactl, 0x4a NV_ESC_RM_VID_HEAP_CONTROL, 0x00000000)
ioctl(4 /dev/nvidia-uvm, 0x49 UVM_CREATE_EXTERNAL_RANGE, 0x00000000)
ioctl(4 /dev/nvidia-uvm, 0x21 UVM_MAP_EXTERNAL_ALLOCATION, 0x00000000)
mmap(0x0, 0x101000, 0x3 PROT_WRITE|PROT_EXEC, 0x22 MAP_ANON|MAP_COPY, ffffffff, 0x0)
mmap(0x0, 0x1000, 0x3 PROT_WRITE|PROT_EXEC, 0x21 MAP_FILE|MAP_COPY, ffffffff, 0x0)
ioctl(7 /dev/nvidia0, 0x27 NV_ESC_RM_ALLOC_MEMORY, 0x40001010)
ioctl(3 /dev/nvidiactl, 0x2b NV_ESC_RM_ALLOC, 0x7ffd861a6360)
ioctl(3 /dev/nvidiactl, 0x2a NV_ESC_RM_CONTROL, 0x0080170d NV0080_CTRL_CMD_FIFO_GET_CHANNELLIST, 0x7ffd861a64b0)
ioctl(3 /dev/nvidiactl, 0x2b NV_ESC_RM_ALLOC, 0x7ffd861a6478)
ioctl(3 /dev/nvidiactl, 0x2a NV_ESC_RM_CONTROL, 0xc36f0101 NVC36F_CTRL_GET_CLASS_ENGINEID, 0x7ffd861a6460)
ioctl(3 /dev/nvidiactl, 0x2a NV_ESC_RM_CONTROL, 0xc56f010b NVC56F_CTRL_CMD_GET_KMB, 0x7ffd861a6410)
ioctl(3 /dev/nvidiactl, 0x2a NV_ESC_RM_CONTROL, 0xc36f0108 NVC36F_CTRL_CMD_GPFIFO_GET_WORK_SUBMIT_TOKEN, 0x7ffd861a64bc)
mmap(0x0, 0x49000, 0x3 PROT_WRITE|PROT_EXEC, 0x22 MAP_ANON|MAP_COPY, ffffffff, 0x0)
ioctl(3 /dev/nvidiactl, 0x4a NV_ESC_RM_VID_HEAP_CONTROL, 0x00000000)
ioctl(4 /dev/nvidia-uvm, 0x49 UVM_CREATE_EXTERNAL_RANGE, 0x00000000)
ioctl(4 /dev/nvidia-uvm, 0x21 UVM_MAP_EXTERNAL_ALLOCATION, 0x00000000)
mmap(0x0, 0x49000, 0x3 PROT_EXEC|PROT_WRITE, 0x22 MAP_ANON|MAP_COPY, ffffffff, 0x0)
ioctl(3 /dev/nvidiactl, 0x4a NV_ESC_RM_VID_HEAP_CONTROL, 0x00000000)
ioctl(4 /dev/nvidia-uvm, 0x49 UVM_CREATE_EXTERNAL_RANGE, 0x00000000)
ioctl(4 /dev/nvidia-uvm, 0x21 UVM_MAP_EXTERNAL_ALLOCATION, 0x00000000)
ioctl(4 /dev/nvidia-uvm, 0x1b UVM_REGISTER_CHANNEL, 0xc1d0003300000003)
ioctl(3 /dev/nvidiactl, 0x2a NV_ESC_RM_CONTROL, 0xa06c0101 NVA06C_CTRL_CMD_GPFIFO_SCHEDULE, 0x7ffd861a68fe)
openat(AT_FDCWD, /dev/nvidia0, 0x80002)
ioctl(14 /dev/nvidia0, 0xc9 NV_ESC_REGISTER_FD, 0x00000000)
ioctl(14 /dev/nvidia0, 0xce NV_ESC_ALLOC_OS_EVENT, 0x100000003)
ioctl(14 /dev/nvidia0, 0x2b NV_ESC_RM_ALLOC, 0x7ffd861a6760)
ioctl(3 /dev/nvidiactl, 0x2b NV_ESC_RM_ALLOC, 0x7ffd861a66e0)
ioctl(3 /dev/nvidiactl, 0x4a NV_ESC_RM_VID_HEAP_CONTROL, 0x00000000)
ioctl(4 /dev/nvidia-uvm, 0x49 UVM_CREATE_EXTERNAL_RANGE, 0x00000000)
ioctl(4 /dev/nvidia-uvm, 0x21 UVM_MAP_EXTERNAL_ALLOCATION, 0x00000000)
mmap(0x0, 0x101000, 0x3 PROT_WRITE|PROT_EXEC, 0x22 MAP_ANON|MAP_COPY, ffffffff, 0x0)
mmap(0x0, 0x1000, 0x3 PROT_WRITE|PROT_EXEC, 0x21 MAP_FILE|MAP_PRIVATE, ffffffff, 0x0)
ioctl(7 /dev/nvidia0, 0x27 NV_ESC_RM_ALLOC_MEMORY, 0x40001010)
ioctl(3 /dev/nvidiactl, 0x2b NV_ESC_RM_ALLOC, 0x7ffd861a6360)
ioctl(3 /dev/nvidiactl, 0x2a NV_ESC_RM_CONTROL, 0x0080170d NV0080_CTRL_CMD_FIFO_GET_CHANNELLIST, 0x7ffd861a64b0)
ioctl(3 /dev/nvidiactl, 0x2b NV_ESC_RM_ALLOC, 0x7ffd861a6478)
ioctl(3 /dev/nvidiactl, 0x2a NV_ESC_RM_CONTROL, 0xc36f0101 NVC36F_CTRL_GET_CLASS_ENGINEID, 0x7ffd861a6460)
ioctl(3 /dev/nvidiactl, 0x2a NV_ESC_RM_CONTROL, 0xc56f010b NVC56F_CTRL_CMD_GET_KMB, 0x7ffd861a6410)
ioctl(3 /dev/nvidiactl, 0x2a NV_ESC_RM_CONTROL, 0xc36f0108 NVC36F_CTRL_CMD_GPFIFO_GET_WORK_SUBMIT_TOKEN, 0x7ffd861a64bc)
ioctl(3 /dev/nvidiactl, 0x4a NV_ESC_RM_VID_HEAP_CONTROL, 0x00000000)
ioctl(4 /dev/nvidia-uvm, 0x49 UVM_CREATE_EXTERNAL_RANGE, 0x00000000)
ioctl(4 /dev/nvidia-uvm, 0x21 UVM_MAP_EXTERNAL_ALLOCATION, 0x00000000)
mmap(0x0, 0x101000, 0x3 PROT_WRITE|PROT_EXEC, 0x22 MAP_ANON|MAP_PRIVATE, ffffffff, 0x0)
mmap(0x0, 0x1000, 0x3 PROT_WRITE|PROT_EXEC, 0x21 MAP_FILE|MAP_COPY, ffffffff, 0x0)
ioctl(7 /dev/nvidia0, 0x27 NV_ESC_RM_ALLOC_MEMORY, 0x40001010)
ioctl(3 /dev/nvidiactl, 0x2b NV_ESC_RM_ALLOC, 0x7ffd861a6360)
ioctl(3 /dev/nvidiactl, 0x2a NV_ESC_RM_CONTROL, 0x0080170d NV0080_CTRL_CMD_FIFO_GET_CHANNELLIST, 0x7ffd861a64b0)
ioctl(3 /dev/nvidiactl, 0x2b NV_ESC_RM_ALLOC, 0x7ffd861a6478)
ioctl(3 /dev/nvidiactl, 0x2a NV_ESC_RM_CONTROL, 0xc36f0101 NVC36F_CTRL_GET_CLASS_ENGINEID, 0x7ffd861a6460)
ioctl(3 /dev/nvidiactl, 0x2a NV_ESC_RM_CONTROL, 0xc56f010b NVC56F_CTRL_CMD_GET_KMB, 0x7ffd861a6410)
ioctl(3 /dev/nvidiactl, 0x2a NV_ESC_RM_CONTROL, 0xc36f0108 NVC36F_CTRL_CMD_GPFIFO_GET_WORK_SUBMIT_TOKEN, 0x7ffd861a64bc)
ioctl(3 /dev/nvidiactl, 0x4a NV_ESC_RM_VID_HEAP_CONTROL, 0x00000000)
ioctl(4 /dev/nvidia-uvm, 0x49 UVM_CREATE_EXTERNAL_RANGE, 0x00000000)
ioctl(4 /dev/nvidia-uvm, 0x21 UVM_MAP_EXTERNAL_ALLOCATION, 0x00000000)
mmap(0x0, 0x101000, 0x3 PROT_WRITE|PROT_EXEC, 0x22 MAP_ANON|MAP_PRIVATE, ffffffff, 0x0)
mmap(0x0, 0x1000, 0x3 PROT_WRITE|PROT_EXEC, 0x21 MAP_FILE|MAP_COPY, ffffffff, 0x0)
ioctl(7 /dev/nvidia0, 0x27 NV_ESC_RM_ALLOC_MEMORY, 0x40001010)
ioctl(3 /dev/nvidiactl, 0x2b NV_ESC_RM_ALLOC, 0x7ffd861a6360)
ioctl(3 /dev/nvidiactl, 0x2a NV_ESC_RM_CONTROL, 0x0080170d NV0080_CTRL_CMD_FIFO_GET_CHANNELLIST, 0x7ffd861a64b0)
ioctl(3 /dev/nvidiactl, 0x2b NV_ESC_RM_ALLOC, 0x7ffd861a6478)
ioctl(3 /dev/nvidiactl, 0x2a NV_ESC_RM_CONTROL, 0xc36f0101 NVC36F_CTRL_GET_CLASS_ENGINEID, 0x7ffd861a6460)
ioctl(3 /dev/nvidiactl, 0x2a NV_ESC_RM_CONTROL, 0xc56f010b NVC56F_CTRL_CMD_GET_KMB, 0x7ffd861a6410)
ioctl(3 /dev/nvidiactl, 0x2a NV_ESC_RM_CONTROL, 0xc36f0108 NVC36F_CTRL_CMD_GPFIFO_GET_WORK_SUBMIT_TOKEN, 0x7ffd861a64bc)
ioctl(3 /dev/nvidiactl, 0x4a NV_ESC_RM_VID_HEAP_CONTROL, 0x00000000)
ioctl(4 /dev/nvidia-uvm, 0x49 UVM_CREATE_EXTERNAL_RANGE, 0x00000000)
ioctl(4 /dev/nvidia-uvm, 0x21 UVM_MAP_EXTERNAL_ALLOCATION, 0x00000000)
mmap(0x0, 0x101000, 0x3 PROT_WRITE|PROT_EXEC, 0x22 MAP_ANON|MAP_COPY, ffffffff, 0x0)
mmap(0x0, 0x1000, 0x3 PROT_WRITE|PROT_EXEC, 0x21 MAP_FILE|MAP_COPY, ffffffff, 0x0)
ioctl(7 /dev/nvidia0, 0x27 NV_ESC_RM_ALLOC_MEMORY, 0x40001010)
ioctl(3 /dev/nvidiactl, 0x2b NV_ESC_RM_ALLOC, 0x7ffd861a6360)
ioctl(3 /dev/nvidiactl, 0x2a NV_ESC_RM_CONTROL, 0x0080170d NV0080_CTRL_CMD_FIFO_GET_CHANNELLIST, 0x7ffd861a64b0)
ioctl(3 /dev/nvidiactl, 0x2b NV_ESC_RM_ALLOC, 0x7ffd861a6478)
ioctl(3 /dev/nvidiactl, 0x2a NV_ESC_RM_CONTROL, 0xc36f0101 NVC36F_CTRL_GET_CLASS_ENGINEID, 0x7ffd861a6460)
ioctl(3 /dev/nvidiactl, 0x2a NV_ESC_RM_CONTROL, 0xc56f010b NVC56F_CTRL_CMD_GET_KMB, 0x7ffd861a6410)
ioctl(3 /dev/nvidiactl, 0x2a NV_ESC_RM_CONTROL, 0xc36f0108 NVC36F_CTRL_CMD_GPFIFO_GET_WORK_SUBMIT_TOKEN, 0x7ffd861a64bc)
ioctl(3 /dev/nvidiactl, 0x4a NV_ESC_RM_VID_HEAP_CONTROL, 0x00000000)
ioctl(4 /dev/nvidia-uvm, 0x49 UVM_CREATE_EXTERNAL_RANGE, 0x00000000)
ioctl(4 /dev/nvidia-uvm, 0x21 UVM_MAP_EXTERNAL_ALLOCATION, 0x00000000)
mmap(0x0, 0x101000, 0x3 PROT_WRITE|PROT_EXEC, 0x22 MAP_ANON|MAP_COPY, ffffffff, 0x0)
mmap(0x0, 0x1000, 0x3 PROT_WRITE|PROT_EXEC, 0x21 MAP_FILE|MAP_COPY, ffffffff, 0x0)
ioctl(7 /dev/nvidia0, 0x27 NV_ESC_RM_ALLOC_MEMORY, 0x40001010)
ioctl(3 /dev/nvidiactl, 0x2b NV_ESC_RM_ALLOC, 0x7ffd861a6360)
ioctl(3 /dev/nvidiactl, 0x2a NV_ESC_RM_CONTROL, 0x0080170d NV0080_CTRL_CMD_FIFO_GET_CHANNELLIST, 0x7ffd861a64b0)
ioctl(3 /dev/nvidiactl, 0x2b NV_ESC_RM_ALLOC, 0x7ffd861a6478)
ioctl(3 /dev/nvidiactl, 0x2a NV_ESC_RM_CONTROL, 0xc36f0101 NVC36F_CTRL_GET_CLASS_ENGINEID, 0x7ffd861a6460)
ioctl(3 /dev/nvidiactl, 0x2a NV_ESC_RM_CONTROL, 0xc56f010b NVC56F_CTRL_CMD_GET_KMB, 0x7ffd861a6410)
ioctl(3 /dev/nvidiactl, 0x2a NV_ESC_RM_CONTROL, 0xc36f0108 NVC36F_CTRL_CMD_GPFIFO_GET_WORK_SUBMIT_TOKEN, 0x7ffd861a64bc)
ioctl(3 /dev/nvidiactl, 0x4a NV_ESC_RM_VID_HEAP_CONTROL, 0x00000000)
ioctl(4 /dev/nvidia-uvm, 0x49 UVM_CREATE_EXTERNAL_RANGE, 0x00000000)
ioctl(4 /dev/nvidia-uvm, 0x21 UVM_MAP_EXTERNAL_ALLOCATION, 0x00000000)
mmap(0x0, 0x101000, 0x3 PROT_WRITE|PROT_EXEC, 0x22 MAP_ANON|MAP_COPY, ffffffff, 0x0)
mmap(0x0, 0x1000, 0x3 PROT_WRITE|PROT_EXEC, 0x21 MAP_FILE|MAP_COPY, ffffffff, 0x0)
ioctl(7 /dev/nvidia0, 0x27 NV_ESC_RM_ALLOC_MEMORY, 0x40001010)
ioctl(3 /dev/nvidiactl, 0x2b NV_ESC_RM_ALLOC, 0x7ffd861a6360)
ioctl(3 /dev/nvidiactl, 0x2a NV_ESC_RM_CONTROL, 0x0080170d NV0080_CTRL_CMD_FIFO_GET_CHANNELLIST, 0x7ffd861a64b0)
ioctl(3 /dev/nvidiactl, 0x2b NV_ESC_RM_ALLOC, 0x7ffd861a6478)
ioctl(3 /dev/nvidiactl, 0x2a NV_ESC_RM_CONTROL, 0xc36f0101 NVC36F_CTRL_GET_CLASS_ENGINEID, 0x7ffd861a6460)
ioctl(3 /dev/nvidiactl, 0x2a NV_ESC_RM_CONTROL, 0xc56f010b NVC56F_CTRL_CMD_GET_KMB, 0x7ffd861a6410)
ioctl(3 /dev/nvidiactl, 0x2a NV_ESC_RM_CONTROL, 0xc36f0108 NVC36F_CTRL_CMD_GPFIFO_GET_WORK_SUBMIT_TOKEN, 0x7ffd861a64bc)
ioctl(3 /dev/nvidiactl, 0x4a NV_ESC_RM_VID_HEAP_CONTROL, 0x00000000)
ioctl(4 /dev/nvidia-uvm, 0x49 UVM_CREATE_EXTERNAL_RANGE, 0x00000000)
ioctl(4 /dev/nvidia-uvm, 0x21 UVM_MAP_EXTERNAL_ALLOCATION, 0x00000000)
mmap(0x0, 0x101000, 0x3 PROT_EXEC|PROT_WRITE, 0x22 MAP_ANON|MAP_COPY, ffffffff, 0x0)
mmap(0x0, 0x1000, 0x3 PROT_WRITE|PROT_EXEC, 0x21 MAP_FILE|MAP_COPY, ffffffff, 0x0)
ioctl(7 /dev/nvidia0, 0x27 NV_ESC_RM_ALLOC_MEMORY, 0x40001010)
ioctl(3 /dev/nvidiactl, 0x2b NV_ESC_RM_ALLOC, 0x7ffd861a6360)
ioctl(3 /dev/nvidiactl, 0x2a NV_ESC_RM_CONTROL, 0x0080170d NV0080_CTRL_CMD_FIFO_GET_CHANNELLIST, 0x7ffd861a64b0)
ioctl(3 /dev/nvidiactl, 0x2b NV_ESC_RM_ALLOC, 0x7ffd861a6478)
ioctl(3 /dev/nvidiactl, 0x2a NV_ESC_RM_CONTROL, 0xc36f0101 NVC36F_CTRL_GET_CLASS_ENGINEID, 0x7ffd861a6460)
ioctl(3 /dev/nvidiactl, 0x2a NV_ESC_RM_CONTROL, 0xc56f010b NVC56F_CTRL_CMD_GET_KMB, 0x7ffd861a6410)
ioctl(3 /dev/nvidiactl, 0x2a NV_ESC_RM_CONTROL, 0xc36f0108 NVC36F_CTRL_CMD_GPFIFO_GET_WORK_SUBMIT_TOKEN, 0x7ffd861a64bc)
ioctl(3 /dev/nvidiactl, 0x4a NV_ESC_RM_VID_HEAP_CONTROL, 0x00000000)
ioctl(4 /dev/nvidia-uvm, 0x49 UVM_CREATE_EXTERNAL_RANGE, 0x00000000)
ioctl(4 /dev/nvidia-uvm, 0x21 UVM_MAP_EXTERNAL_ALLOCATION, 0x00000000)
mmap(0x0, 0x101000, 0x3 PROT_WRITE|PROT_EXEC, 0x22 MAP_ANON|MAP_COPY, ffffffff, 0x0)
mmap(0x0, 0x1000, 0x3 PROT_WRITE|PROT_EXEC, 0x21 MAP_FILE|MAP_COPY, ffffffff, 0x0)
ioctl(7 /dev/nvidia0, 0x27 NV_ESC_RM_ALLOC_MEMORY, 0x40001010)
ioctl(3 /dev/nvidiactl, 0x2b NV_ESC_RM_ALLOC, 0x7ffd861a6360)
ioctl(3 /dev/nvidiactl, 0x2a NV_ESC_RM_CONTROL, 0x0080170d NV0080_CTRL_CMD_FIFO_GET_CHANNELLIST, 0x7ffd861a64b0)
ioctl(3 /dev/nvidiactl, 0x2b NV_ESC_RM_ALLOC, 0x7ffd861a6478)
ioctl(3 /dev/nvidiactl, 0x2a NV_ESC_RM_CONTROL, 0xc36f0101 NVC36F_CTRL_GET_CLASS_ENGINEID, 0x7ffd861a6460)
ioctl(3 /dev/nvidiactl, 0x2a NV_ESC_RM_CONTROL, 0xc56f010b NVC56F_CTRL_CMD_GET_KMB, 0x7ffd861a6410)
ioctl(3 /dev/nvidiactl, 0x2a NV_ESC_RM_CONTROL, 0xc36f0108 NVC36F_CTRL_CMD_GPFIFO_GET_WORK_SUBMIT_TOKEN, 0x7ffd861a64bc)
ioctl(4 /dev/nvidia-uvm, 0x1b UVM_REGISTER_CHANNEL, 0xc1d0003300000003)
ioctl(4 /dev/nvidia-uvm, 0x1b UVM_REGISTER_CHANNEL, 0xc1d0003300000003)
ioctl(4 /dev/nvidia-uvm, 0x1b UVM_REGISTER_CHANNEL, 0xc1d0003300000003)
ioctl(4 /dev/nvidia-uvm, 0x1b UVM_REGISTER_CHANNEL, 0xc1d0003300000003)
ioctl(4 /dev/nvidia-uvm, 0x1b UVM_REGISTER_CHANNEL, 0xc1d0003300000003)
ioctl(4 /dev/nvidia-uvm, 0x1b UVM_REGISTER_CHANNEL, 0xc1d0003300000003)
ioctl(4 /dev/nvidia-uvm, 0x1b UVM_REGISTER_CHANNEL, 0xc1d0003300000003)
ioctl(4 /dev/nvidia-uvm, 0x1b UVM_REGISTER_CHANNEL, 0xc1d0003300000003)
ioctl(3 /dev/nvidiactl, 0x2a NV_ESC_RM_CONTROL, 0xa06c0101 NVA06C_CTRL_CMD_GPFIFO_SCHEDULE, 0x7ffd861a68fe)
openat(AT_FDCWD, /dev/nvidia0, 0x80002)
ioctl(16 /dev/nvidia0, 0xc9 NV_ESC_REGISTER_FD, 0x00000000)
ioctl(16 /dev/nvidia0, 0xce NV_ESC_ALLOC_OS_EVENT, 0x100000003)
ioctl(16 /dev/nvidia0, 0x2b NV_ESC_RM_ALLOC, 0x7ffd861a6760)
ioctl(3 /dev/nvidiactl, 0x2b NV_ESC_RM_ALLOC, 0x7ffd861a66e0)
ioctl(3 /dev/nvidiactl, 0x4a NV_ESC_RM_VID_HEAP_CONTROL, 0x00000000)
ioctl(4 /dev/nvidia-uvm, 0x49 UVM_CREATE_EXTERNAL_RANGE, 0x00000000)
ioctl(4 /dev/nvidia-uvm, 0x21 UVM_MAP_EXTERNAL_ALLOCATION, 0x00000000)
mmap(0x0, 0x101000, 0x3 PROT_EXEC|PROT_WRITE, 0x22 MAP_ANON|MAP_COPY, ffffffff, 0x0)
mmap(0x0, 0x1000, 0x3 PROT_WRITE|PROT_EXEC, 0x21 MAP_FILE|MAP_COPY, ffffffff, 0x0)
ioctl(7 /dev/nvidia0, 0x27 NV_ESC_RM_ALLOC_MEMORY, 0x40001010)
ioctl(3 /dev/nvidiactl, 0x2b NV_ESC_RM_ALLOC, 0x7ffd861a6360)
ioctl(3 /dev/nvidiactl, 0x2a NV_ESC_RM_CONTROL, 0x0080170d NV0080_CTRL_CMD_FIFO_GET_CHANNELLIST, 0x7ffd861a64b0)
ioctl(3 /dev/nvidiactl, 0x2b NV_ESC_RM_ALLOC, 0x7ffd861a6478)
ioctl(3 /dev/nvidiactl, 0x2a NV_ESC_RM_CONTROL, 0xc36f0101 NVC36F_CTRL_GET_CLASS_ENGINEID, 0x7ffd861a6460)
ioctl(3 /dev/nvidiactl, 0x2a NV_ESC_RM_CONTROL, 0xc56f010b NVC56F_CTRL_CMD_GET_KMB, 0x7ffd861a6410)
ioctl(3 /dev/nvidiactl, 0x2a NV_ESC_RM_CONTROL, 0xc36f0108 NVC36F_CTRL_CMD_GPFIFO_GET_WORK_SUBMIT_TOKEN, 0x7ffd861a64bc)
ioctl(3 /dev/nvidiactl, 0x4a NV_ESC_RM_VID_HEAP_CONTROL, 0x00000000)
ioctl(4 /dev/nvidia-uvm, 0x49 UVM_CREATE_EXTERNAL_RANGE, 0x00000000)
ioctl(4 /dev/nvidia-uvm, 0x21 UVM_MAP_EXTERNAL_ALLOCATION, 0x00000000)
mmap(0x0, 0x101000, 0x3 PROT_EXEC|PROT_WRITE, 0x22 MAP_ANON|MAP_COPY, ffffffff, 0x0)
mmap(0x0, 0x1000, 0x3 PROT_WRITE|PROT_EXEC, 0x21 MAP_FILE|MAP_COPY, ffffffff, 0x0)
ioctl(7 /dev/nvidia0, 0x27 NV_ESC_RM_ALLOC_MEMORY, 0x40001010)
ioctl(3 /dev/nvidiactl, 0x2b NV_ESC_RM_ALLOC, 0x7ffd861a6360)
ioctl(3 /dev/nvidiactl, 0x2a NV_ESC_RM_CONTROL, 0x0080170d NV0080_CTRL_CMD_FIFO_GET_CHANNELLIST, 0x7ffd861a64b0)
ioctl(3 /dev/nvidiactl, 0x2b NV_ESC_RM_ALLOC, 0x7ffd861a6478)
ioctl(3 /dev/nvidiactl, 0x2a NV_ESC_RM_CONTROL, 0xc36f0101 NVC36F_CTRL_GET_CLASS_ENGINEID, 0x7ffd861a6460)
ioctl(3 /dev/nvidiactl, 0x2a NV_ESC_RM_CONTROL, 0xc56f010b NVC56F_CTRL_CMD_GET_KMB, 0x7ffd861a6410)
ioctl(3 /dev/nvidiactl, 0x2a NV_ESC_RM_CONTROL, 0xc36f0108 NVC36F_CTRL_CMD_GPFIFO_GET_WORK_SUBMIT_TOKEN, 0x7ffd861a64bc)
ioctl(3 /dev/nvidiactl, 0x4a NV_ESC_RM_VID_HEAP_CONTROL, 0x00000000)
ioctl(4 /dev/nvidia-uvm, 0x49 UVM_CREATE_EXTERNAL_RANGE, 0x00000000)
ioctl(4 /dev/nvidia-uvm, 0x21 UVM_MAP_EXTERNAL_ALLOCATION, 0x00000000)
mmap(0x0, 0x101000, 0x3 PROT_WRITE|PROT_EXEC, 0x22 MAP_ANON|MAP_COPY, ffffffff, 0x0)
mmap(0x0, 0x1000, 0x3 PROT_WRITE|PROT_EXEC, 0x21 MAP_FILE|MAP_COPY, ffffffff, 0x0)
ioctl(7 /dev/nvidia0, 0x27 NV_ESC_RM_ALLOC_MEMORY, 0x40001010)
ioctl(3 /dev/nvidiactl, 0x2b NV_ESC_RM_ALLOC, 0x7ffd861a6360)
ioctl(3 /dev/nvidiactl, 0x2a NV_ESC_RM_CONTROL, 0x0080170d NV0080_CTRL_CMD_FIFO_GET_CHANNELLIST, 0x7ffd861a64b0)
ioctl(3 /dev/nvidiactl, 0x2b NV_ESC_RM_ALLOC, 0x7ffd861a6478)
ioctl(3 /dev/nvidiactl, 0x2a NV_ESC_RM_CONTROL, 0xc36f0101 NVC36F_CTRL_GET_CLASS_ENGINEID, 0x7ffd861a6460)
ioctl(3 /dev/nvidiactl, 0x2a NV_ESC_RM_CONTROL, 0xc56f010b NVC56F_CTRL_CMD_GET_KMB, 0x7ffd861a6410)
ioctl(3 /dev/nvidiactl, 0x2a NV_ESC_RM_CONTROL, 0xc36f0108 NVC36F_CTRL_CMD_GPFIFO_GET_WORK_SUBMIT_TOKEN, 0x7ffd861a64bc)
ioctl(3 /dev/nvidiactl, 0x4a NV_ESC_RM_VID_HEAP_CONTROL, 0x00000000)
ioctl(4 /dev/nvidia-uvm, 0x49 UVM_CREATE_EXTERNAL_RANGE, 0x00000000)
ioctl(4 /dev/nvidia-uvm, 0x21 UVM_MAP_EXTERNAL_ALLOCATION, 0x00000000)
mmap(0x0, 0x101000, 0x3 PROT_WRITE|PROT_EXEC, 0x22 MAP_ANON|MAP_COPY, ffffffff, 0x0)
mmap(0x0, 0x1000, 0x3 PROT_WRITE|PROT_EXEC, 0x21 MAP_FILE|MAP_PRIVATE, ffffffff, 0x0)
ioctl(7 /dev/nvidia0, 0x27 NV_ESC_RM_ALLOC_MEMORY, 0x40001010)
ioctl(3 /dev/nvidiactl, 0x2b NV_ESC_RM_ALLOC, 0x7ffd861a6360)
ioctl(3 /dev/nvidiactl, 0x2a NV_ESC_RM_CONTROL, 0x0080170d NV0080_CTRL_CMD_FIFO_GET_CHANNELLIST, 0x7ffd861a64b0)
ioctl(3 /dev/nvidiactl, 0x2b NV_ESC_RM_ALLOC, 0x7ffd861a6478)
ioctl(3 /dev/nvidiactl, 0x2a NV_ESC_RM_CONTROL, 0xc36f0101 NVC36F_CTRL_GET_CLASS_ENGINEID, 0x7ffd861a6460)
ioctl(3 /dev/nvidiactl, 0x2a NV_ESC_RM_CONTROL, 0xc56f010b NVC56F_CTRL_CMD_GET_KMB, 0x7ffd861a6410)
ioctl(3 /dev/nvidiactl, 0x2a NV_ESC_RM_CONTROL, 0xc36f0108 NVC36F_CTRL_CMD_GPFIFO_GET_WORK_SUBMIT_TOKEN, 0x7ffd861a64bc)
ioctl(3 /dev/nvidiactl, 0x4a NV_ESC_RM_VID_HEAP_CONTROL, 0x00000000)
ioctl(4 /dev/nvidia-uvm, 0x49 UVM_CREATE_EXTERNAL_RANGE, 0x00000000)
ioctl(4 /dev/nvidia-uvm, 0x21 UVM_MAP_EXTERNAL_ALLOCATION, 0x00000000)
mmap(0x0, 0x101000, 0x3 PROT_WRITE|PROT_EXEC, 0x22 MAP_ANON|MAP_PRIVATE, ffffffff, 0x0)
mmap(0x0, 0x1000, 0x3 PROT_EXEC|PROT_WRITE, 0x21 MAP_FILE|MAP_COPY, ffffffff, 0x0)
ioctl(7 /dev/nvidia0, 0x27 NV_ESC_RM_ALLOC_MEMORY, 0x40001010)
ioctl(3 /dev/nvidiactl, 0x2b NV_ESC_RM_ALLOC, 0x7ffd861a6360)
ioctl(3 /dev/nvidiactl, 0x2a NV_ESC_RM_CONTROL, 0x0080170d NV0080_CTRL_CMD_FIFO_GET_CHANNELLIST, 0x7ffd861a64b0)
ioctl(3 /dev/nvidiactl, 0x2b NV_ESC_RM_ALLOC, 0x7ffd861a6478)
ioctl(3 /dev/nvidiactl, 0x2a NV_ESC_RM_CONTROL, 0xc36f0101 NVC36F_CTRL_GET_CLASS_ENGINEID, 0x7ffd861a6460)
ioctl(3 /dev/nvidiactl, 0x2a NV_ESC_RM_CONTROL, 0xc56f010b NVC56F_CTRL_CMD_GET_KMB, 0x7ffd861a6410)
ioctl(3 /dev/nvidiactl, 0x2a NV_ESC_RM_CONTROL, 0xc36f0108 NVC36F_CTRL_CMD_GPFIFO_GET_WORK_SUBMIT_TOKEN, 0x7ffd861a64bc)
ioctl(3 /dev/nvidiactl, 0x4a NV_ESC_RM_VID_HEAP_CONTROL, 0x00000000)
ioctl(4 /dev/nvidia-uvm, 0x49 UVM_CREATE_EXTERNAL_RANGE, 0x00000000)
ioctl(4 /dev/nvidia-uvm, 0x21 UVM_MAP_EXTERNAL_ALLOCATION, 0x00000000)
mmap(0x0, 0x101000, 0x3 PROT_WRITE|PROT_EXEC, 0x22 MAP_ANON|MAP_COPY, ffffffff, 0x0)
mmap(0x0, 0x1000, 0x3 PROT_WRITE|PROT_EXEC, 0x21 MAP_FILE|MAP_COPY, ffffffff, 0x0)
ioctl(7 /dev/nvidia0, 0x27 NV_ESC_RM_ALLOC_MEMORY, 0x40001010)
ioctl(3 /dev/nvidiactl, 0x2b NV_ESC_RM_ALLOC, 0x7ffd861a6360)
ioctl(3 /dev/nvidiactl, 0x2a NV_ESC_RM_CONTROL, 0x0080170d NV0080_CTRL_CMD_FIFO_GET_CHANNELLIST, 0x7ffd861a64b0)
ioctl(3 /dev/nvidiactl, 0x2b NV_ESC_RM_ALLOC, 0x7ffd861a6478)
ioctl(3 /dev/nvidiactl, 0x2a NV_ESC_RM_CONTROL, 0xc36f0101 NVC36F_CTRL_GET_CLASS_ENGINEID, 0x7ffd861a6460)
ioctl(3 /dev/nvidiactl, 0x2a NV_ESC_RM_CONTROL, 0xc56f010b NVC56F_CTRL_CMD_GET_KMB, 0x7ffd861a6410)
ioctl(3 /dev/nvidiactl, 0x2a NV_ESC_RM_CONTROL, 0xc36f0108 NVC36F_CTRL_CMD_GPFIFO_GET_WORK_SUBMIT_TOKEN, 0x7ffd861a64bc)
ioctl(3 /dev/nvidiactl, 0x4a NV_ESC_RM_VID_HEAP_CONTROL, 0x00000000)
ioctl(4 /dev/nvidia-uvm, 0x49 UVM_CREATE_EXTERNAL_RANGE, 0x00000000)
ioctl(4 /dev/nvidia-uvm, 0x21 UVM_MAP_EXTERNAL_ALLOCATION, 0x00000000)
mmap(0x0, 0x101000, 0x3 PROT_WRITE|PROT_EXEC, 0x22 MAP_ANON|MAP_COPY, ffffffff, 0x0)
mmap(0x0, 0x1000, 0x3 PROT_WRITE|PROT_EXEC, 0x21 MAP_FILE|MAP_COPY, ffffffff, 0x0)
ioctl(7 /dev/nvidia0, 0x27 NV_ESC_RM_ALLOC_MEMORY, 0x40001010)
ioctl(3 /dev/nvidiactl, 0x2b NV_ESC_RM_ALLOC, 0x7ffd861a6360)
ioctl(3 /dev/nvidiactl, 0x2a NV_ESC_RM_CONTROL, 0x0080170d NV0080_CTRL_CMD_FIFO_GET_CHANNELLIST, 0x7ffd861a64b0)
ioctl(3 /dev/nvidiactl, 0x2b NV_ESC_RM_ALLOC, 0x7ffd861a6478)
ioctl(3 /dev/nvidiactl, 0x2a NV_ESC_RM_CONTROL, 0xc36f0101 NVC36F_CTRL_GET_CLASS_ENGINEID, 0x7ffd861a6460)
ioctl(3 /dev/nvidiactl, 0x2a NV_ESC_RM_CONTROL, 0xc56f010b NVC56F_CTRL_CMD_GET_KMB, 0x7ffd861a6410)
ioctl(3 /dev/nvidiactl, 0x2a NV_ESC_RM_CONTROL, 0xc36f0108 NVC36F_CTRL_CMD_GPFIFO_GET_WORK_SUBMIT_TOKEN, 0x7ffd861a64bc)
ioctl(3 /dev/nvidiactl, 0x4a NV_ESC_RM_VID_HEAP_CONTROL, 0x00000000)
ioctl(4 /dev/nvidia-uvm, 0x49 UVM_CREATE_EXTERNAL_RANGE, 0x00000000)
ioctl(4 /dev/nvidia-uvm, 0x21 UVM_MAP_EXTERNAL_ALLOCATION, 0x00000000)
mmap(0x0, 0x101000, 0x3 PROT_WRITE|PROT_EXEC, 0x22 MAP_ANON|MAP_PRIVATE, ffffffff, 0x0)
mmap(0x0, 0x1000, 0x3 PROT_WRITE|PROT_EXEC, 0x21 MAP_FILE|MAP_PRIVATE, ffffffff, 0x0)
ioctl(7 /dev/nvidia0, 0x27 NV_ESC_RM_ALLOC_MEMORY, 0x40001010)
ioctl(3 /dev/nvidiactl, 0x2b NV_ESC_RM_ALLOC, 0x7ffd861a6360)
ioctl(3 /dev/nvidiactl, 0x2a NV_ESC_RM_CONTROL, 0x0080170d NV0080_CTRL_CMD_FIFO_GET_CHANNELLIST, 0x7ffd861a64b0)
ioctl(3 /dev/nvidiactl, 0x2b NV_ESC_RM_ALLOC, 0x7ffd861a6478)
ioctl(3 /dev/nvidiactl, 0x2a NV_ESC_RM_CONTROL, 0xc36f0101 NVC36F_CTRL_GET_CLASS_ENGINEID, 0x7ffd861a6460)
ioctl(3 /dev/nvidiactl, 0x2a NV_ESC_RM_CONTROL, 0xc56f010b NVC56F_CTRL_CMD_GET_KMB, 0x7ffd861a6410)
ioctl(3 /dev/nvidiactl, 0x2a NV_ESC_RM_CONTROL, 0xc36f0108 NVC36F_CTRL_CMD_GPFIFO_GET_WORK_SUBMIT_TOKEN, 0x7ffd861a64bc)
ioctl(4 /dev/nvidia-uvm, 0x1b UVM_REGISTER_CHANNEL, 0xc1d0003300000003)
ioctl(4 /dev/nvidia-uvm, 0x1b UVM_REGISTER_CHANNEL, 0xc1d0003300000003)
ioctl(4 /dev/nvidia-uvm, 0x1b UVM_REGISTER_CHANNEL, 0xc1d0003300000003)
ioctl(4 /dev/nvidia-uvm, 0x1b UVM_REGISTER_CHANNEL, 0xc1d0003300000003)
ioctl(4 /dev/nvidia-uvm, 0x1b UVM_REGISTER_CHANNEL, 0xc1d0003300000003)
ioctl(4 /dev/nvidia-uvm, 0x1b UVM_REGISTER_CHANNEL, 0xc1d0003300000003)
ioctl(4 /dev/nvidia-uvm, 0x1b UVM_REGISTER_CHANNEL, 0xc1d0003300000003)
ioctl(4 /dev/nvidia-uvm, 0x1b UVM_REGISTER_CHANNEL, 0xc1d0003300000003)
ioctl(3 /dev/nvidiactl, 0x2a NV_ESC_RM_CONTROL, 0xa06c0101 NVA06C_CTRL_CMD_GPFIFO_SCHEDULE, 0x7ffd861a68fe)
openat(AT_FDCWD, /dev/nvidia0, 0x80002)
ioctl(18 /dev/nvidia0, 0xc9 NV_ESC_REGISTER_FD, 0x00000000)
ioctl(18 /dev/nvidia0, 0xce NV_ESC_ALLOC_OS_EVENT, 0x100000003)
ioctl(18 /dev/nvidia0, 0x2b NV_ESC_RM_ALLOC, 0x7ffd861a6760)
ioctl(3 /dev/nvidiactl, 0x2b NV_ESC_RM_ALLOC, 0x7ffd861a66e0)
ioctl(3 /dev/nvidiactl, 0x2b NV_ESC_RM_ALLOC, 0x7ffd861a66e4)
ioctl(3 /dev/nvidiactl, 0x4a NV_ESC_RM_VID_HEAP_CONTROL, 0x00000000)
ioctl(4 /dev/nvidia-uvm, 0x49 UVM_CREATE_EXTERNAL_RANGE, 0x00000000)
ioctl(4 /dev/nvidia-uvm, 0x21 UVM_MAP_EXTERNAL_ALLOCATION, 0x00000000)
mmap(0x0, 0x401000, 0x3 PROT_WRITE|PROT_EXEC, 0x22 MAP_ANON|MAP_PRIVATE, ffffffff, 0x0)
mmap(0x0, 0x1000, 0x3 PROT_WRITE|PROT_EXEC, 0x21 MAP_FILE|MAP_COPY, ffffffff, 0x0)
ioctl(7 /dev/nvidia0, 0x27 NV_ESC_RM_ALLOC_MEMORY, 0x40001010)
ioctl(3 /dev/nvidiactl, 0x2b NV_ESC_RM_ALLOC, 0x7ffd861a6360)
ioctl(3 /dev/nvidiactl, 0x2a NV_ESC_RM_CONTROL, 0x0080170d NV0080_CTRL_CMD_FIFO_GET_CHANNELLIST, 0x7ffd861a64b0)
ioctl(3 /dev/nvidiactl, 0x2b NV_ESC_RM_ALLOC, 0x00000000)
ioctl(3 /dev/nvidiactl, 0x2a NV_ESC_RM_CONTROL, 0xc36f0101 NVC36F_CTRL_GET_CLASS_ENGINEID, 0x7ffd861a6460)
ioctl(3 /dev/nvidiactl, 0x2b NV_ESC_RM_ALLOC, 0x7ffd861a6478)
ioctl(3 /dev/nvidiactl, 0x2a NV_ESC_RM_CONTROL, 0xc36f0101 NVC36F_CTRL_GET_CLASS_ENGINEID, 0x7ffd861a6460)
ioctl(3 /dev/nvidiactl, 0x2a NV_ESC_RM_CONTROL, 0xc36f0108 NVC36F_CTRL_CMD_GPFIFO_GET_WORK_SUBMIT_TOKEN, 0x7ffd861a64bc)
ioctl(3 /dev/nvidiactl, 0x2a NV_ESC_RM_CONTROL, 0x20801218 NV2080_CTRL_CMD_GR_GET_CTX_BUFFER_SIZE, 0x7ffd861a64b0)
ioctl(3 /dev/nvidiactl, 0x4a NV_ESC_RM_VID_HEAP_CONTROL, 0x00000000)
ioctl(4 /dev/nvidia-uvm, 0x49 UVM_CREATE_EXTERNAL_RANGE, 0x00000000)
ioctl(4 /dev/nvidia-uvm, 0x21 UVM_MAP_EXTERNAL_ALLOCATION, 0x00000000)
mmap(0x0, 0x401000, 0x3 PROT_EXEC|PROT_WRITE, 0x22 MAP_ANON|MAP_COPY, ffffffff, 0x0)
mmap(0x0, 0x1000, 0x3 PROT_WRITE|PROT_EXEC, 0x21 MAP_FILE|MAP_COPY, ffffffff, 0x0)
ioctl(7 /dev/nvidia0, 0x27 NV_ESC_RM_ALLOC_MEMORY, 0x40001010)
ioctl(3 /dev/nvidiactl, 0x2b NV_ESC_RM_ALLOC, 0x7ffd861a6360)
ioctl(3 /dev/nvidiactl, 0x2a NV_ESC_RM_CONTROL, 0x0080170d NV0080_CTRL_CMD_FIFO_GET_CHANNELLIST, 0x7ffd861a64b0)
ioctl(3 /dev/nvidiactl, 0x2b NV_ESC_RM_ALLOC, 0x00000000)
ioctl(3 /dev/nvidiactl, 0x2a NV_ESC_RM_CONTROL, 0xc36f0101 NVC36F_CTRL_GET_CLASS_ENGINEID, 0x7ffd861a6460)
ioctl(3 /dev/nvidiactl, 0x2b NV_ESC_RM_ALLOC, 0x7ffd861a6478)
ioctl(3 /dev/nvidiactl, 0x2a NV_ESC_RM_CONTROL, 0xc36f0101 NVC36F_CTRL_GET_CLASS_ENGINEID, 0x7ffd861a6460)
ioctl(3 /dev/nvidiactl, 0x2a NV_ESC_RM_CONTROL, 0xc36f0108 NVC36F_CTRL_CMD_GPFIFO_GET_WORK_SUBMIT_TOKEN, 0x7ffd861a64bc)
ioctl(3 /dev/nvidiactl, 0x2a NV_ESC_RM_CONTROL, 0x20801218 NV2080_CTRL_CMD_GR_GET_CTX_BUFFER_SIZE, 0x7ffd861a64b0)
ioctl(3 /dev/nvidiactl, 0x4a NV_ESC_RM_VID_HEAP_CONTROL, 0x00000000)
ioctl(4 /dev/nvidia-uvm, 0x49 UVM_CREATE_EXTERNAL_RANGE, 0x00000000)
ioctl(4 /dev/nvidia-uvm, 0x21 UVM_MAP_EXTERNAL_ALLOCATION, 0x00000000)
mmap(0x0, 0x401000, 0x3 PROT_WRITE|PROT_EXEC, 0x22 MAP_ANON|MAP_COPY, ffffffff, 0x0)
mmap(0x0, 0x1000, 0x3 PROT_WRITE|PROT_EXEC, 0x21 MAP_FILE|MAP_COPY, ffffffff, 0x0)
ioctl(7 /dev/nvidia0, 0x27 NV_ESC_RM_ALLOC_MEMORY, 0x40001010)
ioctl(3 /dev/nvidiactl, 0x2b NV_ESC_RM_ALLOC, 0x7ffd861a6360)
ioctl(3 /dev/nvidiactl, 0x2a NV_ESC_RM_CONTROL, 0x0080170d NV0080_CTRL_CMD_FIFO_GET_CHANNELLIST, 0x7ffd861a64b0)
ioctl(3 /dev/nvidiactl, 0x2b NV_ESC_RM_ALLOC, 0x00000000)
ioctl(3 /dev/nvidiactl, 0x2a NV_ESC_RM_CONTROL, 0xc36f0101 NVC36F_CTRL_GET_CLASS_ENGINEID, 0x7ffd861a6460)
ioctl(3 /dev/nvidiactl, 0x2b NV_ESC_RM_ALLOC, 0x7ffd861a6478)
ioctl(3 /dev/nvidiactl, 0x2a NV_ESC_RM_CONTROL, 0xc36f0101 NVC36F_CTRL_GET_CLASS_ENGINEID, 0x7ffd861a6460)
ioctl(3 /dev/nvidiactl, 0x2a NV_ESC_RM_CONTROL, 0xc36f0108 NVC36F_CTRL_CMD_GPFIFO_GET_WORK_SUBMIT_TOKEN, 0x7ffd861a64bc)
ioctl(3 /dev/nvidiactl, 0x2a NV_ESC_RM_CONTROL, 0x20801218 NV2080_CTRL_CMD_GR_GET_CTX_BUFFER_SIZE, 0x7ffd861a64b0)
ioctl(3 /dev/nvidiactl, 0x4a NV_ESC_RM_VID_HEAP_CONTROL, 0x00000000)
ioctl(4 /dev/nvidia-uvm, 0x49 UVM_CREATE_EXTERNAL_RANGE, 0x00000000)
ioctl(4 /dev/nvidia-uvm, 0x21 UVM_MAP_EXTERNAL_ALLOCATION, 0x00000000)
mmap(0x0, 0x401000, 0x3 PROT_WRITE|PROT_EXEC, 0x22 MAP_ANON|MAP_COPY, ffffffff, 0x0)
mmap(0x0, 0x1000, 0x3 PROT_WRITE|PROT_EXEC, 0x21 MAP_FILE|MAP_COPY, ffffffff, 0x0)
ioctl(7 /dev/nvidia0, 0x27 NV_ESC_RM_ALLOC_MEMORY, 0x40001010)
ioctl(3 /dev/nvidiactl, 0x2b NV_ESC_RM_ALLOC, 0x7ffd861a6360)
ioctl(3 /dev/nvidiactl, 0x2a NV_ESC_RM_CONTROL, 0x0080170d NV0080_CTRL_CMD_FIFO_GET_CHANNELLIST, 0x7ffd861a64b0)
ioctl(3 /dev/nvidiactl, 0x2b NV_ESC_RM_ALLOC, 0x00000000)
ioctl(3 /dev/nvidiactl, 0x2a NV_ESC_RM_CONTROL, 0xc36f0101 NVC36F_CTRL_GET_CLASS_ENGINEID, 0x7ffd861a6460)
ioctl(3 /dev/nvidiactl, 0x2b NV_ESC_RM_ALLOC, 0x7ffd861a6478)
ioctl(3 /dev/nvidiactl, 0x2a NV_ESC_RM_CONTROL, 0xc36f0101 NVC36F_CTRL_GET_CLASS_ENGINEID, 0x7ffd861a6460)
ioctl(3 /dev/nvidiactl, 0x2a NV_ESC_RM_CONTROL, 0xc36f0108 NVC36F_CTRL_CMD_GPFIFO_GET_WORK_SUBMIT_TOKEN, 0x7ffd861a64bc)
ioctl(3 /dev/nvidiactl, 0x2a NV_ESC_RM_CONTROL, 0x20801218 NV2080_CTRL_CMD_GR_GET_CTX_BUFFER_SIZE, 0x7ffd861a64b0)
ioctl(3 /dev/nvidiactl, 0x4a NV_ESC_RM_VID_HEAP_CONTROL, 0x00000000)
ioctl(4 /dev/nvidia-uvm, 0x49 UVM_CREATE_EXTERNAL_RANGE, 0x00000000)
ioctl(4 /dev/nvidia-uvm, 0x21 UVM_MAP_EXTERNAL_ALLOCATION, 0x00000000)
mmap(0x0, 0x401000, 0x3 PROT_WRITE|PROT_EXEC, 0x22 MAP_ANON|MAP_COPY, ffffffff, 0x0)
mmap(0x0, 0x1000, 0x3 PROT_WRITE|PROT_EXEC, 0x21 MAP_FILE|MAP_COPY, ffffffff, 0x0)
ioctl(7 /dev/nvidia0, 0x27 NV_ESC_RM_ALLOC_MEMORY, 0x40001010)
ioctl(3 /dev/nvidiactl, 0x2b NV_ESC_RM_ALLOC, 0x7ffd861a6360)
ioctl(3 /dev/nvidiactl, 0x2a NV_ESC_RM_CONTROL, 0x0080170d NV0080_CTRL_CMD_FIFO_GET_CHANNELLIST, 0x7ffd861a64b0)
ioctl(3 /dev/nvidiactl, 0x2b NV_ESC_RM_ALLOC, 0x00000000)
ioctl(3 /dev/nvidiactl, 0x2a NV_ESC_RM_CONTROL, 0xc36f0101 NVC36F_CTRL_GET_CLASS_ENGINEID, 0x7ffd861a6460)
ioctl(3 /dev/nvidiactl, 0x2b NV_ESC_RM_ALLOC, 0x7ffd861a6478)
ioctl(3 /dev/nvidiactl, 0x2a NV_ESC_RM_CONTROL, 0xc36f0101 NVC36F_CTRL_GET_CLASS_ENGINEID, 0x7ffd861a6460)
ioctl(3 /dev/nvidiactl, 0x2a NV_ESC_RM_CONTROL, 0xc36f0108 NVC36F_CTRL_CMD_GPFIFO_GET_WORK_SUBMIT_TOKEN, 0x7ffd861a64bc)
ioctl(3 /dev/nvidiactl, 0x2a NV_ESC_RM_CONTROL, 0x20801218 NV2080_CTRL_CMD_GR_GET_CTX_BUFFER_SIZE, 0x7ffd861a64b0)
ioctl(3 /dev/nvidiactl, 0x4a NV_ESC_RM_VID_HEAP_CONTROL, 0x00000000)
ioctl(4 /dev/nvidia-uvm, 0x49 UVM_CREATE_EXTERNAL_RANGE, 0x00000000)
ioctl(4 /dev/nvidia-uvm, 0x21 UVM_MAP_EXTERNAL_ALLOCATION, 0x00000000)
mmap(0x0, 0x401000, 0x3 PROT_WRITE|PROT_EXEC, 0x22 MAP_ANON|MAP_PRIVATE, ffffffff, 0x0)
mmap(0x0, 0x1000, 0x3 PROT_EXEC|PROT_WRITE, 0x21 MAP_FILE|MAP_COPY, ffffffff, 0x0)
ioctl(7 /dev/nvidia0, 0x27 NV_ESC_RM_ALLOC_MEMORY, 0x40001010)
ioctl(3 /dev/nvidiactl, 0x2b NV_ESC_RM_ALLOC, 0x7ffd861a6360)
ioctl(3 /dev/nvidiactl, 0x2a NV_ESC_RM_CONTROL, 0x0080170d NV0080_CTRL_CMD_FIFO_GET_CHANNELLIST, 0x7ffd861a64b0)
ioctl(3 /dev/nvidiactl, 0x2b NV_ESC_RM_ALLOC, 0x00000000)
ioctl(3 /dev/nvidiactl, 0x2a NV_ESC_RM_CONTROL, 0xc36f0101 NVC36F_CTRL_GET_CLASS_ENGINEID, 0x7ffd861a6460)
ioctl(3 /dev/nvidiactl, 0x2b NV_ESC_RM_ALLOC, 0x7ffd861a6478)
ioctl(3 /dev/nvidiactl, 0x2a NV_ESC_RM_CONTROL, 0xc36f0101 NVC36F_CTRL_GET_CLASS_ENGINEID, 0x7ffd861a6460)
ioctl(3 /dev/nvidiactl, 0x2a NV_ESC_RM_CONTROL, 0xc36f0108 NVC36F_CTRL_CMD_GPFIFO_GET_WORK_SUBMIT_TOKEN, 0x7ffd861a64bc)
ioctl(3 /dev/nvidiactl, 0x2a NV_ESC_RM_CONTROL, 0x20801218 NV2080_CTRL_CMD_GR_GET_CTX_BUFFER_SIZE, 0x7ffd861a64b0)
ioctl(3 /dev/nvidiactl, 0x4a NV_ESC_RM_VID_HEAP_CONTROL, 0x00000000)
ioctl(4 /dev/nvidia-uvm, 0x49 UVM_CREATE_EXTERNAL_RANGE, 0x00000000)
ioctl(4 /dev/nvidia-uvm, 0x21 UVM_MAP_EXTERNAL_ALLOCATION, 0x00000000)
mmap(0x0, 0x401000, 0x3 PROT_WRITE|PROT_EXEC, 0x22 MAP_ANON|MAP_COPY, ffffffff, 0x0)
mmap(0x0, 0x1000, 0x3 PROT_WRITE|PROT_EXEC, 0x21 MAP_FILE|MAP_COPY, ffffffff, 0x0)
ioctl(7 /dev/nvidia0, 0x27 NV_ESC_RM_ALLOC_MEMORY, 0x40001010)
ioctl(3 /dev/nvidiactl, 0x2b NV_ESC_RM_ALLOC, 0x7ffd861a6360)
ioctl(3 /dev/nvidiactl, 0x2a NV_ESC_RM_CONTROL, 0x0080170d NV0080_CTRL_CMD_FIFO_GET_CHANNELLIST, 0x7ffd861a64b0)
ioctl(3 /dev/nvidiactl, 0x2b NV_ESC_RM_ALLOC, 0x00000000)
ioctl(3 /dev/nvidiactl, 0x2a NV_ESC_RM_CONTROL, 0xc36f0101 NVC36F_CTRL_GET_CLASS_ENGINEID, 0x7ffd861a6460)
ioctl(3 /dev/nvidiactl, 0x2b NV_ESC_RM_ALLOC, 0x7ffd861a6478)
ioctl(3 /dev/nvidiactl, 0x2a NV_ESC_RM_CONTROL, 0xc36f0101 NVC36F_CTRL_GET_CLASS_ENGINEID, 0x7ffd861a6460)
ioctl(3 /dev/nvidiactl, 0x2a NV_ESC_RM_CONTROL, 0xc36f0108 NVC36F_CTRL_CMD_GPFIFO_GET_WORK_SUBMIT_TOKEN, 0x7ffd861a64bc)
ioctl(3 /dev/nvidiactl, 0x2a NV_ESC_RM_CONTROL, 0x20801218 NV2080_CTRL_CMD_GR_GET_CTX_BUFFER_SIZE, 0x7ffd861a64b0)
ioctl(3 /dev/nvidiactl, 0x4a NV_ESC_RM_VID_HEAP_CONTROL, 0x00000000)
ioctl(4 /dev/nvidia-uvm, 0x49 UVM_CREATE_EXTERNAL_RANGE, 0x00000000)
ioctl(4 /dev/nvidia-uvm, 0x21 UVM_MAP_EXTERNAL_ALLOCATION, 0x00000000)
mmap(0x0, 0x401000, 0x3 PROT_WRITE|PROT_EXEC, 0x22 MAP_ANON|MAP_COPY, ffffffff, 0x0)
mmap(0x0, 0x1000, 0x3 PROT_WRITE|PROT_EXEC, 0x21 MAP_FILE|MAP_COPY, ffffffff, 0x0)
ioctl(7 /dev/nvidia0, 0x27 NV_ESC_RM_ALLOC_MEMORY, 0x40001010)
ioctl(3 /dev/nvidiactl, 0x2b NV_ESC_RM_ALLOC, 0x7ffd861a6360)
ioctl(3 /dev/nvidiactl, 0x2a NV_ESC_RM_CONTROL, 0x0080170d NV0080_CTRL_CMD_FIFO_GET_CHANNELLIST, 0x7ffd861a64b0)
ioctl(3 /dev/nvidiactl, 0x2b NV_ESC_RM_ALLOC, 0x00000000)
ioctl(3 /dev/nvidiactl, 0x2a NV_ESC_RM_CONTROL, 0xc36f0101 NVC36F_CTRL_GET_CLASS_ENGINEID, 0x7ffd861a6460)
ioctl(3 /dev/nvidiactl, 0x2b NV_ESC_RM_ALLOC, 0x7ffd861a6478)
ioctl(3 /dev/nvidiactl, 0x2a NV_ESC_RM_CONTROL, 0xc36f0101 NVC36F_CTRL_GET_CLASS_ENGINEID, 0x7ffd861a6460)
ioctl(3 /dev/nvidiactl, 0x2a NV_ESC_RM_CONTROL, 0xc36f0108 NVC36F_CTRL_CMD_GPFIFO_GET_WORK_SUBMIT_TOKEN, 0x7ffd861a64bc)
ioctl(3 /dev/nvidiactl, 0x2a NV_ESC_RM_CONTROL, 0x20801218 NV2080_CTRL_CMD_GR_GET_CTX_BUFFER_SIZE, 0x7ffd861a64b0)
ioctl(4 /dev/nvidia-uvm, 0x1b UVM_REGISTER_CHANNEL, 0xc1d0003300000003)
ioctl(4 /dev/nvidia-uvm, 0x1b UVM_REGISTER_CHANNEL, 0xc1d0003300000003)
ioctl(4 /dev/nvidia-uvm, 0x1b UVM_REGISTER_CHANNEL, 0xc1d0003300000003)
ioctl(4 /dev/nvidia-uvm, 0x1b UVM_REGISTER_CHANNEL, 0xc1d0003300000003)
ioctl(4 /dev/nvidia-uvm, 0x1b UVM_REGISTER_CHANNEL, 0xc1d0003300000003)
ioctl(4 /dev/nvidia-uvm, 0x1b UVM_REGISTER_CHANNEL, 0xc1d0003300000003)
ioctl(4 /dev/nvidia-uvm, 0x1b UVM_REGISTER_CHANNEL, 0xc1d0003300000003)
ioctl(4 /dev/nvidia-uvm, 0x1b UVM_REGISTER_CHANNEL, 0xc1d0003300000003)
ioctl(3 /dev/nvidiactl, 0x2a NV_ESC_RM_CONTROL, 0xa06c0101 NVA06C_CTRL_CMD_GPFIFO_SCHEDULE, 0x7ffd861a68fe)
openat(AT_FDCWD, /dev/nvidia0, 0x80002)
ioctl(20 /dev/nvidia0, 0xc9 NV_ESC_REGISTER_FD, 0x00000000)
ioctl(20 /dev/nvidia0, 0xce NV_ESC_ALLOC_OS_EVENT, 0x00000003)
ioctl(20 /dev/nvidia0, 0x2b NV_ESC_RM_ALLOC, 0x7ffd861a6760)
ioctl(3 /dev/nvidiactl, 0x2b NV_ESC_RM_ALLOC, 0x7ffd861a66e0)
ioctl(3 /dev/nvidiactl, 0x4a NV_ESC_RM_VID_HEAP_CONTROL, 0x00000000)
ioctl(4 /dev/nvidia-uvm, 0x49 UVM_CREATE_EXTERNAL_RANGE, 0x00000000)
ioctl(4 /dev/nvidia-uvm, 0x21 UVM_MAP_EXTERNAL_ALLOCATION, 0x00000000)
mmap(0x0, 0x101000, 0x3 PROT_WRITE|PROT_EXEC, 0x22 MAP_ANON|MAP_PRIVATE, ffffffff, 0x0)
mmap(0x0, 0x1000, 0x3 PROT_WRITE|PROT_EXEC, 0x21 MAP_FILE|MAP_COPY, ffffffff, 0x0)
ioctl(7 /dev/nvidia0, 0x27 NV_ESC_RM_ALLOC_MEMORY, 0x40001010)
ioctl(3 /dev/nvidiactl, 0x2b NV_ESC_RM_ALLOC, 0x7ffd861a6360)
ioctl(3 /dev/nvidiactl, 0x2a NV_ESC_RM_CONTROL, 0x0080170d NV0080_CTRL_CMD_FIFO_GET_CHANNELLIST, 0x7ffd861a64b0)
ioctl(3 /dev/nvidiactl, 0x2b NV_ESC_RM_ALLOC, 0x7ffd861a6478)
ioctl(3 /dev/nvidiactl, 0x2a NV_ESC_RM_CONTROL, 0xc36f0101 NVC36F_CTRL_GET_CLASS_ENGINEID, 0x7ffd861a6460)
ioctl(3 /dev/nvidiactl, 0x2a NV_ESC_RM_CONTROL, 0xc56f010b NVC56F_CTRL_CMD_GET_KMB, 0x7ffd861a6410)
ioctl(3 /dev/nvidiactl, 0x2a NV_ESC_RM_CONTROL, 0xc36f0108 NVC36F_CTRL_CMD_GPFIFO_GET_WORK_SUBMIT_TOKEN, 0x7ffd861a64bc)
ioctl(3 /dev/nvidiactl, 0x4a NV_ESC_RM_VID_HEAP_CONTROL, 0x00000000)
ioctl(4 /dev/nvidia-uvm, 0x49 UVM_CREATE_EXTERNAL_RANGE, 0x00000000)
ioctl(4 /dev/nvidia-uvm, 0x21 UVM_MAP_EXTERNAL_ALLOCATION, 0x00000000)
mmap(0x0, 0x101000, 0x3 PROT_WRITE|PROT_EXEC, 0x22 MAP_ANON|MAP_COPY, ffffffff, 0x0)
mmap(0x0, 0x1000, 0x3 PROT_WRITE|PROT_EXEC, 0x21 MAP_FILE|MAP_COPY, ffffffff, 0x0)
ioctl(7 /dev/nvidia0, 0x27 NV_ESC_RM_ALLOC_MEMORY, 0x40001010)
ioctl(3 /dev/nvidiactl, 0x2b NV_ESC_RM_ALLOC, 0x7ffd861a6360)
ioctl(3 /dev/nvidiactl, 0x2a NV_ESC_RM_CONTROL, 0x0080170d NV0080_CTRL_CMD_FIFO_GET_CHANNELLIST, 0x7ffd861a64b0)
ioctl(3 /dev/nvidiactl, 0x2b NV_ESC_RM_ALLOC, 0x7ffd861a6478)
ioctl(3 /dev/nvidiactl, 0x2a NV_ESC_RM_CONTROL, 0xc36f0101 NVC36F_CTRL_GET_CLASS_ENGINEID, 0x7ffd861a6460)
ioctl(3 /dev/nvidiactl, 0x2a NV_ESC_RM_CONTROL, 0xc56f010b NVC56F_CTRL_CMD_GET_KMB, 0x7ffd861a6410)
ioctl(3 /dev/nvidiactl, 0x2a NV_ESC_RM_CONTROL, 0xc36f0108 NVC36F_CTRL_CMD_GPFIFO_GET_WORK_SUBMIT_TOKEN, 0x7ffd861a64bc)
ioctl(3 /dev/nvidiactl, 0x4a NV_ESC_RM_VID_HEAP_CONTROL, 0x00000000)
ioctl(4 /dev/nvidia-uvm, 0x49 UVM_CREATE_EXTERNAL_RANGE, 0x00000000)
ioctl(4 /dev/nvidia-uvm, 0x21 UVM_MAP_EXTERNAL_ALLOCATION, 0x00000000)
mmap(0x0, 0x101000, 0x3 PROT_EXEC|PROT_WRITE, 0x22 MAP_ANON|MAP_COPY, ffffffff, 0x0)
mmap(0x0, 0x1000, 0x3 PROT_WRITE|PROT_EXEC, 0x21 MAP_FILE|MAP_COPY, ffffffff, 0x0)
ioctl(7 /dev/nvidia0, 0x27 NV_ESC_RM_ALLOC_MEMORY, 0x40001010)
ioctl(3 /dev/nvidiactl, 0x2b NV_ESC_RM_ALLOC, 0x7ffd861a6360)
ioctl(3 /dev/nvidiactl, 0x2a NV_ESC_RM_CONTROL, 0x0080170d NV0080_CTRL_CMD_FIFO_GET_CHANNELLIST, 0x7ffd861a64b0)
ioctl(3 /dev/nvidiactl, 0x2b NV_ESC_RM_ALLOC, 0x7ffd861a6478)
ioctl(3 /dev/nvidiactl, 0x2a NV_ESC_RM_CONTROL, 0xc36f0101 NVC36F_CTRL_GET_CLASS_ENGINEID, 0x7ffd861a6460)
ioctl(3 /dev/nvidiactl, 0x2a NV_ESC_RM_CONTROL, 0xc56f010b NVC56F_CTRL_CMD_GET_KMB, 0x7ffd861a6410)
ioctl(3 /dev/nvidiactl, 0x2a NV_ESC_RM_CONTROL, 0xc36f0108 NVC36F_CTRL_CMD_GPFIFO_GET_WORK_SUBMIT_TOKEN, 0x7ffd861a64bc)
ioctl(3 /dev/nvidiactl, 0x4a NV_ESC_RM_VID_HEAP_CONTROL, 0x00000000)
ioctl(4 /dev/nvidia-uvm, 0x49 UVM_CREATE_EXTERNAL_RANGE, 0x00000000)
ioctl(4 /dev/nvidia-uvm, 0x21 UVM_MAP_EXTERNAL_ALLOCATION, 0x00000000)
mmap(0x0, 0x101000, 0x3 PROT_WRITE|PROT_EXEC, 0x22 MAP_ANON|MAP_COPY, ffffffff, 0x0)
mmap(0x0, 0x1000, 0x3 PROT_EXEC|PROT_WRITE, 0x21 MAP_FILE|MAP_COPY, ffffffff, 0x0)
ioctl(7 /dev/nvidia0, 0x27 NV_ESC_RM_ALLOC_MEMORY, 0x40001010)
ioctl(3 /dev/nvidiactl, 0x2b NV_ESC_RM_ALLOC, 0x7ffd861a6360)
ioctl(3 /dev/nvidiactl, 0x2a NV_ESC_RM_CONTROL, 0x0080170d NV0080_CTRL_CMD_FIFO_GET_CHANNELLIST, 0x7ffd861a64b0)
ioctl(3 /dev/nvidiactl, 0x2b NV_ESC_RM_ALLOC, 0x7ffd861a6478)
ioctl(3 /dev/nvidiactl, 0x2a NV_ESC_RM_CONTROL, 0xc36f0101 NVC36F_CTRL_GET_CLASS_ENGINEID, 0x7ffd861a6460)
ioctl(3 /dev/nvidiactl, 0x2a NV_ESC_RM_CONTROL, 0xc56f010b NVC56F_CTRL_CMD_GET_KMB, 0x7ffd861a6410)
ioctl(3 /dev/nvidiactl, 0x2a NV_ESC_RM_CONTROL, 0xc36f0108 NVC36F_CTRL_CMD_GPFIFO_GET_WORK_SUBMIT_TOKEN, 0x7ffd861a64bc)
ioctl(4 /dev/nvidia-uvm, 0x1b UVM_REGISTER_CHANNEL, 0xc1d0003300000003)
ioctl(4 /dev/nvidia-uvm, 0x1b UVM_REGISTER_CHANNEL, 0xc1d0003300000003)
ioctl(4 /dev/nvidia-uvm, 0x1b UVM_REGISTER_CHANNEL, 0xc1d0003300000003)
ioctl(4 /dev/nvidia-uvm, 0x1b UVM_REGISTER_CHANNEL, 0xc1d0003300000003)
ioctl(3 /dev/nvidiactl, 0x2a NV_ESC_RM_CONTROL, 0xa06c0101 NVA06C_CTRL_CMD_GPFIFO_SCHEDULE, 0x7ffd861a68fe)
openat(AT_FDCWD, /dev/nvidia0, 0x80002)
ioctl(22 /dev/nvidia0, 0xc9 NV_ESC_REGISTER_FD, 0x00000000)
ioctl(22 /dev/nvidia0, 0xce NV_ESC_ALLOC_OS_EVENT, 0x100000003)
ioctl(22 /dev/nvidia0, 0x2b NV_ESC_RM_ALLOC, 0x7ffd861a6760)
ioctl(3 /dev/nvidiactl, 0x2b NV_ESC_RM_ALLOC, 0x7ffd861a66e0)
ioctl(3 /dev/nvidiactl, 0x4a NV_ESC_RM_VID_HEAP_CONTROL, 0x00000000)
ioctl(4 /dev/nvidia-uvm, 0x49 UVM_CREATE_EXTERNAL_RANGE, 0x00000000)
ioctl(4 /dev/nvidia-uvm, 0x21 UVM_MAP_EXTERNAL_ALLOCATION, 0x00000000)
mmap(0x0, 0x101000, 0x3 PROT_WRITE|PROT_EXEC, 0x22 MAP_ANON|MAP_COPY, ffffffff, 0x0)
mmap(0x0, 0x1000, 0x3 PROT_WRITE|PROT_EXEC, 0x21 MAP_FILE|MAP_COPY, ffffffff, 0x0)
ioctl(7 /dev/nvidia0, 0x27 NV_ESC_RM_ALLOC_MEMORY, 0x40001010)
ioctl(3 /dev/nvidiactl, 0x2b NV_ESC_RM_ALLOC, 0x7ffd861a6360)
ioctl(3 /dev/nvidiactl, 0x2a NV_ESC_RM_CONTROL, 0x0080170d NV0080_CTRL_CMD_FIFO_GET_CHANNELLIST, 0x7ffd861a64b0)
ioctl(3 /dev/nvidiactl, 0x2b NV_ESC_RM_ALLOC, 0x7ffd861a6478)
ioctl(3 /dev/nvidiactl, 0x2a NV_ESC_RM_CONTROL, 0xc36f0101 NVC36F_CTRL_GET_CLASS_ENGINEID, 0x7ffd861a6460)
ioctl(3 /dev/nvidiactl, 0x2a NV_ESC_RM_CONTROL, 0xc56f010b NVC56F_CTRL_CMD_GET_KMB, 0x7ffd861a6410)
ioctl(3 /dev/nvidiactl, 0x2a NV_ESC_RM_CONTROL, 0xc36f0108 NVC36F_CTRL_CMD_GPFIFO_GET_WORK_SUBMIT_TOKEN, 0x7ffd861a64bc)
ioctl(3 /dev/nvidiactl, 0x4a NV_ESC_RM_VID_HEAP_CONTROL, 0x00000000)
ioctl(4 /dev/nvidia-uvm, 0x49 UVM_CREATE_EXTERNAL_RANGE, 0x00000000)
ioctl(4 /dev/nvidia-uvm, 0x21 UVM_MAP_EXTERNAL_ALLOCATION, 0x00000000)
mmap(0x0, 0x101000, 0x3 PROT_WRITE|PROT_EXEC, 0x22 MAP_ANON|MAP_COPY, ffffffff, 0x0)
mmap(0x0, 0x1000, 0x3 PROT_WRITE|PROT_EXEC, 0x21 MAP_FILE|MAP_COPY, ffffffff, 0x0)
ioctl(7 /dev/nvidia0, 0x27 NV_ESC_RM_ALLOC_MEMORY, 0x40001010)
ioctl(3 /dev/nvidiactl, 0x2b NV_ESC_RM_ALLOC, 0x7ffd861a6360)
ioctl(3 /dev/nvidiactl, 0x2a NV_ESC_RM_CONTROL, 0x0080170d NV0080_CTRL_CMD_FIFO_GET_CHANNELLIST, 0x7ffd861a64b0)
ioctl(3 /dev/nvidiactl, 0x2b NV_ESC_RM_ALLOC, 0x7ffd861a6478)
ioctl(3 /dev/nvidiactl, 0x2a NV_ESC_RM_CONTROL, 0xc36f0101 NVC36F_CTRL_GET_CLASS_ENGINEID, 0x7ffd861a6460)
ioctl(3 /dev/nvidiactl, 0x2a NV_ESC_RM_CONTROL, 0xc56f010b NVC56F_CTRL_CMD_GET_KMB, 0x7ffd861a6410)
ioctl(3 /dev/nvidiactl, 0x2a NV_ESC_RM_CONTROL, 0xc36f0108 NVC36F_CTRL_CMD_GPFIFO_GET_WORK_SUBMIT_TOKEN, 0x7ffd861a64bc)
ioctl(3 /dev/nvidiactl, 0x4a NV_ESC_RM_VID_HEAP_CONTROL, 0x00000000)
ioctl(4 /dev/nvidia-uvm, 0x49 UVM_CREATE_EXTERNAL_RANGE, 0x00000000)
ioctl(4 /dev/nvidia-uvm, 0x21 UVM_MAP_EXTERNAL_ALLOCATION, 0x00000000)
mmap(0x0, 0x101000, 0x3 PROT_EXEC|PROT_WRITE, 0x22 MAP_ANON|MAP_COPY, ffffffff, 0x0)
mmap(0x0, 0x1000, 0x3 PROT_WRITE|PROT_EXEC, 0x21 MAP_FILE|MAP_COPY, ffffffff, 0x0)
ioctl(7 /dev/nvidia0, 0x27 NV_ESC_RM_ALLOC_MEMORY, 0x40001010)
ioctl(3 /dev/nvidiactl, 0x2b NV_ESC_RM_ALLOC, 0x7ffd861a6360)
ioctl(3 /dev/nvidiactl, 0x2a NV_ESC_RM_CONTROL, 0x0080170d NV0080_CTRL_CMD_FIFO_GET_CHANNELLIST, 0x7ffd861a64b0)
ioctl(3 /dev/nvidiactl, 0x2b NV_ESC_RM_ALLOC, 0x7ffd861a6478)
ioctl(3 /dev/nvidiactl, 0x2a NV_ESC_RM_CONTROL, 0xc36f0101 NVC36F_CTRL_GET_CLASS_ENGINEID, 0x7ffd861a6460)
ioctl(3 /dev/nvidiactl, 0x2a NV_ESC_RM_CONTROL, 0xc56f010b NVC56F_CTRL_CMD_GET_KMB, 0x7ffd861a6410)
ioctl(3 /dev/nvidiactl, 0x2a NV_ESC_RM_CONTROL, 0xc36f0108 NVC36F_CTRL_CMD_GPFIFO_GET_WORK_SUBMIT_TOKEN, 0x7ffd861a64bc)
ioctl(3 /dev/nvidiactl, 0x4a NV_ESC_RM_VID_HEAP_CONTROL, 0x00000000)
ioctl(4 /dev/nvidia-uvm, 0x49 UVM_CREATE_EXTERNAL_RANGE, 0x00000000)
ioctl(4 /dev/nvidia-uvm, 0x21 UVM_MAP_EXTERNAL_ALLOCATION, 0x00000000)
mmap(0x0, 0x101000, 0x3 PROT_WRITE|PROT_EXEC, 0x22 MAP_ANON|MAP_PRIVATE, ffffffff, 0x0)
mmap(0x0, 0x1000, 0x3 PROT_WRITE|PROT_EXEC, 0x21 MAP_FILE|MAP_COPY, ffffffff, 0x0)
ioctl(7 /dev/nvidia0, 0x27 NV_ESC_RM_ALLOC_MEMORY, 0x40001010)
ioctl(3 /dev/nvidiactl, 0x2b NV_ESC_RM_ALLOC, 0x7ffd861a6360)
ioctl(3 /dev/nvidiactl, 0x2a NV_ESC_RM_CONTROL, 0x0080170d NV0080_CTRL_CMD_FIFO_GET_CHANNELLIST, 0x7ffd861a64b0)
ioctl(3 /dev/nvidiactl, 0x2b NV_ESC_RM_ALLOC, 0x7ffd861a6478)
ioctl(3 /dev/nvidiactl, 0x2a NV_ESC_RM_CONTROL, 0xc36f0101 NVC36F_CTRL_GET_CLASS_ENGINEID, 0x7ffd861a6460)
ioctl(3 /dev/nvidiactl, 0x2a NV_ESC_RM_CONTROL, 0xc56f010b NVC56F_CTRL_CMD_GET_KMB, 0x7ffd861a6410)
ioctl(3 /dev/nvidiactl, 0x2a NV_ESC_RM_CONTROL, 0xc36f0108 NVC36F_CTRL_CMD_GPFIFO_GET_WORK_SUBMIT_TOKEN, 0x7ffd861a64bc)
ioctl(4 /dev/nvidia-uvm, 0x1b UVM_REGISTER_CHANNEL, 0xc1d0003300000003)
ioctl(4 /dev/nvidia-uvm, 0x1b UVM_REGISTER_CHANNEL, 0xc1d0003300000003)
ioctl(4 /dev/nvidia-uvm, 0x1b UVM_REGISTER_CHANNEL, 0xc1d0003300000003)
ioctl(4 /dev/nvidia-uvm, 0x1b UVM_REGISTER_CHANNEL, 0xc1d0003300000003)
ioctl(3 /dev/nvidiactl, 0x2a NV_ESC_RM_CONTROL, 0xa06c0101 NVA06C_CTRL_CMD_GPFIFO_SCHEDULE, 0x7ffd861a68fe)
openat(AT_FDCWD, /dev/nvidia0, 0x80002)
ioctl(24 /dev/nvidia0, 0xc9 NV_ESC_REGISTER_FD, 0x00000000)
ioctl(24 /dev/nvidia0, 0xce NV_ESC_ALLOC_OS_EVENT, 0x100000003)
ioctl(24 /dev/nvidia0, 0x2b NV_ESC_RM_ALLOC, 0x7ffd861a6760)
ioctl(3 /dev/nvidiactl, 0x2b NV_ESC_RM_ALLOC, 0x7ffd861a66e0)
ioctl(3 /dev/nvidiactl, 0x4a NV_ESC_RM_VID_HEAP_CONTROL, 0x00000000)
ioctl(3 /dev/nvidiactl, 0x2a NV_ESC_RM_CONTROL, 0x00000d01 NV0000_CTRL_CMD_CLIENT_GET_ADDR_SPACE_TYPE, 0x7ffd861a5880)
openat(AT_FDCWD, /dev/nvidiactl, 0x80002)
ioctl(3 /dev/nvidiactl, 0x4e NV_ESC_RM_MAP_MEMORY, 0x00000000)
mmap(0x206800000, 0x200000, 0x3 PROT_WRITE|PROT_EXEC, 0x11 MAP_FILE|MAP_SHARED, 1a, 0x0)
ioctl(4 /dev/nvidia-uvm, 0x49 UVM_CREATE_EXTERNAL_RANGE, 0x00000000)
ioctl(4 /dev/nvidia-uvm, 0x21 UVM_MAP_EXTERNAL_ALLOCATION, 0x00000000)
ioctl(3 /dev/nvidiactl, 0x4a NV_ESC_RM_VID_HEAP_CONTROL, 0x00000000)
ioctl(3 /dev/nvidiactl, 0x2a NV_ESC_RM_CONTROL, 0x00000d01 NV0000_CTRL_CMD_CLIENT_GET_ADDR_SPACE_TYPE, 0x7ffd861a56c0)
openat(AT_FDCWD, /dev/nvidiactl, 0x80002)
ioctl(3 /dev/nvidiactl, 0x4e NV_ESC_RM_MAP_MEMORY, 0x00000000)
mmap(0x206a00000, 0x200000, 0x3 PROT_WRITE|PROT_EXEC, 0x11 MAP_FILE|MAP_PRIVATE, 1a, 0x0)
ioctl(4 /dev/nvidia-uvm, 0x49 UVM_CREATE_EXTERNAL_RANGE, 0x00000000)
ioctl(4 /dev/nvidia-uvm, 0x21 UVM_MAP_EXTERNAL_ALLOCATION, 0x00000000)
mmap(0x0, 0x101000, 0x3 PROT_WRITE|PROT_EXEC, 0x22 MAP_ANON|MAP_PRIVATE, ffffffff, 0x0)
mmap(0x0, 0x1000, 0x3 PROT_WRITE|PROT_EXEC, 0x21 MAP_FILE|MAP_COPY, ffffffff, 0x0)
ioctl(7 /dev/nvidia0, 0x27 NV_ESC_RM_ALLOC_MEMORY, 0x40001010)
ioctl(3 /dev/nvidiactl, 0x2b NV_ESC_RM_ALLOC, 0x7ffd861a6360)
ioctl(3 /dev/nvidiactl, 0x2a NV_ESC_RM_CONTROL, 0x0080170d NV0080_CTRL_CMD_FIFO_GET_CHANNELLIST, 0x7ffd861a64b0)
ioctl(3 /dev/nvidiactl, 0x2b NV_ESC_RM_ALLOC, 0x00000000)
ioctl(3 /dev/nvidiactl, 0x2a NV_ESC_RM_CONTROL, 0xc36f0101 NVC36F_CTRL_GET_CLASS_ENGINEID, 0x7ffd861a6460)
ioctl(3 /dev/nvidiactl, 0x2a NV_ESC_RM_CONTROL, 0xc56f010b NVC56F_CTRL_CMD_GET_KMB, 0x7ffd861a6410)
ioctl(3 /dev/nvidiactl, 0x2a NV_ESC_RM_CONTROL, 0xc36f0108 NVC36F_CTRL_CMD_GPFIFO_GET_WORK_SUBMIT_TOKEN, 0x7ffd861a64bc)
ioctl(3 /dev/nvidiactl, 0x2a NV_ESC_RM_CONTROL, 0x20803125 NV2080_CTRL_CMD_FLCN_GET_CTX_BUFFER_SIZE, 0x7ffd861a64b0)
ioctl(4 /dev/nvidia-uvm, 0x1b UVM_REGISTER_CHANNEL, 0xc1d0003300000003)
ioctl(3 /dev/nvidiactl, 0x2a NV_ESC_RM_CONTROL, 0xa06c0101 NVA06C_CTRL_CMD_GPFIFO_SCHEDULE, 0x7ffd861a68fe)
openat(AT_FDCWD, /dev/nvidia0, 0x80002)
ioctl(26 /dev/nvidia0, 0xc9 NV_ESC_REGISTER_FD, 0x00000000)
ioctl(26 /dev/nvidia0, 0xce NV_ESC_ALLOC_OS_EVENT, 0x200000003)
ioctl(26 /dev/nvidia0, 0x2b NV_ESC_RM_ALLOC, 0x7ffd861a6760)
ioctl(3 /dev/nvidiactl, 0x2b NV_ESC_RM_ALLOC, 0x7ffd861a66e0)
ioctl(3 /dev/nvidiactl, 0x4a NV_ESC_RM_VID_HEAP_CONTROL, 0x00000000)
ioctl(4 /dev/nvidia-uvm, 0x49 UVM_CREATE_EXTERNAL_RANGE, 0x00000000)
ioctl(4 /dev/nvidia-uvm, 0x21 UVM_MAP_EXTERNAL_ALLOCATION, 0x00000000)
mmap(0x0, 0x101000, 0x3 PROT_EXEC|PROT_WRITE, 0x22 MAP_ANON|MAP_COPY, ffffffff, 0x0)
mmap(0x0, 0x1000, 0x3 PROT_WRITE|PROT_EXEC, 0x21 MAP_FILE|MAP_PRIVATE, ffffffff, 0x0)
ioctl(7 /dev/nvidia0, 0x27 NV_ESC_RM_ALLOC_MEMORY, 0x40001010)
ioctl(3 /dev/nvidiactl, 0x2b NV_ESC_RM_ALLOC, 0x7ffd861a6360)
ioctl(3 /dev/nvidiactl, 0x2a NV_ESC_RM_CONTROL, 0x0080170d NV0080_CTRL_CMD_FIFO_GET_CHANNELLIST, 0x7ffd861a64b0)
ioctl(3 /dev/nvidiactl, 0x2b NV_ESC_RM_ALLOC, 0x7ffd861a6478)
ioctl(3 /dev/nvidiactl, 0x2a NV_ESC_RM_CONTROL, 0xc36f0101 NVC36F_CTRL_GET_CLASS_ENGINEID, 0x7ffd861a6460)
ioctl(3 /dev/nvidiactl, 0x2a NV_ESC_RM_CONTROL, 0xc56f010b NVC56F_CTRL_CMD_GET_KMB, 0x7ffd861a6410)
ioctl(3 /dev/nvidiactl, 0x2a NV_ESC_RM_CONTROL, 0xc36f0108 NVC36F_CTRL_CMD_GPFIFO_GET_WORK_SUBMIT_TOKEN, 0x7ffd861a64bc)
ioctl(3 /dev/nvidiactl, 0x4a NV_ESC_RM_VID_HEAP_CONTROL, 0x00000000)
ioctl(4 /dev/nvidia-uvm, 0x49 UVM_CREATE_EXTERNAL_RANGE, 0x00000000)
ioctl(4 /dev/nvidia-uvm, 0x21 UVM_MAP_EXTERNAL_ALLOCATION, 0x00000000)
mmap(0x0, 0x101000, 0x3 PROT_WRITE|PROT_EXEC, 0x22 MAP_ANON|MAP_COPY, ffffffff, 0x0)
mmap(0x0, 0x1000, 0x3 PROT_WRITE|PROT_EXEC, 0x21 MAP_FILE|MAP_COPY, ffffffff, 0x0)
ioctl(7 /dev/nvidia0, 0x27 NV_ESC_RM_ALLOC_MEMORY, 0x40001010)
ioctl(3 /dev/nvidiactl, 0x2b NV_ESC_RM_ALLOC, 0x7ffd861a6360)
ioctl(3 /dev/nvidiactl, 0x2a NV_ESC_RM_CONTROL, 0x0080170d NV0080_CTRL_CMD_FIFO_GET_CHANNELLIST, 0x7ffd861a64b0)
ioctl(3 /dev/nvidiactl, 0x2b NV_ESC_RM_ALLOC, 0x7ffd861a6478)
ioctl(3 /dev/nvidiactl, 0x2a NV_ESC_RM_CONTROL, 0xc36f0101 NVC36F_CTRL_GET_CLASS_ENGINEID, 0x7ffd861a6460)
ioctl(3 /dev/nvidiactl, 0x2a NV_ESC_RM_CONTROL, 0xc56f010b NVC56F_CTRL_CMD_GET_KMB, 0x7ffd861a6410)
ioctl(3 /dev/nvidiactl, 0x2a NV_ESC_RM_CONTROL, 0xc36f0108 NVC36F_CTRL_CMD_GPFIFO_GET_WORK_SUBMIT_TOKEN, 0x7ffd861a64bc)
ioctl(4 /dev/nvidia-uvm, 0x1b UVM_REGISTER_CHANNEL, 0xc1d0003300000003)
ioctl(4 /dev/nvidia-uvm, 0x1b UVM_REGISTER_CHANNEL, 0xc1d0003300000003)
ioctl(3 /dev/nvidiactl, 0x2a NV_ESC_RM_CONTROL, 0xa06c0101 NVA06C_CTRL_CMD_GPFIFO_SCHEDULE, 0x7ffd861a68fe)
openat(AT_FDCWD, /dev/nvidia0, 0x80002)
ioctl(28 /dev/nvidia0, 0xc9 NV_ESC_REGISTER_FD, 0x00000000)
ioctl(28 /dev/nvidia0, 0xce NV_ESC_ALLOC_OS_EVENT, 0x5b00000003)
ioctl(28 /dev/nvidia0, 0x2b NV_ESC_RM_ALLOC, 0x7ffd861a6760)
ioctl(3 /dev/nvidiactl, 0x4a NV_ESC_RM_VID_HEAP_CONTROL, 0x00000000)
ioctl(3 /dev/nvidiactl, 0x2a NV_ESC_RM_CONTROL, 0x00000d01 NV0000_CTRL_CMD_CLIENT_GET_ADDR_SPACE_TYPE, 0x7ffd861a5d60)
openat(AT_FDCWD, /dev/nvidiactl, 0x80002)
ioctl(3 /dev/nvidiactl, 0x4e NV_ESC_RM_MAP_MEMORY, 0x00000000)
mmap(0x7fb896400000, 0x200000, 0x3 PROT_WRITE|PROT_EXEC, 0x11 MAP_FILE|MAP_SHARED, 1e, 0x0)
ioctl(4 /dev/nvidia-uvm, 0x49 UVM_CREATE_EXTERNAL_RANGE, 0x00000000)
ioctl(4 /dev/nvidia-uvm, 0x21 UVM_MAP_EXTERNAL_ALLOCATION, 0x00000000)
ioctl(3 /dev/nvidiactl, 0x4a NV_ESC_RM_VID_HEAP_CONTROL, 0x00000000)
ioctl(3 /dev/nvidiactl, 0x2a NV_ESC_RM_CONTROL, 0x00000d01 NV0000_CTRL_CMD_CLIENT_GET_ADDR_SPACE_TYPE, 0x7ffd861a5d60)
openat(AT_FDCWD, /dev/nvidiactl, 0x80002)
ioctl(3 /dev/nvidiactl, 0x4e NV_ESC_RM_MAP_MEMORY, 0x00000000)
mmap(0x7fb896600000, 0x800000, 0x3 PROT_WRITE|PROT_EXEC, 0x11 MAP_FILE|MAP_SHARED, 1e, 0x0)
ioctl(4 /dev/nvidia-uvm, 0x49 UVM_CREATE_EXTERNAL_RANGE, 0x00000000)
ioctl(4 /dev/nvidia-uvm, 0x21 UVM_MAP_EXTERNAL_ALLOCATION, 0x00000000)
mmap(0x0, 0x49000, 0x3 PROT_WRITE|PROT_EXEC, 0x22 MAP_ANON|MAP_COPY, ffffffff, 0x0)
ioctl(3 /dev/nvidiactl, 0x4a NV_ESC_RM_VID_HEAP_CONTROL, 0x00000000)
ioctl(4 /dev/nvidia-uvm, 0x49 UVM_CREATE_EXTERNAL_RANGE, 0x00000000)
ioctl(4 /dev/nvidia-uvm, 0x21 UVM_MAP_EXTERNAL_ALLOCATION, 0x00000000)
ioctl(3 /dev/nvidiactl, 0x2a NV_ESC_RM_CONTROL, 0x2080012f NV2080_CTRL_CMD_GPU_QUERY_ECC_STATUS, 0x7ffd861a6590)
ioctl(3 /dev/nvidiactl, 0x2a NV_ESC_RM_CONTROL, 0x2080012f NV2080_CTRL_CMD_GPU_QUERY_ECC_STATUS, 0x7ffd861a6290)
ioctl(3 /dev/nvidiactl, 0x2a NV_ESC_RM_CONTROL, 0x2080012f NV2080_CTRL_CMD_GPU_QUERY_ECC_STATUS, 0x7ffd861a6290)
ioctl(3 /dev/nvidiactl, 0x2a NV_ESC_RM_CONTROL, 0x2080012f NV2080_CTRL_CMD_GPU_QUERY_ECC_STATUS, 0x7ffd861a62f0)
ioctl(3 /dev/nvidiactl, 0x4a NV_ESC_RM_VID_HEAP_CONTROL, 0x00000000)
ioctl(4 /dev/nvidia-uvm, 0x49 UVM_CREATE_EXTERNAL_RANGE, 0x00000000)
ioctl(4 /dev/nvidia-uvm, 0x21 UVM_MAP_EXTERNAL_ALLOCATION, 0x00000000)
mmap(0x0, 0x49000, 0x3 PROT_WRITE|PROT_EXEC, 0x22 MAP_ANON|MAP_COPY, ffffffff, 0x0)
ioctl(3 /dev/nvidiactl, 0x4a NV_ESC_RM_VID_HEAP_CONTROL, 0x00000000)
ioctl(4 /dev/nvidia-uvm, 0x49 UVM_CREATE_EXTERNAL_RANGE, 0x00000000)
ioctl(4 /dev/nvidia-uvm, 0x21 UVM_MAP_EXTERNAL_ALLOCATION, 0x00000000)
ioctl(4 /dev/nvidia-uvm, 0x17 UVM_CREATE_RANGE_GROUP, 0x00000000)
ioctl(4 /dev/nvidia-uvm, 0x17 UVM_CREATE_RANGE_GROUP, 0x00000000)
ioctl(4 /dev/nvidia-uvm, 0x17 UVM_CREATE_RANGE_GROUP, 0x00000000)
ioctl(4 /dev/nvidia-uvm, 0x17 UVM_CREATE_RANGE_GROUP, 0x00000000)
ioctl(3 /dev/nvidiactl, 0x4a NV_ESC_RM_VID_HEAP_CONTROL, 0x00000000)
ioctl(4 /dev/nvidia-uvm, 0x49 UVM_CREATE_EXTERNAL_RANGE, 0x00000000)
ioctl(4 /dev/nvidia-uvm, 0x21 UVM_MAP_EXTERNAL_ALLOCATION, 0x00000000)
ioctl(4 /dev/nvidia-uvm, 0x17 UVM_CREATE_RANGE_GROUP, 0x00000000)
ioctl(4 /dev/nvidia-uvm, 0x17 UVM_CREATE_RANGE_GROUP, 0x00000000)
ioctl(4 /dev/nvidia-uvm, 0x17 UVM_CREATE_RANGE_GROUP, 0x00000000)
ioctl(3 /dev/nvidiactl, 0x4a NV_ESC_RM_VID_HEAP_CONTROL, 0x00000000)
ioctl(4 /dev/nvidia-uvm, 0x49 UVM_CREATE_EXTERNAL_RANGE, 0x00000000)
ioctl(4 /dev/nvidia-uvm, 0x21 UVM_MAP_EXTERNAL_ALLOCATION, 0x00000000)
mmap(0x0, 0x101000, 0x3 PROT_WRITE|PROT_EXEC, 0x22 MAP_ANON|MAP_COPY, ffffffff, 0x0)
ioctl(3 /dev/nvidiactl, 0x4a NV_ESC_RM_VID_HEAP_CONTROL, 0x00000000)
ioctl(3 /dev/nvidiactl, 0x2a NV_ESC_RM_CONTROL, 0x00000d01 NV0000_CTRL_CMD_CLIENT_GET_ADDR_SPACE_TYPE, 0x7ffd861a5b20)
openat(AT_FDCWD, /dev/nvidiactl, 0x80002)
ioctl(3 /dev/nvidiactl, 0x4e NV_ESC_RM_MAP_MEMORY, 0x00000000)
mmap(0x7fb897400000, 0x200000, 0x3 PROT_WRITE|PROT_EXEC, 0x11 MAP_FILE|MAP_SHARED, 1f, 0x0)
ioctl(4 /dev/nvidia-uvm, 0x49 UVM_CREATE_EXTERNAL_RANGE, 0x00000000)
ioctl(4 /dev/nvidia-uvm, 0x21 UVM_MAP_EXTERNAL_ALLOCATION, 0x00000000)
mmap(0x0, 0x101000, 0x3 PROT_WRITE|PROT_EXEC, 0x22 MAP_ANON|MAP_COPY, ffffffff, 0x0)
ioctl(3 /dev/nvidiactl, 0x4a NV_ESC_RM_VID_HEAP_CONTROL, 0x00000000)
ioctl(4 /dev/nvidia-uvm, 0x49 UVM_CREATE_EXTERNAL_RANGE, 0x00000000)
ioctl(4 /dev/nvidia-uvm, 0x21 UVM_MAP_EXTERNAL_ALLOCATION, 0x00000000)
mmap(0x0, 0x101000, 0x3 PROT_WRITE|PROT_EXEC, 0x22 MAP_ANON|MAP_PRIVATE, ffffffff, 0x0)
ioctl(3 /dev/nvidiactl, 0x4a NV_ESC_RM_VID_HEAP_CONTROL, 0x00000000)
ioctl(3 /dev/nvidiactl, 0x2a NV_ESC_RM_CONTROL, 0x00000d01 NV0000_CTRL_CMD_CLIENT_GET_ADDR_SPACE_TYPE, 0x7ffd861a5b20)
openat(AT_FDCWD, /dev/nvidiactl, 0x80002)
ioctl(3 /dev/nvidiactl, 0x4e NV_ESC_RM_MAP_MEMORY, 0x00000000)
mmap(0x7fb897800000, 0x200000, 0x3 PROT_WRITE|PROT_EXEC, 0x11 MAP_FILE|MAP_SHARED, 1f, 0x0)
ioctl(4 /dev/nvidia-uvm, 0x49 UVM_CREATE_EXTERNAL_RANGE, 0x00000000)
ioctl(4 /dev/nvidia-uvm, 0x21 UVM_MAP_EXTERNAL_ALLOCATION, 0x00000000)
mmap(0x0, 0x101000, 0x3 PROT_WRITE|PROT_EXEC, 0x22 MAP_ANON|MAP_COPY, ffffffff, 0x0)
mmap(0x0, 0x33000, 0x3 PROT_WRITE|PROT_EXEC, 0x22 MAP_ANON|MAP_COPY, ffffffff, 0x0)
ioctl(3 /dev/nvidiactl, 0x4a NV_ESC_RM_VID_HEAP_CONTROL, 0x00000000)
ioctl(4 /dev/nvidia-uvm, 0x49 UVM_CREATE_EXTERNAL_RANGE, 0x00000000)
ioctl(4 /dev/nvidia-uvm, 0x21 UVM_MAP_EXTERNAL_ALLOCATION, 0x00000000)
mmap(0x0, 0x49000, 0x3 PROT_EXEC|PROT_WRITE, 0x22 MAP_ANON|MAP_COPY, ffffffff, 0x0)
ioctl(3 /dev/nvidiactl, 0x4a NV_ESC_RM_VID_HEAP_CONTROL, 0x00000000)
ioctl(4 /dev/nvidia-uvm, 0x49 UVM_CREATE_EXTERNAL_RANGE, 0x00000000)
ioctl(4 /dev/nvidia-uvm, 0x21 UVM_MAP_EXTERNAL_ALLOCATION, 0x00000000)
mmap(0x0, 0x3fff000, 0x0 PROT_NONE, 0x22 MAP_ANON|MAP_COPY, ffffffff, 0x0)
mmap(0x7fb87e000000, 0x200000, 0x3 PROT_WRITE|PROT_EXEC, 0x11 MAP_FILE|MAP_SHARED, 4, 0x7fb87e000000)
ioctl(4 /dev/nvidia-uvm, 0x48 UVM_VALIDATE_VA_RANGE, 0x7fb87e000000, 0x200000, 0x0)
200000000-200800000 ---p 00000000 00:00 0 
200800000-200a00000 rw-s 00000000 00:05 664                              /dev/nvidiactl
200a00000-206800000 ---p 00000000 00:00 0 
206800000-206a00000 rw-s 00000000 00:05 664                              /dev/nvidiactl
206a00000-206c00000 rw-s 00000000 00:05 664                              /dev/nvidiactl
206c00000-300200000 ---p 00000000 00:00 0 
10000000000-10004000000 ---p 00000000 00:00 0 
55f7148e9000-55f7148f3000 r--p 00000000 fd:00 1204071                    /home/guest/libcuda-debug/cuMemory/cuMemory
55f7148f3000-55f71496a000 r-xp 0000a000 fd:00 1204071                    /home/guest/libcuda-debug/cuMemory/cuMemory
55f71496a000-55f71498d000 r--p 00081000 fd:00 1204071                    /home/guest/libcuda-debug/cuMemory/cuMemory
55f71498e000-55f714993000 r--p 000a4000 fd:00 1204071                    /home/guest/libcuda-debug/cuMemory/cuMemory
55f714993000-55f714994000 rw-p 000a9000 fd:00 1204071                    /home/guest/libcuda-debug/cuMemory/cuMemory
55f714994000-55f714995000 rw-p 00000000 00:00 0 
55f7161de000-55f7166ce000 rw-p 00000000 00:00 0                          [heap]
7fb87e000000-7fb87e200000 rw-s 7fb87e000000 00:05 681                    /dev/nvidia-uvm
7fb87e200000-7fb890000000 ---p 00000000 00:00 0 
7fb890000000-7fb890021000 rw-p 00000000 00:00 0 
7fb890021000-7fb894000000 ---p 00000000 00:00 0 
7fb8940ed000-7fb896000000 rw-p 00000000 00:00 0 
7fb896000000-7fb896400000 ---p 00000000 00:00 0 
7fb896400000-7fb896600000 rw-s 00000000 00:05 664                        /dev/nvidiactl
7fb896600000-7fb896e00000 rw-s 00000000 00:05 664                        /dev/nvidiactl
7fb896e00000-7fb897400000 ---p 00000000 00:00 0 
7fb897400000-7fb897600000 rw-s 00000000 00:05 664                        /dev/nvidiactl
7fb897600000-7fb897800000 ---p 00000000 00:00 0 
7fb897800000-7fb897a00000 rw-s 00000000 00:05 664                        /dev/nvidiactl
7fb897a00000-7fb898000000 ---p 00000000 00:00 0 
7fb898000000-7fb898021000 rw-p 00000000 00:00 0 
7fb898021000-7fb89c000000 ---p 00000000 00:00 0 
7fb89c02c000-7fb89e0bc000 rw-p 00000000 00:00 0 
7fb89e0bc000-7fb89e35e000 ---p 00000000 00:00 0 
7fb89e35e000-7fb89eb5e000 rw-p 00000000 00:00 0 
7fb89eb5e000-7fb89eb5f000 ---p 00000000 00:00 0 
7fb89eb5f000-7fb89f35f000 rw-p 00000000 00:00 0 
7fb89f35f000-7fbaa3600000 ---p 00000000 00:00 0 
7fbaa3600000-7fbaa36b2000 r--p 00000000 fd:00 1325601                    /usr/lib/x86_64-linux-gnu/libcrypto.so.3
7fbaa36b2000-7fbaa3910000 r-xp 000b2000 fd:00 1325601                    /usr/lib/x86_64-linux-gnu/libcrypto.so.3
7fbaa3910000-7fbaa39e2000 r--p 00310000 fd:00 1325601                    /usr/lib/x86_64-linux-gnu/libcrypto.so.3
7fbaa39e2000-7fbaa3a3d000 r--p 003e1000 fd:00 1325601                    /usr/lib/x86_64-linux-gnu/libcrypto.so.3
7fbaa3a3d000-7fbaa3a40000 rw-p 0043c000 fd:00 1325601                    /usr/lib/x86_64-linux-gnu/libcrypto.so.3
7fbaa3a40000-7fbaa3a43000 rw-p 00000000 00:00 0 
7fbaa3a6d000-7fbaa3c00000 rw-p 00000000 00:00 0 
7fbaa3c00000-7fbaa3c02000 r-xp 00000000 fd:00 1348611                    /usr/lib/x86_64-linux-gnu/libnvidia-pkcs11-openssl3.so.535.104.05
7fbaa3c02000-7fbaa3e01000 ---p 00002000 fd:00 1348611                    /usr/lib/x86_64-linux-gnu/libnvidia-pkcs11-openssl3.so.535.104.05
7fbaa3e01000-7fbaa3e02000 r--p 00001000 fd:00 1348611                    /usr/lib/x86_64-linux-gnu/libnvidia-pkcs11-openssl3.so.535.104.05
7fbaa3e02000-7fbaa3e03000 rw-p 00002000 fd:00 1348611                    /usr/lib/x86_64-linux-gnu/libnvidia-pkcs11-openssl3.so.535.104.05
7fbaa3e24000-7fbaa4000000 rw-p 00000000 00:00 0 
7fbaa4000000-7fbaa4028000 r--p 00000000 fd:00 1322748                    /usr/lib/x86_64-linux-gnu/libc.so.6
7fbaa4028000-7fbaa41bd000 r-xp 00028000 fd:00 1322748                    /usr/lib/x86_64-linux-gnu/libc.so.6
7fbaa41bd000-7fbaa4215000 r--p 001bd000 fd:00 1322748                    /usr/lib/x86_64-linux-gnu/libc.so.6
7fbaa4215000-7fbaa4216000 ---p 00215000 fd:00 1322748                    /usr/lib/x86_64-linux-gnu/libc.so.6
7fbaa4216000-7fbaa421a000 r--p 00215000 fd:00 1322748                    /usr/lib/x86_64-linux-gnu/libc.so.6
7fbaa421a000-7fbaa421c000 rw-p 00219000 fd:00 1322748                    /usr/lib/x86_64-linux-gnu/libc.so.6
7fbaa421c000-7fbaa4229000 rw-p 00000000 00:00 0 
7fbaa422f000-7fbaa4230000 rw-s 00000000 00:01 4142                       /dev/zero (deleted)
7fbaa4230000-7fbaa4231000 rw-s 00000000 00:01 4141                       /dev/zero (deleted)
7fbaa4231000-7fbaa4232000 rw-s 00000000 00:01 4140                       /dev/zero (deleted)
7fbaa4232000-7fbaa4233000 rw-s 00000000 00:01 4139                       /dev/zero (deleted)
7fbaa4233000-7fbaa4234000 rw-s 00000000 00:01 4138                       /dev/zero (deleted)
7fbaa4234000-7fbaa4235000 rw-s 00000000 00:01 4137                       /dev/zero (deleted)
7fbaa4235000-7fbaa4236000 rw-s 00000000 00:01 4136                       /dev/zero (deleted)
7fbaa4236000-7fbaa4237000 rw-s 00000000 00:01 4135                       /dev/zero (deleted)
7fbaa4237000-7fbaa4238000 rw-s 00000000 00:01 4134                       /dev/zero (deleted)
7fbaa4238000-7fbaa4239000 rw-s 00000000 00:01 4133                       /dev/zero (deleted)
7fbaa4239000-7fbaa423a000 rw-s 00000000 00:01 4132                       /dev/zero (deleted)
7fbaa423a000-7fbaa423b000 rw-s 00000000 00:01 2094                       /dev/zero (deleted)
7fbaa423b000-7fbaa423c000 rw-s 00000000 00:01 6196                       /dev/zero (deleted)
7fbaa423c000-7fbaa4400000 rw-p 00000000 00:00 0 
7fbaa4400000-7fbaa44e1000 r--p 00000000 fd:00 1348560                    /usr/lib/x86_64-linux-gnu/libcuda.so.535.104.05
7fbaa44e1000-7fbaa49f9000 r-xp 000e1000 fd:00 1348560                    /usr/lib/x86_64-linux-gnu/libcuda.so.535.104.05
7fbaa49f9000-7fbaa5ed7000 r--p 005f9000 fd:00 1348560                    /usr/lib/x86_64-linux-gnu/libcuda.so.535.104.05
7fbaa5ed7000-7fbaa5ef0000 r--p 01ad6000 fd:00 1348560                    /usr/lib/x86_64-linux-gnu/libcuda.so.535.104.05
7fbaa5ef0000-7fbaa5ff6000 rw-p 01aef000 fd:00 1348560                    /usr/lib/x86_64-linux-gnu/libcuda.so.535.104.05
7fbaa5ff6000-7fbaa605d000 rw-p 00000000 00:00 0 
7fbaa605d000-7fbaa605e000 rw-s 00000000 00:01 6195                       /dev/zero (deleted)
7fbaa605e000-7fbaa605f000 rw-s 00000000 00:01 1040                       /dev/zero (deleted)
7fbaa605f000-7fbaa6060000 rw-s 00000000 00:01 56                         /dev/zero (deleted)
7fbaa6060000-7fbaa6061000 rw-s 00000000 00:01 2093                       /dev/zero (deleted)
7fbaa6061000-7fbaa6062000 rw-s 00000000 00:01 5139                       /dev/zero (deleted)
7fbaa6062000-7fbaa6063000 rw-s 00000000 00:01 2092                       /dev/zero (deleted)
7fbaa6063000-7fbaa6064000 rw-s 00000000 00:01 2091                       /dev/zero (deleted)
7fbaa6064000-7fbaa6065000 rw-s 00000000 00:01 6194                       /dev/zero (deleted)
7fbaa6065000-7fbaa6066000 rw-s 00000000 00:01 4131                       /dev/zero (deleted)
7fbaa6066000-7fbaa6067000 rw-s 00000000 00:01 4130                       /dev/zero (deleted)
7fbaa6067000-7fbaa6068000 rw-s 00000000 00:01 4129                       /dev/zero (deleted)
7fbaa6068000-7fbaa6069000 rw-s 00000000 00:01 4128                       /dev/zero (deleted)
7fbaa6069000-7fbaa606a000 rw-s 00000000 00:01 4127                       /dev/zero (deleted)
7fbaa606a000-7fbaa606b000 rw-s 00000000 00:01 5138                       /dev/zero (deleted)
7fbaa606b000-7fbaa606c000 rw-s 00000000 00:01 3101                       /dev/zero (deleted)
7fbaa606c000-7fbaa6137000 rw-p 00000000 00:00 0 
7fbaa6137000-7fbaa6147000 -w-s 00000000 00:05 668                        /dev/nvidia0
7fbaa6147000-7fbaa6157000 -w-s 00000000 00:05 668                        /dev/nvidia0
7fbaa6157000-7fbaa615e000 rw-p 00000000 00:00 0 
7fbaa615e000-7fbaa615f000 r--p 00000000 fd:00 1325626                    /usr/lib/x86_64-linux-gnu/librt.so.1
7fbaa615f000-7fbaa6160000 r-xp 00001000 fd:00 1325626                    /usr/lib/x86_64-linux-gnu/librt.so.1
7fbaa6160000-7fbaa6161000 r--p 00002000 fd:00 1325626                    /usr/lib/x86_64-linux-gnu/librt.so.1
7fbaa6161000-7fbaa6162000 r--p 00002000 fd:00 1325626                    /usr/lib/x86_64-linux-gnu/librt.so.1
7fbaa6162000-7fbaa6163000 rw-p 00003000 fd:00 1325626                    /usr/lib/x86_64-linux-gnu/librt.so.1
7fbaa6163000-7fbaa6164000 r--p 00000000 fd:00 1325624                    /usr/lib/x86_64-linux-gnu/libpthread.so.0
7fbaa6164000-7fbaa6165000 r-xp 00001000 fd:00 1325624                    /usr/lib/x86_64-linux-gnu/libpthread.so.0
7fbaa6165000-7fbaa6166000 r--p 00002000 fd:00 1325624                    /usr/lib/x86_64-linux-gnu/libpthread.so.0
7fbaa6166000-7fbaa6167000 r--p 00002000 fd:00 1325624                    /usr/lib/x86_64-linux-gnu/libpthread.so.0
7fbaa6167000-7fbaa6168000 rw-p 00003000 fd:00 1325624                    /usr/lib/x86_64-linux-gnu/libpthread.so.0
7fbaa6168000-7fbaa6169000 r--p 00000000 fd:00 1325607                    /usr/lib/x86_64-linux-gnu/libdl.so.2
7fbaa6169000-7fbaa616a000 r-xp 00001000 fd:00 1325607                    /usr/lib/x86_64-linux-gnu/libdl.so.2
7fbaa616a000-7fbaa616b000 r--p 00002000 fd:00 1325607                    /usr/lib/x86_64-linux-gnu/libdl.so.2
7fbaa616b000-7fbaa616c000 r--p 00002000 fd:00 1325607                    /usr/lib/x86_64-linux-gnu/libdl.so.2
7fbaa616c000-7fbaa616d000 rw-p 00003000 fd:00 1325607                    /usr/lib/x86_64-linux-gnu/libdl.so.2
7fbaa616d000-7fbaa617b000 r--p 00000000 fd:00 1325615                    /usr/lib/x86_64-linux-gnu/libm.so.6
7fbaa617b000-7fbaa61f7000 r-xp 0000e000 fd:00 1325615                    /usr/lib/x86_64-linux-gnu/libm.so.6
7fbaa61f7000-7fbaa6252000 r--p 0008a000 fd:00 1325615                    /usr/lib/x86_64-linux-gnu/libm.so.6
7fbaa6252000-7fbaa6253000 r--p 000e4000 fd:00 1325615                    /usr/lib/x86_64-linux-gnu/libm.so.6
7fbaa6253000-7fbaa6254000 rw-p 000e5000 fd:00 1325615                    /usr/lib/x86_64-linux-gnu/libm.so.6
7fbaa6254000-7fbaa6255000 rw-s 00000000 00:01 6193                       /dev/zero (deleted)
7fbaa6255000-7fbaa6256000 rw-s 00000000 00:01 3100                       /dev/zero (deleted)
7fbaa6256000-7fbaa6257000 rw-s 00000000 00:01 3099                       /dev/zero (deleted)
7fbaa6257000-7fbaa6258000 rw-s 00000000 00:01 3098                       /dev/zero (deleted)
7fbaa6258000-7fbaa6259000 rw-s 00000000 00:01 3097                       /dev/zero (deleted)
7fbaa6259000-7fbaa625a000 rw-s 00000000 00:01 3096                       /dev/zero (deleted)
7fbaa625a000-7fbaa625b000 rw-s 00000000 00:01 3095                       /dev/zero (deleted)
7fbaa625b000-7fbaa625c000 rw-s 00000000 00:01 2090                       /dev/zero (deleted)
7fbaa625c000-7fbaa625e000 rw-p 00000000 00:00 0 
7fbaa625e000-7fbaa6260000 r--p 00000000 fd:00 1322141                    /usr/lib/x86_64-linux-gnu/ld-linux-x86-64.so.2
7fbaa6260000-7fbaa628a000 r-xp 00002000 fd:00 1322141                    /usr/lib/x86_64-linux-gnu/ld-linux-x86-64.so.2
7fbaa628a000-7fbaa6295000 r--p 0002c000 fd:00 1322141                    /usr/lib/x86_64-linux-gnu/ld-linux-x86-64.so.2
7fbaa6295000-7fbaa6296000 rw-s 00000000 00:01 1039                       /dev/zero (deleted)
7fbaa6296000-7fbaa6298000 r--p 00037000 fd:00 1322141                    /usr/lib/x86_64-linux-gnu/ld-linux-x86-64.so.2
7fbaa6298000-7fbaa629a000 rw-p 00039000 fd:00 1322141                    /usr/lib/x86_64-linux-gnu/ld-linux-x86-64.so.2
7ffd86189000-7ffd861aa000 rw-p 00000000 00:00 0                          [stack]
7ffd861f2000-7ffd861f6000 r--p 00000000 00:00 0                          [vvar]
7ffd861f6000-7ffd861f8000 r-xp 00000000 00:00 0                          [vdso]
ffffffffff600000-ffffffffff601000 --xp 00000000 00:00 0                  [vsyscall]

ioctl(4 /dev/nvidia-uvm, 0x2d UVM_DISABLE_READ_DUPLICATION, 0x00000000)
ioctl(3 /dev/nvidiactl, 0x4a NV_ESC_RM_VID_HEAP_CONTROL, 0x00000000)
ioctl(4 /dev/nvidia-uvm, 0x49 UVM_CREATE_EXTERNAL_RANGE, 0x00000000)
ioctl(4 /dev/nvidia-uvm, 0x21 UVM_MAP_EXTERNAL_ALLOCATION, 0x00000000)
ioctl(4 /dev/nvidia-uvm, 0x41 UVM_MAP_DYNAMIC_PARALLELISM_REGION, 0x1b8ff9727d98a76b)
ioctl(3 /dev/nvidiactl, 0x4a NV_ESC_RM_VID_HEAP_CONTROL, 0x00000000)
ioctl(4 /dev/nvidia-uvm, 0x49 UVM_CREATE_EXTERNAL_RANGE, 0x00000000)
ioctl(4 /dev/nvidia-uvm, 0x21 UVM_MAP_EXTERNAL_ALLOCATION, 0x00000000)
ioctl(3 /dev/nvidiactl, 0x4a NV_ESC_RM_VID_HEAP_CONTROL, 0x00000000)
ioctl(4 /dev/nvidia-uvm, 0x49 UVM_CREATE_EXTERNAL_RANGE, 0x00000000)
ioctl(4 /dev/nvidia-uvm, 0x21 UVM_MAP_EXTERNAL_ALLOCATION, 0x00000000)
mmap(0x0, 0x3fff000, 0x0 PROT_NONE, 0x22 MAP_ANON|MAP_COPY, ffffffff, 0x0)
ioctl(3 /dev/nvidiactl, 0x4a NV_ESC_RM_VID_HEAP_CONTROL, 0x00000000)
ioctl(4 /dev/nvidia-uvm, 0x49 UVM_CREATE_EXTERNAL_RANGE, 0x00000000)
ioctl(4 /dev/nvidia-uvm, 0x21 UVM_MAP_EXTERNAL_ALLOCATION, 0x00000000)
ioctl(3 /dev/nvidiactl, 0x4a NV_ESC_RM_VID_HEAP_CONTROL, 0x00000000)
ioctl(4 /dev/nvidia-uvm, 0x49 UVM_CREATE_EXTERNAL_RANGE, 0x00000000)
ioctl(4 /dev/nvidia-uvm, 0x21 UVM_MAP_EXTERNAL_ALLOCATION, 0x00000000)
mmap(0x0, 0x83000, 0x3 PROT_WRITE|PROT_EXEC, 0x22 MAP_ANON|MAP_COPY, ffffffff, 0x0)
mmap(0x0, 0x201000, 0x3 PROT_WRITE|PROT_EXEC, 0x22 MAP_ANON|MAP_PRIVATE, ffffffff, 0x0)
ioctl(3 /dev/nvidiactl, 0x4a NV_ESC_RM_VID_HEAP_CONTROL, 0x00000000)
ioctl(4 /dev/nvidia-uvm, 0x49 UVM_CREATE_EXTERNAL_RANGE, 0x00000000)
ioctl(4 /dev/nvidia-uvm, 0x21 UVM_MAP_EXTERNAL_ALLOCATION, 0x00000000)
ioctl(3 /dev/nvidiactl, 0x2b NV_ESC_RM_ALLOC, 0x7ffd861a6a40)
mmap(0x7fb87e200000, 0x3ab000, 0x3 PROT_WRITE|PROT_EXEC, 0x11 MAP_FILE|MAP_SHARED, 4, 0x7fb87e200000)
ioctl(4 /dev/nvidia-uvm, 0x48 UVM_VALIDATE_VA_RANGE, 0x7fb87e200000, 0x3ab000, 0x0)
200000000-200800000 ---p 00000000 00:00 0 
200800000-200a00000 rw-s 00000000 00:05 664                              /dev/nvidiactl
200a00000-206800000 ---p 00000000 00:00 0 
206800000-206a00000 rw-s 00000000 00:05 664                              /dev/nvidiactl
206a00000-206c00000 rw-s 00000000 00:05 664                              /dev/nvidiactl
206c00000-300200000 ---p 00000000 00:00 0 
10000000000-10004000000 ---p 00000000 00:00 0 
55f7148e9000-55f7148f3000 r--p 00000000 fd:00 1204071                    /home/guest/libcuda-debug/cuMemory/cuMemory
55f7148f3000-55f71496a000 r-xp 0000a000 fd:00 1204071                    /home/guest/libcuda-debug/cuMemory/cuMemory
55f71496a000-55f71498d000 r--p 00081000 fd:00 1204071                    /home/guest/libcuda-debug/cuMemory/cuMemory
55f71498e000-55f714993000 r--p 000a4000 fd:00 1204071                    /home/guest/libcuda-debug/cuMemory/cuMemory
55f714993000-55f714994000 rw-p 000a9000 fd:00 1204071                    /home/guest/libcuda-debug/cuMemory/cuMemory
55f714994000-55f714995000 rw-p 00000000 00:00 0 
55f7161de000-55f716e05000 rw-p 00000000 00:00 0                          [heap]
7fb87c000000-7fb87e000000 ---p 00000000 00:00 0 
7fb87e000000-7fb87e200000 rw-s 7fb87e000000 00:05 681                    /dev/nvidia-uvm
7fb87e200000-7fb87e5ab000 rw-s 7fb87e200000 00:05 681                    /dev/nvidia-uvm
7fb87e5ab000-7fb890000000 ---p 00000000 00:00 0 
7fb890000000-7fb890021000 rw-p 00000000 00:00 0 
7fb890021000-7fb894000000 ---p 00000000 00:00 0 
7fb89406a000-7fb896000000 rw-p 00000000 00:00 0 
7fb896000000-7fb896400000 ---p 00000000 00:00 0 
7fb896400000-7fb896600000 rw-s 00000000 00:05 664                        /dev/nvidiactl
7fb896600000-7fb896e00000 rw-s 00000000 00:05 664                        /dev/nvidiactl
7fb896e00000-7fb897400000 ---p 00000000 00:00 0 
7fb897400000-7fb897600000 rw-s 00000000 00:05 664                        /dev/nvidiactl
7fb897600000-7fb897800000 ---p 00000000 00:00 0 
7fb897800000-7fb897a00000 rw-s 00000000 00:05 664                        /dev/nvidiactl
7fb897a00000-7fb898000000 ---p 00000000 00:00 0 
7fb898000000-7fb898021000 rw-p 00000000 00:00 0 
7fb898021000-7fb89c000000 ---p 00000000 00:00 0 
7fb89c02c000-7fb89e0bc000 rw-p 00000000 00:00 0 
7fb89e0bc000-7fb89e35e000 ---p 00000000 00:00 0 
7fb89e35e000-7fb89eb5e000 rw-p 00000000 00:00 0 
7fb89eb5e000-7fb89eb5f000 ---p 00000000 00:00 0 
7fb89eb5f000-7fb89f35f000 rw-p 00000000 00:00 0 
7fb89f35f000-7fbaa3600000 ---p 00000000 00:00 0 
7fbaa3600000-7fbaa36b2000 r--p 00000000 fd:00 1325601                    /usr/lib/x86_64-linux-gnu/libcrypto.so.3
7fbaa36b2000-7fbaa3910000 r-xp 000b2000 fd:00 1325601                    /usr/lib/x86_64-linux-gnu/libcrypto.so.3
7fbaa3910000-7fbaa39e2000 r--p 00310000 fd:00 1325601                    /usr/lib/x86_64-linux-gnu/libcrypto.so.3
7fbaa39e2000-7fbaa3a3d000 r--p 003e1000 fd:00 1325601                    /usr/lib/x86_64-linux-gnu/libcrypto.so.3
7fbaa3a3d000-7fbaa3a40000 rw-p 0043c000 fd:00 1325601                    /usr/lib/x86_64-linux-gnu/libcrypto.so.3
7fbaa3a40000-7fbaa3a43000 rw-p 00000000 00:00 0 
7fbaa3a6d000-7fbaa3c00000 rw-p 00000000 00:00 0 
7fbaa3c00000-7fbaa3c02000 r-xp 00000000 fd:00 1348611                    /usr/lib/x86_64-linux-gnu/libnvidia-pkcs11-openssl3.so.535.104.05
7fbaa3c02000-7fbaa3e01000 ---p 00002000 fd:00 1348611                    /usr/lib/x86_64-linux-gnu/libnvidia-pkcs11-openssl3.so.535.104.05
7fbaa3e01000-7fbaa3e02000 r--p 00001000 fd:00 1348611                    /usr/lib/x86_64-linux-gnu/libnvidia-pkcs11-openssl3.so.535.104.05
7fbaa3e02000-7fbaa3e03000 rw-p 00002000 fd:00 1348611                    /usr/lib/x86_64-linux-gnu/libnvidia-pkcs11-openssl3.so.535.104.05
7fbaa3e24000-7fbaa4000000 rw-p 00000000 00:00 0 
7fbaa4000000-7fbaa4028000 r--p 00000000 fd:00 1322748                    /usr/lib/x86_64-linux-gnu/libc.so.6
7fbaa4028000-7fbaa41bd000 r-xp 00028000 fd:00 1322748                    /usr/lib/x86_64-linux-gnu/libc.so.6
7fbaa41bd000-7fbaa4215000 r--p 001bd000 fd:00 1322748                    /usr/lib/x86_64-linux-gnu/libc.so.6
7fbaa4215000-7fbaa4216000 ---p 00215000 fd:00 1322748                    /usr/lib/x86_64-linux-gnu/libc.so.6
7fbaa4216000-7fbaa421a000 r--p 00215000 fd:00 1322748                    /usr/lib/x86_64-linux-gnu/libc.so.6
7fbaa421a000-7fbaa421c000 rw-p 00219000 fd:00 1322748                    /usr/lib/x86_64-linux-gnu/libc.so.6
7fbaa421c000-7fbaa4229000 rw-p 00000000 00:00 0 
7fbaa422f000-7fbaa4230000 rw-s 00000000 00:01 4142                       /dev/zero (deleted)
7fbaa4230000-7fbaa4231000 rw-s 00000000 00:01 4141                       /dev/zero (deleted)
7fbaa4231000-7fbaa4232000 rw-s 00000000 00:01 4140                       /dev/zero (deleted)
7fbaa4232000-7fbaa4233000 rw-s 00000000 00:01 4139                       /dev/zero (deleted)
7fbaa4233000-7fbaa4234000 rw-s 00000000 00:01 4138                       /dev/zero (deleted)
7fbaa4234000-7fbaa4235000 rw-s 00000000 00:01 4137                       /dev/zero (deleted)
7fbaa4235000-7fbaa4236000 rw-s 00000000 00:01 4136                       /dev/zero (deleted)
7fbaa4236000-7fbaa4237000 rw-s 00000000 00:01 4135                       /dev/zero (deleted)
7fbaa4237000-7fbaa4238000 rw-s 00000000 00:01 4134                       /dev/zero (deleted)
7fbaa4238000-7fbaa4239000 rw-s 00000000 00:01 4133                       /dev/zero (deleted)
7fbaa4239000-7fbaa423a000 rw-s 00000000 00:01 4132                       /dev/zero (deleted)
7fbaa423a000-7fbaa423b000 rw-s 00000000 00:01 2094                       /dev/zero (deleted)
7fbaa423b000-7fbaa423c000 rw-s 00000000 00:01 6196                       /dev/zero (deleted)
7fbaa423c000-7fbaa4400000 rw-p 00000000 00:00 0 
7fbaa4400000-7fbaa44e1000 r--p 00000000 fd:00 1348560                    /usr/lib/x86_64-linux-gnu/libcuda.so.535.104.05
7fbaa44e1000-7fbaa49f9000 r-xp 000e1000 fd:00 1348560                    /usr/lib/x86_64-linux-gnu/libcuda.so.535.104.05
7fbaa49f9000-7fbaa5ed7000 r--p 005f9000 fd:00 1348560                    /usr/lib/x86_64-linux-gnu/libcuda.so.535.104.05
7fbaa5ed7000-7fbaa5ef0000 r--p 01ad6000 fd:00 1348560                    /usr/lib/x86_64-linux-gnu/libcuda.so.535.104.05
7fbaa5ef0000-7fbaa5ff6000 rw-p 01aef000 fd:00 1348560                    /usr/lib/x86_64-linux-gnu/libcuda.so.535.104.05
7fbaa5ff6000-7fbaa605d000 rw-p 00000000 00:00 0 
7fbaa605d000-7fbaa605e000 rw-s 00000000 00:01 6195                       /dev/zero (deleted)
7fbaa605e000-7fbaa605f000 rw-s 00000000 00:01 1040                       /dev/zero (deleted)
7fbaa605f000-7fbaa6060000 rw-s 00000000 00:01 56                         /dev/zero (deleted)
7fbaa6060000-7fbaa6061000 rw-s 00000000 00:01 2093                       /dev/zero (deleted)
7fbaa6061000-7fbaa6062000 rw-s 00000000 00:01 5139                       /dev/zero (deleted)
7fbaa6062000-7fbaa6063000 rw-s 00000000 00:01 2092                       /dev/zero (deleted)
7fbaa6063000-7fbaa6064000 rw-s 00000000 00:01 2091                       /dev/zero (deleted)
7fbaa6064000-7fbaa6065000 rw-s 00000000 00:01 6194                       /dev/zero (deleted)
7fbaa6065000-7fbaa6066000 rw-s 00000000 00:01 4131                       /dev/zero (deleted)
7fbaa6066000-7fbaa6067000 rw-s 00000000 00:01 4130                       /dev/zero (deleted)
7fbaa6067000-7fbaa6068000 rw-s 00000000 00:01 4129                       /dev/zero (deleted)
7fbaa6068000-7fbaa6069000 rw-s 00000000 00:01 4128                       /dev/zero (deleted)
7fbaa6069000-7fbaa606a000 rw-s 00000000 00:01 4127                       /dev/zero (deleted)
7fbaa606a000-7fbaa606b000 rw-s 00000000 00:01 5138                       /dev/zero (deleted)
7fbaa606b000-7fbaa606c000 rw-s 00000000 00:01 3101                       /dev/zero (deleted)
7fbaa606c000-7fbaa6137000 rw-p 00000000 00:00 0 
7fbaa6137000-7fbaa6147000 -w-s 00000000 00:05 668                        /dev/nvidia0
7fbaa6147000-7fbaa6157000 -w-s 00000000 00:05 668                        /dev/nvidia0
7fbaa6157000-7fbaa615e000 rw-p 00000000 00:00 0 
7fbaa615e000-7fbaa615f000 r--p 00000000 fd:00 1325626                    /usr/lib/x86_64-linux-gnu/librt.so.1
7fbaa615f000-7fbaa6160000 r-xp 00001000 fd:00 1325626                    /usr/lib/x86_64-linux-gnu/librt.so.1
7fbaa6160000-7fbaa6161000 r--p 00002000 fd:00 1325626                    /usr/lib/x86_64-linux-gnu/librt.so.1
7fbaa6161000-7fbaa6162000 r--p 00002000 fd:00 1325626                    /usr/lib/x86_64-linux-gnu/librt.so.1
7fbaa6162000-7fbaa6163000 rw-p 00003000 fd:00 1325626                    /usr/lib/x86_64-linux-gnu/librt.so.1
7fbaa6163000-7fbaa6164000 r--p 00000000 fd:00 1325624                    /usr/lib/x86_64-linux-gnu/libpthread.so.0
7fbaa6164000-7fbaa6165000 r-xp 00001000 fd:00 1325624                    /usr/lib/x86_64-linux-gnu/libpthread.so.0
7fbaa6165000-7fbaa6166000 r--p 00002000 fd:00 1325624                    /usr/lib/x86_64-linux-gnu/libpthread.so.0
7fbaa6166000-7fbaa6167000 r--p 00002000 fd:00 1325624                    /usr/lib/x86_64-linux-gnu/libpthread.so.0
7fbaa6167000-7fbaa6168000 rw-p 00003000 fd:00 1325624                    /usr/lib/x86_64-linux-gnu/libpthread.so.0
7fbaa6168000-7fbaa6169000 r--p 00000000 fd:00 1325607                    /usr/lib/x86_64-linux-gnu/libdl.so.2
7fbaa6169000-7fbaa616a000 r-xp 00001000 fd:00 1325607                    /usr/lib/x86_64-linux-gnu/libdl.so.2
7fbaa616a000-7fbaa616b000 r--p 00002000 fd:00 1325607                    /usr/lib/x86_64-linux-gnu/libdl.so.2
7fbaa616b000-7fbaa616c000 r--p 00002000 fd:00 1325607                    /usr/lib/x86_64-linux-gnu/libdl.so.2
7fbaa616c000-7fbaa616d000 rw-p 00003000 fd:00 1325607                    /usr/lib/x86_64-linux-gnu/libdl.so.2
7fbaa616d000-7fbaa617b000 r--p 00000000 fd:00 1325615                    /usr/lib/x86_64-linux-gnu/libm.so.6
7fbaa617b000-7fbaa61f7000 r-xp 0000e000 fd:00 1325615                    /usr/lib/x86_64-linux-gnu/libm.so.6
7fbaa61f7000-7fbaa6252000 r--p 0008a000 fd:00 1325615                    /usr/lib/x86_64-linux-gnu/libm.so.6
7fbaa6252000-7fbaa6253000 r--p 000e4000 fd:00 1325615                    /usr/lib/x86_64-linux-gnu/libm.so.6
7fbaa6253000-7fbaa6254000 rw-p 000e5000 fd:00 1325615                    /usr/lib/x86_64-linux-gnu/libm.so.6
7fbaa6254000-7fbaa6255000 rw-s 00000000 00:01 6193                       /dev/zero (deleted)
7fbaa6255000-7fbaa6256000 rw-s 00000000 00:01 3100                       /dev/zero (deleted)
7fbaa6256000-7fbaa6257000 rw-s 00000000 00:01 3099                       /dev/zero (deleted)
7fbaa6257000-7fbaa6258000 rw-s 00000000 00:01 3098                       /dev/zero (deleted)
7fbaa6258000-7fbaa6259000 rw-s 00000000 00:01 3097                       /dev/zero (deleted)
7fbaa6259000-7fbaa625a000 rw-s 00000000 00:01 3096                       /dev/zero (deleted)
7fbaa625a000-7fbaa625b000 rw-s 00000000 00:01 3095                       /dev/zero (deleted)
7fbaa625b000-7fbaa625c000 rw-s 00000000 00:01 2090                       /dev/zero (deleted)
7fbaa625c000-7fbaa625e000 rw-p 00000000 00:00 0 
7fbaa625e000-7fbaa6260000 r--p 00000000 fd:00 1322141                    /usr/lib/x86_64-linux-gnu/ld-linux-x86-64.so.2
7fbaa6260000-7fbaa628a000 r-xp 00002000 fd:00 1322141                    /usr/lib/x86_64-linux-gnu/ld-linux-x86-64.so.2
7fbaa628a000-7fbaa6295000 r--p 0002c000 fd:00 1322141                    /usr/lib/x86_64-linux-gnu/ld-linux-x86-64.so.2
7fbaa6295000-7fbaa6296000 rw-s 00000000 00:01 1039                       /dev/zero (deleted)
7fbaa6296000-7fbaa6298000 r--p 00037000 fd:00 1322141                    /usr/lib/x86_64-linux-gnu/ld-linux-x86-64.so.2
7fbaa6298000-7fbaa629a000 rw-p 00039000 fd:00 1322141                    /usr/lib/x86_64-linux-gnu/ld-linux-x86-64.so.2
7ffd86189000-7ffd861aa000 rw-p 00000000 00:00 0                          [stack]
7ffd861f2000-7ffd861f6000 r--p 00000000 00:00 0                          [vvar]
7ffd861f6000-7ffd861f8000 r-xp 00000000 00:00 0                          [vdso]
ffffffffff600000-ffffffffff601000 --xp 00000000 00:00 0                  [vsyscall]

ioctl(4 /dev/nvidia-uvm, 0x2d UVM_DISABLE_READ_DUPLICATION, 0x00000000)
ioctl(4 /dev/nvidia-uvm, 0x33 , 0x1b8ff9727d98a76b)
mmap(0x0, 0x5fff000, 0x0 PROT_NONE, 0x22 MAP_ANON|MAP_COPY, ffffffff, 0x0)
ioctl(3 /dev/nvidiactl, 0x4a NV_ESC_RM_VID_HEAP_CONTROL, 0x00000000)
ioctl(4 /dev/nvidia-uvm, 0x49 UVM_CREATE_EXTERNAL_RANGE, 0x00000000)
ioctl(4 /dev/nvidia-uvm, 0x21 UVM_MAP_EXTERNAL_ALLOCATION, 0x00000000)
ioctl(3 /dev/nvidiactl, 0x4a NV_ESC_RM_VID_HEAP_CONTROL, 0x00000000)
ioctl(4 /dev/nvidia-uvm, 0x49 UVM_CREATE_EXTERNAL_RANGE, 0x00000000)
ioctl(4 /dev/nvidia-uvm, 0x21 UVM_MAP_EXTERNAL_ALLOCATION, 0x00000000)
openat(AT_FDCWD, /dev/nvidia0, 0x80002)
ioctl(31 /dev/nvidia0, 0xc9 NV_ESC_REGISTER_FD, 0x00000000)
ioctl(31 /dev/nvidia0, 0xce NV_ESC_ALLOC_OS_EVENT, 0x00000003)
ioctl(31 /dev/nvidia0, 0x2b NV_ESC_RM_ALLOC, 0x7ffd861a68c0)
openat(AT_FDCWD, /dev/nvidia0, 0x80002)
ioctl(33 /dev/nvidia0, 0xc9 NV_ESC_REGISTER_FD, 0x00000000)
ioctl(33 /dev/nvidia0, 0xce NV_ESC_ALLOC_OS_EVENT, 0x00000003)
ioctl(33 /dev/nvidia0, 0x2b NV_ESC_RM_ALLOC, 0x7ffd861a68c0)
openat(AT_FDCWD, /dev/nvidia0, 0x80002)
ioctl(35 /dev/nvidia0, 0xc9 NV_ESC_REGISTER_FD, 0x00000000)
ioctl(35 /dev/nvidia0, 0xce NV_ESC_ALLOC_OS_EVENT, 0x00000003)
ioctl(35 /dev/nvidia0, 0x2b NV_ESC_RM_ALLOC, 0x7ffd861a68c0)
openat(AT_FDCWD, /dev/nvidia0, 0x80002)
ioctl(37 /dev/nvidia0, 0xc9 NV_ESC_REGISTER_FD, 0x00000000)
ioctl(37 /dev/nvidia0, 0xce NV_ESC_ALLOC_OS_EVENT, 0x00000003)
ioctl(37 /dev/nvidia0, 0x2b NV_ESC_RM_ALLOC, 0x7ffd861a68c0)
ioctl(3 /dev/nvidiactl, 0x2a NV_ESC_RM_CONTROL, 0x83de0309 NV83DE_CTRL_CMD_DEBUG_SET_EXCEPTION_MASK, 0x7ffd861a69ec)
ioctl(3 /dev/nvidiactl, 0x2a NV_ESC_RM_CONTROL, 0x20801210 NV2080_CTRL_CMD_GR_SET_CTXSW_PREEMPTION_MODE, 0x7ffd861a6a40)
ioctl(3 /dev/nvidiactl, 0x2a NV_ESC_RM_CONTROL, 0xa06c0103 NVA06C_CTRL_CMD_SET_TIMESLICE, 0x7ffd861a6ad8)
mmap(0x0, 0x19fff000, 0x0 PROT_NONE, 0x22 MAP_ANON|MAP_COPY, ffffffff, 0x0)
ioctl(3 /dev/nvidiactl, 0x4a NV_ESC_RM_VID_HEAP_CONTROL, 0x00000000)
ioctl(4 /dev/nvidia-uvm, 0x49 UVM_CREATE_EXTERNAL_RANGE, 0x00000000)
ioctl(4 /dev/nvidia-uvm, 0x21 UVM_MAP_EXTERNAL_ALLOCATION, 0x00000000)
ioctl(3 /dev/nvidiactl, 0x2a NV_ESC_RM_CONTROL, 0x00809909 , 0x7ffd861a6adf)
cuInit
cuDeviceGet
cuCtxCreate
Done
