Obtained 22 stack frames.
/libcuda-debug/mmapPreload/mmap.so(print_trace+0x56) [0x7eede72b724f]
/libcuda-debug/mmapPreload/mmap.so(mmap+0xeb) [0x7eede72b73f0]
/usr/lib/x86_64-linux-gnu/libcuda.so.1(+0x3ee952) [0x7eede59ee952]
/usr/lib/x86_64-linux-gnu/libcuda.so.1(+0x3efb42) [0x7eede59efb42]
/usr/lib/x86_64-linux-gnu/libcuda.so.1(+0x2a3a34) [0x7eede58a3a34]
/usr/lib/x86_64-linux-gnu/libcuda.so.1(+0x2a120d) [0x7eede58a120d]
/usr/lib/x86_64-linux-gnu/libcuda.so.1(+0x43e02a) [0x7eede5a3e02a]
/usr/lib/x86_64-linux-gnu/libcuda.so.1(+0x3c2830) [0x7eede59c2830]
/usr/lib/x86_64-linux-gnu/libcuda.so.1(+0x3c3989) [0x7eede59c3989]
/usr/lib/x86_64-linux-gnu/libcuda.so.1(+0x3c9c01) [0x7eede59c9c01]
/usr/lib/x86_64-linux-gnu/libcuda.so.1(+0x3ce30d) [0x7eede59ce30d]
/usr/lib/x86_64-linux-gnu/libcuda.so.1(+0x3cf589) [0x7eede59cf589]
/usr/lib/x86_64-linux-gnu/libcuda.so.1(+0x177552) [0x7eede5777552]
/usr/lib/x86_64-linux-gnu/libcuda.so.1(+0x29f111) [0x7eede589f111]
/usr/lib/x86_64-linux-gnu/libcuda.so.1(+0x2a2bfb) [0x7eede58a2bfb]
/usr/lib/x86_64-linux-gnu/libcuda.so.1(+0x217799) [0x7eede5817799]
/usr/lib/x86_64-linux-gnu/libcuda.so.1(+0x20b7c1) [0x7eede580b7c1]
/usr/lib/x86_64-linux-gnu/libcuda.so.1(+0x2caa7b) [0x7eede58caa7b]
/libcuda-debug/cuMemory/cuMemory(+0xad4b) [0x561771bd7d4b]
/usr/lib/x86_64-linux-gnu/libc.so.6(+0x29d90) [0x7eede5229d90]
/usr/lib/x86_64-linux-gnu/libc.so.6(__libc_start_main+0x80) [0x7eede5229e40]
/libcuda-debug/cuMemory/cuMemory(+0xab35) [0x561771bd7b35]
