[32mGEF[0m for linux ready, type `[4m[33mgef[24m[0m' to start, `[4m[35mgef config[24m[0m' to configure
[1m[32m88[0m commands loaded and [1m[34m5[0m functions added for GDB [1m[33m12.1[0m in 0.00ms using Python engine [1m[31m3.10[0m
Breakpoint 1 at 0xa2b0
[Thread debugging using libthread_db enabled]
Using host libthread_db library "/lib/x86_64-linux-gnu/libthread_db.so.1".
[New Thread 0x7ffdf115e000 (LWP 16923)]
[New Thread 0x7ffdf095d000 (LWP 16924)]

Thread 1 "cuMemory" hit Breakpoint 1, __GI___mmap64 (addr=0x7ffdce200000, len=0x3ab000, prot=0x3, flags=0x11, fd=0x4, offset=0x7ffdce200000) at ../sysdeps/unix/sysv/linux/mmap64.c:47
#0  __GI___mmap64 (addr=0x7ffdce200000, len=0x3ab000, prot=0x3, flags=0x11, fd=0x4, offset=0x7ffdce200000) at ../sysdeps/unix/sysv/linux/mmap64.c:47
#1  0x00007ffff65ee952 in ?? () from /lib/x86_64-linux-gnu/libcuda.so.1
#2  0x00007ffff65efb42 in ?? () from /lib/x86_64-linux-gnu/libcuda.so.1
#3  0x00007ffff64a3a34 in ?? () from /lib/x86_64-linux-gnu/libcuda.so.1
#4  0x00007ffff64a120d in ?? () from /lib/x86_64-linux-gnu/libcuda.so.1
#5  0x00007ffff663e02a in ?? () from /lib/x86_64-linux-gnu/libcuda.so.1
#6  0x00007ffff65c2830 in ?? () from /lib/x86_64-linux-gnu/libcuda.so.1
#7  0x00007ffff65c3989 in ?? () from /lib/x86_64-linux-gnu/libcuda.so.1
#8  0x00007ffff65c9c01 in ?? () from /lib/x86_64-linux-gnu/libcuda.so.1
#9  0x00007ffff65ce30d in ?? () from /lib/x86_64-linux-gnu/libcuda.so.1
#10 0x00007ffff65cf589 in ?? () from /lib/x86_64-linux-gnu/libcuda.so.1
#11 0x00007ffff6377552 in ?? () from /lib/x86_64-linux-gnu/libcuda.so.1
#12 0x00007ffff649f111 in ?? () from /lib/x86_64-linux-gnu/libcuda.so.1
#13 0x00007ffff64a2bfb in ?? () from /lib/x86_64-linux-gnu/libcuda.so.1
#14 0x00007ffff6417799 in ?? () from /lib/x86_64-linux-gnu/libcuda.so.1
#15 0x00007ffff640b7c1 in ?? () from /lib/x86_64-linux-gnu/libcuda.so.1
#16 0x00007ffff64caa7b in ?? () from /lib/x86_64-linux-gnu/libcuda.so.1
#17 0x000055555555ed4b in main ()
process 16917
Mapped address spaces:

          Start Addr           End Addr       Size     Offset  Perms  objfile
         0x200000000        0x200800000   0x800000        0x0  ---p   
         0x200800000        0x200a00000   0x200000        0x0  rw-s   /dev/nvidiactl
         0x200a00000        0x206800000  0x5e00000        0x0  ---p   
         0x206800000        0x206a00000   0x200000        0x0  rw-s   /dev/nvidiactl
         0x206a00000        0x206c00000   0x200000        0x0  rw-s   /dev/nvidiactl
         0x206c00000        0x300200000 0xf9600000        0x0  ---p   
       0x10000000000      0x10004000000  0x4000000        0x0  ---p   
      0x555555554000     0x55555555e000     0xa000        0x0  r--p   /home/guest/libcuda-debug/cuMemory/cuMemory
      0x55555555e000     0x5555555d5000    0x77000     0xa000  r-xp   /home/guest/libcuda-debug/cuMemory/cuMemory
      0x5555555d5000     0x5555555f8000    0x23000    0x81000  r--p   /home/guest/libcuda-debug/cuMemory/cuMemory
      0x5555555f9000     0x5555555fe000     0x5000    0xa4000  r--p   /home/guest/libcuda-debug/cuMemory/cuMemory
      0x5555555fe000     0x5555555ff000     0x1000    0xa9000  rw-p   /home/guest/libcuda-debug/cuMemory/cuMemory
      0x5555555ff000     0x555555600000     0x1000        0x0  rw-p   [heap]
      0x555555600000     0x555556227000   0xc27000        0x0  rw-p   [heap]
      0x7ffdcc000000     0x7ffdce000000  0x2000000        0x0  ---p   
      0x7ffdce000000     0x7ffdce200000   0x200000 0x7ffdce000000  rw-s   /dev/nvidia-uvm
      0x7ffdce200000     0x7ffdd0000000  0x1e00000        0x0  ---p   
      0x7ffdd1d6a000     0x7ffdd4000000  0x2296000        0x0  rw-p   
      0x7ffdd4000000     0x7ffdd4400000   0x400000        0x0  ---p   
      0x7ffdd4400000     0x7ffdd4600000   0x200000        0x0  rw-s   /dev/nvidiactl
      0x7ffdd4600000     0x7ffdd4e00000   0x800000        0x0  rw-s   /dev/nvidiactl
      0x7ffdd4e00000     0x7ffdd5400000   0x600000        0x0  ---p   
      0x7ffdd5400000     0x7ffdd5600000   0x200000        0x0  rw-s   /dev/nvidiactl
      0x7ffdd5600000     0x7ffdd5800000   0x200000        0x0  ---p   
      0x7ffdd5800000     0x7ffdd5a00000   0x200000        0x0  rw-s   /dev/nvidiactl
      0x7ffdd5a00000     0x7ffdd6000000   0x600000        0x0  ---p   
      0x7ffdd604b000     0x7ffdd7d5f000  0x1d14000        0x0  rw-p   
      0x7ffdd7d5f000     0x7ffdd8000000   0x2a1000        0x0  ---p   
      0x7ffdd8000000     0x7ffdd8021000    0x21000        0x0  rw-p   
      0x7ffdd8021000     0x7ffddc000000  0x3fdf000        0x0  ---p   
      0x7ffddc000000     0x7ffddc021000    0x21000        0x0  rw-p   
      0x7ffddc021000     0x7ffde0000000  0x3fdf000        0x0  ---p   
      0x7ffde0000000     0x7ffdf0000000 0x10000000        0x0  ---p   
      0x7ffdf0013000     0x7ffdf015d000   0x14a000        0x0  rw-p   
      0x7ffdf015d000     0x7ffdf015e000     0x1000        0x0  ---p   
      0x7ffdf015e000     0x7ffdf095e000   0x800000        0x0  rw-p   
      0x7ffdf095e000     0x7ffdf095f000     0x1000        0x0  ---p   
      0x7ffdf095f000     0x7ffdf115f000   0x800000        0x0  rw-p   
      0x7ffdf115f000     0x7ffff5400000 0x2042a1000        0x0  ---p   
      0x7ffff5400000     0x7ffff54b2000    0xb2000        0x0  r--p   /usr/lib/x86_64-linux-gnu/libcrypto.so.3
      0x7ffff54b2000     0x7ffff5710000   0x25e000    0xb2000  r-xp   /usr/lib/x86_64-linux-gnu/libcrypto.so.3
      0x7ffff5710000     0x7ffff57e2000    0xd2000   0x310000  r--p   /usr/lib/x86_64-linux-gnu/libcrypto.so.3
      0x7ffff57e2000     0x7ffff583d000    0x5b000   0x3e1000  r--p   /usr/lib/x86_64-linux-gnu/libcrypto.so.3
      0x7ffff583d000     0x7ffff5840000     0x3000   0x43c000  rw-p   /usr/lib/x86_64-linux-gnu/libcrypto.so.3
      0x7ffff5840000     0x7ffff5843000     0x3000        0x0  rw-p   
      0x7ffff5883000     0x7ffff5a00000   0x17d000        0x0  rw-p   
      0x7ffff5a00000     0x7ffff5a02000     0x2000        0x0  r-xp   /usr/lib/x86_64-linux-gnu/libnvidia-pkcs11-openssl3.so.535.104.05
      0x7ffff5a02000     0x7ffff5c01000   0x1ff000     0x2000  ---p   /usr/lib/x86_64-linux-gnu/libnvidia-pkcs11-openssl3.so.535.104.05
      0x7ffff5c01000     0x7ffff5c02000     0x1000     0x1000  r--p   /usr/lib/x86_64-linux-gnu/libnvidia-pkcs11-openssl3.so.535.104.05
      0x7ffff5c02000     0x7ffff5c03000     0x1000     0x2000  rw-p   /usr/lib/x86_64-linux-gnu/libnvidia-pkcs11-openssl3.so.535.104.05
      0x7ffff5c23000     0x7ffff5e00000   0x1dd000        0x0  rw-p   
      0x7ffff5e00000     0x7ffff5e28000    0x28000        0x0  r--p   /usr/lib/x86_64-linux-gnu/libc.so.6
      0x7ffff5e28000     0x7ffff5fbd000   0x195000    0x28000  r-xp   /usr/lib/x86_64-linux-gnu/libc.so.6
      0x7ffff5fbd000     0x7ffff6015000    0x58000   0x1bd000  r--p   /usr/lib/x86_64-linux-gnu/libc.so.6
      0x7ffff6015000     0x7ffff6016000     0x1000   0x215000  ---p   /usr/lib/x86_64-linux-gnu/libc.so.6
      0x7ffff6016000     0x7ffff601a000     0x4000   0x215000  r--p   /usr/lib/x86_64-linux-gnu/libc.so.6
      0x7ffff601a000     0x7ffff601c000     0x2000   0x219000  rw-p   /usr/lib/x86_64-linux-gnu/libc.so.6
      0x7ffff601c000     0x7ffff6029000     0xd000        0x0  rw-p   
      0x7ffff6047000     0x7ffff6048000     0x1000        0x0  rw-s   /dev/zero (deleted)
      0x7ffff6048000     0x7ffff6049000     0x1000        0x0  rw-s   /dev/zero (deleted)
      0x7ffff6049000     0x7ffff604a000     0x1000        0x0  rw-s   /dev/zero (deleted)
      0x7ffff604a000     0x7ffff604b000     0x1000        0x0  rw-s   /dev/zero (deleted)
      0x7ffff604b000     0x7ffff604c000     0x1000        0x0  rw-s   /dev/zero (deleted)
      0x7ffff604c000     0x7ffff604d000     0x1000        0x0  rw-s   /dev/zero (deleted)
      0x7ffff604d000     0x7ffff604e000     0x1000        0x0  rw-s   /dev/zero (deleted)
      0x7ffff604e000     0x7ffff604f000     0x1000        0x0  rw-s   /dev/zero (deleted)
      0x7ffff604f000     0x7ffff6050000     0x1000        0x0  rw-s   /dev/zero (deleted)
      0x7ffff6050000     0x7ffff6051000     0x1000        0x0  rw-s   /dev/zero (deleted)
      0x7ffff6051000     0x7ffff6052000     0x1000        0x0  rw-s   /dev/zero (deleted)
      0x7ffff6052000     0x7ffff6053000     0x1000        0x0  rw-s   /dev/zero (deleted)
      0x7ffff6053000     0x7ffff6054000     0x1000        0x0  rw-s   /dev/zero (deleted)
      0x7ffff6054000     0x7ffff6200000   0x1ac000        0x0  rw-p   
      0x7ffff6200000     0x7ffff62e1000    0xe1000        0x0  r--p   /usr/lib/x86_64-linux-gnu/libcuda.so.535.104.05
      0x7ffff62e1000     0x7ffff67f9000   0x518000    0xe1000  r-xp   /usr/lib/x86_64-linux-gnu/libcuda.so.535.104.05
      0x7ffff67f9000     0x7ffff7cd7000  0x14de000   0x5f9000  r--p   /usr/lib/x86_64-linux-gnu/libcuda.so.535.104.05
      0x7ffff7cd7000     0x7ffff7cf0000    0x19000  0x1ad6000  r--p   /usr/lib/x86_64-linux-gnu/libcuda.so.535.104.05
      0x7ffff7cf0000     0x7ffff7df6000   0x106000  0x1aef000  rw-p   /usr/lib/x86_64-linux-gnu/libcuda.so.535.104.05
      0x7ffff7df6000     0x7ffff7e5d000    0x67000        0x0  rw-p   
      0x7ffff7e5d000     0x7ffff7e5e000     0x1000        0x0  rw-s   /dev/zero (deleted)
      0x7ffff7e5e000     0x7ffff7e5f000     0x1000        0x0  rw-s   /dev/zero (deleted)
      0x7ffff7e5f000     0x7ffff7e60000     0x1000        0x0  rw-s   /dev/zero (deleted)
      0x7ffff7e60000     0x7ffff7e61000     0x1000        0x0  rw-s   /dev/zero (deleted)
      0x7ffff7e61000     0x7ffff7e62000     0x1000        0x0  rw-s   /dev/zero (deleted)
      0x7ffff7e62000     0x7ffff7e63000     0x1000        0x0  rw-s   /dev/zero (deleted)
      0x7ffff7e63000     0x7ffff7e64000     0x1000        0x0  rw-s   /dev/zero (deleted)
      0x7ffff7e64000     0x7ffff7e65000     0x1000        0x0  rw-s   /dev/zero (deleted)
      0x7ffff7e65000     0x7ffff7e66000     0x1000        0x0  rw-s   /dev/zero (deleted)
      0x7ffff7e66000     0x7ffff7e67000     0x1000        0x0  rw-s   /dev/zero (deleted)
      0x7ffff7e67000     0x7ffff7e68000     0x1000        0x0  rw-s   /dev/zero (deleted)
      0x7ffff7e68000     0x7ffff7e69000     0x1000        0x0  rw-s   /dev/zero (deleted)
      0x7ffff7e69000     0x7ffff7e6a000     0x1000        0x0  rw-s   /dev/zero (deleted)
      0x7ffff7e6a000     0x7ffff7e6b000     0x1000        0x0  rw-s   /dev/zero (deleted)
      0x7ffff7e6b000     0x7ffff7e6c000     0x1000        0x0  rw-s   /dev/zero (deleted)
      0x7ffff7e6c000     0x7ffff7e96000    0x2a000        0x0  rw-p   
      0x7ffff7e96000     0x7ffff7ea6000    0x10000        0x0  -w-s   /dev/nvidia0
      0x7ffff7ea6000     0x7ffff7eb6000    0x10000        0x0  -w-s   /dev/nvidia0
      0x7ffff7eb6000     0x7ffff7ebd000     0x7000        0x0  rw-p   
      0x7ffff7ebd000     0x7ffff7ebe000     0x1000        0x0  r--p   /usr/lib/x86_64-linux-gnu/librt.so.1
      0x7ffff7ebe000     0x7ffff7ebf000     0x1000     0x1000  r-xp   /usr/lib/x86_64-linux-gnu/librt.so.1
      0x7ffff7ebf000     0x7ffff7ec0000     0x1000     0x2000  r--p   /usr/lib/x86_64-linux-gnu/librt.so.1
      0x7ffff7ec0000     0x7ffff7ec1000     0x1000     0x2000  r--p   /usr/lib/x86_64-linux-gnu/librt.so.1
      0x7ffff7ec1000     0x7ffff7ec2000     0x1000     0x3000  rw-p   /usr/lib/x86_64-linux-gnu/librt.so.1
      0x7ffff7ec2000     0x7ffff7ec3000     0x1000        0x0  r--p   /usr/lib/x86_64-linux-gnu/libpthread.so.0
      0x7ffff7ec3000     0x7ffff7ec4000     0x1000     0x1000  r-xp   /usr/lib/x86_64-linux-gnu/libpthread.so.0
      0x7ffff7ec4000     0x7ffff7ec5000     0x1000     0x2000  r--p   /usr/lib/x86_64-linux-gnu/libpthread.so.0
      0x7ffff7ec5000     0x7ffff7ec6000     0x1000     0x2000  r--p   /usr/lib/x86_64-linux-gnu/libpthread.so.0
      0x7ffff7ec6000     0x7ffff7ec7000     0x1000     0x3000  rw-p   /usr/lib/x86_64-linux-gnu/libpthread.so.0
      0x7ffff7ec7000     0x7ffff7ec8000     0x1000        0x0  r--p   /usr/lib/x86_64-linux-gnu/libdl.so.2
      0x7ffff7ec8000     0x7ffff7ec9000     0x1000     0x1000  r-xp   /usr/lib/x86_64-linux-gnu/libdl.so.2
      0x7ffff7ec9000     0x7ffff7eca000     0x1000     0x2000  r--p   /usr/lib/x86_64-linux-gnu/libdl.so.2
      0x7ffff7eca000     0x7ffff7ecb000     0x1000     0x2000  r--p   /usr/lib/x86_64-linux-gnu/libdl.so.2
      0x7ffff7ecb000     0x7ffff7ecc000     0x1000     0x3000  rw-p   /usr/lib/x86_64-linux-gnu/libdl.so.2
      0x7ffff7ecc000     0x7ffff7eda000     0xe000        0x0  r--p   /usr/lib/x86_64-linux-gnu/libm.so.6
      0x7ffff7eda000     0x7ffff7f56000    0x7c000     0xe000  r-xp   /usr/lib/x86_64-linux-gnu/libm.so.6
      0x7ffff7f56000     0x7ffff7fb1000    0x5b000    0x8a000  r--p   /usr/lib/x86_64-linux-gnu/libm.so.6
      0x7ffff7fb1000     0x7ffff7fb2000     0x1000    0xe4000  r--p   /usr/lib/x86_64-linux-gnu/libm.so.6
      0x7ffff7fb2000     0x7ffff7fb3000     0x1000    0xe5000  rw-p   /usr/lib/x86_64-linux-gnu/libm.so.6
      0x7ffff7fb3000     0x7ffff7fb4000     0x1000        0x0  rw-s   /dev/zero (deleted)
      0x7ffff7fb4000     0x7ffff7fb5000     0x1000        0x0  rw-s   /dev/zero (deleted)
      0x7ffff7fb5000     0x7ffff7fb6000     0x1000        0x0  rw-s   /dev/zero (deleted)
      0x7ffff7fb6000     0x7ffff7fb7000     0x1000        0x0  rw-s   /dev/zero (deleted)
      0x7ffff7fb7000     0x7ffff7fb8000     0x1000        0x0  rw-s   /dev/zero (deleted)
      0x7ffff7fb8000     0x7ffff7fb9000     0x1000        0x0  rw-s   /dev/zero (deleted)
      0x7ffff7fb9000     0x7ffff7fba000     0x1000        0x0  rw-s   /dev/zero (deleted)
      0x7ffff7fba000     0x7ffff7fbb000     0x1000        0x0  rw-s   /dev/zero (deleted)
      0x7ffff7fbb000     0x7ffff7fbd000     0x2000        0x0  rw-p   
      0x7ffff7fbd000     0x7ffff7fc1000     0x4000        0x0  r--p   [vvar]
      0x7ffff7fc1000     0x7ffff7fc3000     0x2000        0x0  r-xp   [vdso]
      0x7ffff7fc3000     0x7ffff7fc5000     0x2000        0x0  r--p   /usr/lib/x86_64-linux-gnu/ld-linux-x86-64.so.2
      0x7ffff7fc5000     0x7ffff7fef000    0x2a000     0x2000  r-xp   /usr/lib/x86_64-linux-gnu/ld-linux-x86-64.so.2
      0x7ffff7fef000     0x7ffff7ffa000     0xb000    0x2c000  r--p   /usr/lib/x86_64-linux-gnu/ld-linux-x86-64.so.2
      0x7ffff7ffa000     0x7ffff7ffb000     0x1000        0x0  rw-s   /dev/zero (deleted)
      0x7ffff7ffb000     0x7ffff7ffd000     0x2000    0x37000  r--p   /usr/lib/x86_64-linux-gnu/ld-linux-x86-64.so.2
      0x7ffff7ffd000     0x7ffff7fff000     0x2000    0x39000  rw-p   /usr/lib/x86_64-linux-gnu/ld-linux-x86-64.so.2
      0x7ffffffde000     0x7ffffffff000    0x21000        0x0  rw-p   [stack]
  0xffffffffff600000 0xffffffffff601000     0x1000        0x0  --xp   [vsyscall]
cuInit
cuDeviceGet
cuCtxCreate
Done
[Thread 0x7ffdf095d000 (LWP 16924) exited]
[Thread 0x7ffdf115e000 (LWP 16923) exited]
[Inferior 1 (process 16917) exited normally]
[1m[33m[*][0m No debugging session active
